CRITICAL - 2022-02-23 03:11:40 --> Undefined array key "dr_id"
#0 F:\Learn PHP\Tools\XAMPP\htdocs\onlineExamSystem\app\Controllers\Doctor.php(208): CodeIgniter\Debug\Exceptions->errorHandler(2, 'Undefined array...', 'F:\\Learn PHP\\To...', 208)
#1 F:\Learn PHP\Tools\XAMPP\htdocs\onlineExamSystem\system\CodeIgniter.php(824): App\Controllers\Doctor->exam()
#2 F:\Learn PHP\Tools\XAMPP\htdocs\onlineExamSystem\system\CodeIgniter.php(410): CodeIgniter\CodeIgniter->runController(Object(App\Controllers\Doctor))
#3 F:\Learn PHP\Tools\XAMPP\htdocs\onlineExamSystem\system\CodeIgniter.php(318): CodeIgniter\CodeIgniter->handleRequest(NULL, Object(Config\Cache), false)
#4 F:\Learn PHP\Tools\XAMPP\htdocs\onlineExamSystem\public\index.php(37): CodeIgniter\CodeIgniter->run()
#5 F:\Learn PHP\Tools\XAMPP\htdocs\onlineExamSystem\system\Commands\Server\rewrite.php(43): require_once('F:\\Learn PHP\\To...')
#6 {main}
CRITICAL - 2022-02-23 03:20:08 --> Undefined array key "dr_id"
#0 F:\Learn PHP\Tools\XAMPP\htdocs\onlineExamSystem\app\Controllers\Doctor.php(208): CodeIgniter\Debug\Exceptions->errorHandler(2, 'Undefined array...', 'F:\\Learn PHP\\To...', 208)
#1 F:\Learn PHP\Tools\XAMPP\htdocs\onlineExamSystem\system\CodeIgniter.php(824): App\Controllers\Doctor->exam()
#2 F:\Learn PHP\Tools\XAMPP\htdocs\onlineExamSystem\system\CodeIgniter.php(410): CodeIgniter\CodeIgniter->runController(Object(App\Controllers\Doctor))
#3 F:\Learn PHP\Tools\XAMPP\htdocs\onlineExamSystem\system\CodeIgniter.php(318): CodeIgniter\CodeIgniter->handleRequest(NULL, Object(Config\Cache), false)
#4 F:\Learn PHP\Tools\XAMPP\htdocs\onlineExamSystem\public\index.php(37): CodeIgniter\CodeIgniter->run()
#5 F:\Learn PHP\Tools\XAMPP\htdocs\onlineExamSystem\system\Commands\Server\rewrite.php(43): require_once('F:\\Learn PHP\\To...')
#6 {main}
CRITICAL - 2022-02-23 03:39:07 --> Undefined variable $_SESSION
#0 F:\Learn PHP\Tools\XAMPP\htdocs\onlineExamSystem\app\Filters\Auth.php(13): CodeIgniter\Debug\Exceptions->errorHandler(2, 'Undefined varia...', 'F:\\Learn PHP\\To...', 13)
#1 F:\Learn PHP\Tools\XAMPP\htdocs\onlineExamSystem\system\Filters\Filters.php(173): App\Filters\Auth->before(Object(CodeIgniter\HTTP\IncomingRequest), NULL)
#2 F:\Learn PHP\Tools\XAMPP\htdocs\onlineExamSystem\system\CodeIgniter.php(384): CodeIgniter\Filters\Filters->run('Doctor/exam', 'before')
#3 F:\Learn PHP\Tools\XAMPP\htdocs\onlineExamSystem\system\CodeIgniter.php(318): CodeIgniter\CodeIgniter->handleRequest(NULL, Object(Config\Cache), false)
#4 F:\Learn PHP\Tools\XAMPP\htdocs\onlineExamSystem\public\index.php(37): CodeIgniter\CodeIgniter->run()
#5 F:\Learn PHP\Tools\XAMPP\htdocs\onlineExamSystem\system\Commands\Server\rewrite.php(43): require_once('F:\\Learn PHP\\To...')
#6 {main}
CRITICAL - 2022-02-23 03:40:08 --> Undefined variable $_SESSION
#0 F:\Learn PHP\Tools\XAMPP\htdocs\onlineExamSystem\app\Filters\Auth.php(13): CodeIgniter\Debug\Exceptions->errorHandler(2, 'Undefined varia...', 'F:\\Learn PHP\\To...', 13)
#1 F:\Learn PHP\Tools\XAMPP\htdocs\onlineExamSystem\system\Filters\Filters.php(173): App\Filters\Auth->before(Object(CodeIgniter\HTTP\IncomingRequest), NULL)
#2 F:\Learn PHP\Tools\XAMPP\htdocs\onlineExamSystem\system\CodeIgniter.php(384): CodeIgniter\Filters\Filters->run('Doctor/exam', 'before')
#3 F:\Learn PHP\Tools\XAMPP\htdocs\onlineExamSystem\system\CodeIgniter.php(318): CodeIgniter\CodeIgniter->handleRequest(NULL, Object(Config\Cache), false)
#4 F:\Learn PHP\Tools\XAMPP\htdocs\onlineExamSystem\public\index.php(37): CodeIgniter\CodeIgniter->run()
#5 F:\Learn PHP\Tools\XAMPP\htdocs\onlineExamSystem\system\Commands\Server\rewrite.php(43): require_once('F:\\Learn PHP\\To...')
#6 {main}
CRITICAL - 2022-02-23 03:40:09 --> Undefined variable $_SESSION
#0 F:\Learn PHP\Tools\XAMPP\htdocs\onlineExamSystem\app\Filters\Auth.php(13): CodeIgniter\Debug\Exceptions->errorHandler(2, 'Undefined varia...', 'F:\\Learn PHP\\To...', 13)
#1 F:\Learn PHP\Tools\XAMPP\htdocs\onlineExamSystem\system\Filters\Filters.php(173): App\Filters\Auth->before(Object(CodeIgniter\HTTP\IncomingRequest), NULL)
#2 F:\Learn PHP\Tools\XAMPP\htdocs\onlineExamSystem\system\CodeIgniter.php(384): CodeIgniter\Filters\Filters->run('Doctor/exam', 'before')
#3 F:\Learn PHP\Tools\XAMPP\htdocs\onlineExamSystem\system\CodeIgniter.php(318): CodeIgniter\CodeIgniter->handleRequest(NULL, Object(Config\Cache), false)
#4 F:\Learn PHP\Tools\XAMPP\htdocs\onlineExamSystem\public\index.php(37): CodeIgniter\CodeIgniter->run()
#5 F:\Learn PHP\Tools\XAMPP\htdocs\onlineExamSystem\system\Commands\Server\rewrite.php(43): require_once('F:\\Learn PHP\\To...')
#6 {main}
CRITICAL - 2022-02-23 03:41:10 --> Call to undefined function App\Filters\session_get()
#0 F:\Learn PHP\Tools\XAMPP\htdocs\onlineExamSystem\system\Filters\Filters.php(173): App\Filters\Auth->before(Object(CodeIgniter\HTTP\IncomingRequest), NULL)
#1 F:\Learn PHP\Tools\XAMPP\htdocs\onlineExamSystem\system\CodeIgniter.php(384): CodeIgniter\Filters\Filters->run('Doctor/exam', 'before')
#2 F:\Learn PHP\Tools\XAMPP\htdocs\onlineExamSystem\system\CodeIgniter.php(318): CodeIgniter\CodeIgniter->handleRequest(NULL, Object(Config\Cache), false)
#3 F:\Learn PHP\Tools\XAMPP\htdocs\onlineExamSystem\public\index.php(37): CodeIgniter\CodeIgniter->run()
#4 F:\Learn PHP\Tools\XAMPP\htdocs\onlineExamSystem\system\Commands\Server\rewrite.php(43): require_once('F:\\Learn PHP\\To...')
#5 {main}
CRITICAL - 2022-02-23 03:41:47 --> syntax error, unexpected variable "$_SESSION", expecting "function" or "const"
#0 F:\Learn PHP\Tools\XAMPP\htdocs\onlineExamSystem\system\Autoloader\Autoloader.php(241): CodeIgniter\Autoloader\Autoloader->includeFile('F:\\Learn PHP\\To...')
#1 F:\Learn PHP\Tools\XAMPP\htdocs\onlineExamSystem\system\Autoloader\Autoloader.php(219): CodeIgniter\Autoloader\Autoloader->loadInNamespace('App\\Controllers...')
#2 [internal function]: CodeIgniter\Autoloader\Autoloader->loadClass('App\\Controllers...')
#3 F:\Learn PHP\Tools\XAMPP\htdocs\onlineExamSystem\system\CodeIgniter.php(789): class_exists('\\App\\Controller...', true)
#4 F:\Learn PHP\Tools\XAMPP\htdocs\onlineExamSystem\system\CodeIgniter.php(397): CodeIgniter\CodeIgniter->startController()
#5 F:\Learn PHP\Tools\XAMPP\htdocs\onlineExamSystem\system\CodeIgniter.php(318): CodeIgniter\CodeIgniter->handleRequest(NULL, Object(Config\Cache), false)
#6 F:\Learn PHP\Tools\XAMPP\htdocs\onlineExamSystem\public\index.php(37): CodeIgniter\CodeIgniter->run()
#7 F:\Learn PHP\Tools\XAMPP\htdocs\onlineExamSystem\system\Commands\Server\rewrite.php(43): require_once('F:\\Learn PHP\\To...')
#8 {main}
CRITICAL - 2022-02-23 03:54:41 --> Object of class CodeIgniter\HTTP\RedirectResponse could not be converted to string
#0 F:\Learn PHP\Tools\XAMPP\htdocs\onlineExamSystem\system\CodeIgniter.php(824): App\Controllers\Login->index()
#1 F:\Learn PHP\Tools\XAMPP\htdocs\onlineExamSystem\system\CodeIgniter.php(410): CodeIgniter\CodeIgniter->runController(Object(App\Controllers\Login))
#2 F:\Learn PHP\Tools\XAMPP\htdocs\onlineExamSystem\system\CodeIgniter.php(318): CodeIgniter\CodeIgniter->handleRequest(NULL, Object(Config\Cache), false)
#3 F:\Learn PHP\Tools\XAMPP\htdocs\onlineExamSystem\public\index.php(37): CodeIgniter\CodeIgniter->run()
#4 F:\Learn PHP\Tools\XAMPP\htdocs\onlineExamSystem\system\Commands\Server\rewrite.php(43): require_once('F:\\Learn PHP\\To...')
#5 {main}
CRITICAL - 2022-02-23 03:56:33 --> syntax error, unexpected token "return"
#0 F:\Learn PHP\Tools\XAMPP\htdocs\onlineExamSystem\system\Autoloader\Autoloader.php(241): CodeIgniter\Autoloader\Autoloader->includeFile('F:\\Learn PHP\\To...')
#1 F:\Learn PHP\Tools\XAMPP\htdocs\onlineExamSystem\system\Autoloader\Autoloader.php(219): CodeIgniter\Autoloader\Autoloader->loadInNamespace('App\\Controllers...')
#2 [internal function]: CodeIgniter\Autoloader\Autoloader->loadClass('App\\Controllers...')
#3 F:\Learn PHP\Tools\XAMPP\htdocs\onlineExamSystem\system\CodeIgniter.php(789): class_exists('\\App\\Controller...', true)
#4 F:\Learn PHP\Tools\XAMPP\htdocs\onlineExamSystem\system\CodeIgniter.php(397): CodeIgniter\CodeIgniter->startController()
#5 F:\Learn PHP\Tools\XAMPP\htdocs\onlineExamSystem\system\CodeIgniter.php(318): CodeIgniter\CodeIgniter->handleRequest(NULL, Object(Config\Cache), false)
#6 F:\Learn PHP\Tools\XAMPP\htdocs\onlineExamSystem\public\index.php(37): CodeIgniter\CodeIgniter->run()
#7 F:\Learn PHP\Tools\XAMPP\htdocs\onlineExamSystem\system\Commands\Server\rewrite.php(43): require_once('F:\\Learn PHP\\To...')
#8 {main}
CRITICAL - 2022-02-23 03:56:36 --> syntax error, unexpected token "return"
#0 F:\Learn PHP\Tools\XAMPP\htdocs\onlineExamSystem\system\Autoloader\Autoloader.php(241): CodeIgniter\Autoloader\Autoloader->includeFile('F:\\Learn PHP\\To...')
#1 F:\Learn PHP\Tools\XAMPP\htdocs\onlineExamSystem\system\Autoloader\Autoloader.php(219): CodeIgniter\Autoloader\Autoloader->loadInNamespace('App\\Controllers...')
#2 [internal function]: CodeIgniter\Autoloader\Autoloader->loadClass('App\\Controllers...')
#3 F:\Learn PHP\Tools\XAMPP\htdocs\onlineExamSystem\system\CodeIgniter.php(789): class_exists('\\App\\Controller...', true)
#4 F:\Learn PHP\Tools\XAMPP\htdocs\onlineExamSystem\system\CodeIgniter.php(397): CodeIgniter\CodeIgniter->startController()
#5 F:\Learn PHP\Tools\XAMPP\htdocs\onlineExamSystem\system\CodeIgniter.php(318): CodeIgniter\CodeIgniter->handleRequest(NULL, Object(Config\Cache), false)
#6 F:\Learn PHP\Tools\XAMPP\htdocs\onlineExamSystem\public\index.php(37): CodeIgniter\CodeIgniter->run()
#7 F:\Learn PHP\Tools\XAMPP\htdocs\onlineExamSystem\system\Commands\Server\rewrite.php(43): require_once('F:\\Learn PHP\\To...')
#8 {main}
CRITICAL - 2022-02-23 03:57:05 --> syntax error, unexpected token "}", expecting ";"
#0 F:\Learn PHP\Tools\XAMPP\htdocs\onlineExamSystem\system\Autoloader\Autoloader.php(241): CodeIgniter\Autoloader\Autoloader->includeFile('F:\\Learn PHP\\To...')
#1 F:\Learn PHP\Tools\XAMPP\htdocs\onlineExamSystem\system\Autoloader\Autoloader.php(219): CodeIgniter\Autoloader\Autoloader->loadInNamespace('App\\Controllers...')
#2 [internal function]: CodeIgniter\Autoloader\Autoloader->loadClass('App\\Controllers...')
#3 F:\Learn PHP\Tools\XAMPP\htdocs\onlineExamSystem\system\CodeIgniter.php(789): class_exists('\\App\\Controller...', true)
#4 F:\Learn PHP\Tools\XAMPP\htdocs\onlineExamSystem\system\CodeIgniter.php(397): CodeIgniter\CodeIgniter->startController()
#5 F:\Learn PHP\Tools\XAMPP\htdocs\onlineExamSystem\system\CodeIgniter.php(318): CodeIgniter\CodeIgniter->handleRequest(NULL, Object(Config\Cache), false)
#6 F:\Learn PHP\Tools\XAMPP\htdocs\onlineExamSystem\public\index.php(37): CodeIgniter\CodeIgniter->run()
#7 F:\Learn PHP\Tools\XAMPP\htdocs\onlineExamSystem\system\Commands\Server\rewrite.php(43): require_once('F:\\Learn PHP\\To...')
#8 {main}
CRITICAL - 2022-02-23 04:37:42 --> Undefined array key "footer"
#0 F:\Learn PHP\Tools\XAMPP\htdocs\onlineExamSystem\app\Controllers\Login.php(59): CodeIgniter\Debug\Exceptions->errorHandler(2, 'Undefined array...', 'F:\\Learn PHP\\To...', 59)
#1 F:\Learn PHP\Tools\XAMPP\htdocs\onlineExamSystem\system\CodeIgniter.php(824): App\Controllers\Login->index()
#2 F:\Learn PHP\Tools\XAMPP\htdocs\onlineExamSystem\system\CodeIgniter.php(410): CodeIgniter\CodeIgniter->runController(Object(App\Controllers\Login))
#3 F:\Learn PHP\Tools\XAMPP\htdocs\onlineExamSystem\system\CodeIgniter.php(318): CodeIgniter\CodeIgniter->handleRequest(NULL, Object(Config\Cache), false)
#4 F:\Learn PHP\Tools\XAMPP\htdocs\onlineExamSystem\public\index.php(37): CodeIgniter\CodeIgniter->run()
#5 F:\Learn PHP\Tools\XAMPP\htdocs\onlineExamSystem\system\Commands\Server\rewrite.php(43): require_once('F:\\Learn PHP\\To...')
#6 {main}
CRITICAL - 2022-02-23 04:39:23 --> Undefined variable $footer
#0 F:\Learn PHP\Tools\XAMPP\htdocs\onlineExamSystem\app\Controllers\Login.php(59): CodeIgniter\Debug\Exceptions->errorHandler(2, 'Undefined varia...', 'F:\\Learn PHP\\To...', 59)
#1 F:\Learn PHP\Tools\XAMPP\htdocs\onlineExamSystem\system\CodeIgniter.php(824): App\Controllers\Login->index()
#2 F:\Learn PHP\Tools\XAMPP\htdocs\onlineExamSystem\system\CodeIgniter.php(410): CodeIgniter\CodeIgniter->runController(Object(App\Controllers\Login))
#3 F:\Learn PHP\Tools\XAMPP\htdocs\onlineExamSystem\system\CodeIgniter.php(318): CodeIgniter\CodeIgniter->handleRequest(NULL, Object(Config\Cache), false)
#4 F:\Learn PHP\Tools\XAMPP\htdocs\onlineExamSystem\public\index.php(37): CodeIgniter\CodeIgniter->run()
#5 F:\Learn PHP\Tools\XAMPP\htdocs\onlineExamSystem\system\Commands\Server\rewrite.php(43): require_once('F:\\Learn PHP\\To...')
#6 {main}
CRITICAL - 2022-02-23 04:50:01 --> Undefined constant "App\Controllers\MY_FOOTER"
#0 F:\Learn PHP\Tools\XAMPP\htdocs\onlineExamSystem\system\CodeIgniter.php(824): App\Controllers\Login->index()
#1 F:\Learn PHP\Tools\XAMPP\htdocs\onlineExamSystem\system\CodeIgniter.php(410): CodeIgniter\CodeIgniter->runController(Object(App\Controllers\Login))
#2 F:\Learn PHP\Tools\XAMPP\htdocs\onlineExamSystem\system\CodeIgniter.php(318): CodeIgniter\CodeIgniter->handleRequest(NULL, Object(Config\Cache), false)
#3 F:\Learn PHP\Tools\XAMPP\htdocs\onlineExamSystem\public\index.php(37): CodeIgniter\CodeIgniter->run()
#4 F:\Learn PHP\Tools\XAMPP\htdocs\onlineExamSystem\system\Commands\Server\rewrite.php(43): require_once('F:\\Learn PHP\\To...')
#5 {main}
CRITICAL - 2022-02-23 05:14:07 --> Invalid file: doctor/coursesView.php
#0 F:\Learn PHP\Tools\XAMPP\htdocs\onlineExamSystem\system\View\View.php(198): CodeIgniter\Exceptions\FrameworkException::forInvalidFile('doctor/coursesV...')
#1 F:\Learn PHP\Tools\XAMPP\htdocs\onlineExamSystem\system\Common.php(1097): CodeIgniter\View\View->render('doctor/coursesV...', Array, true)
#2 F:\Learn PHP\Tools\XAMPP\htdocs\onlineExamSystem\app\Controllers\Doctor.php(24): view('doctor/coursesV...', Array)
#3 F:\Learn PHP\Tools\XAMPP\htdocs\onlineExamSystem\system\CodeIgniter.php(824): App\Controllers\Doctor->courses()
#4 F:\Learn PHP\Tools\XAMPP\htdocs\onlineExamSystem\system\CodeIgniter.php(410): CodeIgniter\CodeIgniter->runController(Object(App\Controllers\Doctor))
#5 F:\Learn PHP\Tools\XAMPP\htdocs\onlineExamSystem\system\CodeIgniter.php(318): CodeIgniter\CodeIgniter->handleRequest(NULL, Object(Config\Cache), false)
#6 F:\Learn PHP\Tools\XAMPP\htdocs\onlineExamSystem\public\index.php(37): CodeIgniter\CodeIgniter->run()
#7 F:\Learn PHP\Tools\XAMPP\htdocs\onlineExamSystem\system\Commands\Server\rewrite.php(43): require_once('F:\\Learn PHP\\To...')
#8 {main}
CRITICAL - 2022-02-23 05:14:10 --> Invalid file: doctor/coursesView.php
#0 F:\Learn PHP\Tools\XAMPP\htdocs\onlineExamSystem\system\View\View.php(198): CodeIgniter\Exceptions\FrameworkException::forInvalidFile('doctor/coursesV...')
#1 F:\Learn PHP\Tools\XAMPP\htdocs\onlineExamSystem\system\Common.php(1097): CodeIgniter\View\View->render('doctor/coursesV...', Array, true)
#2 F:\Learn PHP\Tools\XAMPP\htdocs\onlineExamSystem\app\Controllers\Doctor.php(24): view('doctor/coursesV...', Array)
#3 F:\Learn PHP\Tools\XAMPP\htdocs\onlineExamSystem\system\CodeIgniter.php(824): App\Controllers\Doctor->courses()
#4 F:\Learn PHP\Tools\XAMPP\htdocs\onlineExamSystem\system\CodeIgniter.php(410): CodeIgniter\CodeIgniter->runController(Object(App\Controllers\Doctor))
#5 F:\Learn PHP\Tools\XAMPP\htdocs\onlineExamSystem\system\CodeIgniter.php(318): CodeIgniter\CodeIgniter->handleRequest(NULL, Object(Config\Cache), false)
#6 F:\Learn PHP\Tools\XAMPP\htdocs\onlineExamSystem\public\index.php(37): CodeIgniter\CodeIgniter->run()
#7 F:\Learn PHP\Tools\XAMPP\htdocs\onlineExamSystem\system\Commands\Server\rewrite.php(43): require_once('F:\\Learn PHP\\To...')
#8 {main}
CRITICAL - 2022-02-23 05:18:47 --> session_destroy(): Trying to destroy uninitialized session
#0 [internal function]: CodeIgniter\Debug\Exceptions->errorHandler(2, 'session_destroy...', 'F:\\Learn PHP\\To...', 22)
#1 F:\Learn PHP\Tools\XAMPP\htdocs\onlineExamSystem\app\Controllers\Login.php(22): session_destroy()
#2 F:\Learn PHP\Tools\XAMPP\htdocs\onlineExamSystem\system\CodeIgniter.php(801): App\Controllers\Login->__construct()
#3 F:\Learn PHP\Tools\XAMPP\htdocs\onlineExamSystem\system\CodeIgniter.php(401): CodeIgniter\CodeIgniter->createController()
#4 F:\Learn PHP\Tools\XAMPP\htdocs\onlineExamSystem\system\CodeIgniter.php(318): CodeIgniter\CodeIgniter->handleRequest(NULL, Object(Config\Cache), false)
#5 F:\Learn PHP\Tools\XAMPP\htdocs\onlineExamSystem\public\index.php(37): CodeIgniter\CodeIgniter->run()
#6 F:\Learn PHP\Tools\XAMPP\htdocs\onlineExamSystem\system\Commands\Server\rewrite.php(43): require_once('F:\\Learn PHP\\To...')
#7 {main}
CRITICAL - 2022-02-23 05:39:12 --> Object of class CodeIgniter\Database\MySQLi\Result could not be converted to string
#0 F:\Learn PHP\Tools\XAMPP\htdocs\onlineExamSystem\system\View\View.php(214): include()
#1 F:\Learn PHP\Tools\XAMPP\htdocs\onlineExamSystem\system\View\View.php(217): CodeIgniter\View\View->CodeIgniter\View\{closure}()
#2 F:\Learn PHP\Tools\XAMPP\htdocs\onlineExamSystem\system\Common.php(1097): CodeIgniter\View\View->render('doctor/exam/sho...', Array, true)
#3 F:\Learn PHP\Tools\XAMPP\htdocs\onlineExamSystem\app\Controllers\Doctor.php(217): view('doctor/exam/sho...')
#4 F:\Learn PHP\Tools\XAMPP\htdocs\onlineExamSystem\system\CodeIgniter.php(824): App\Controllers\Doctor->exam()
#5 F:\Learn PHP\Tools\XAMPP\htdocs\onlineExamSystem\system\CodeIgniter.php(410): CodeIgniter\CodeIgniter->runController(Object(App\Controllers\Doctor))
#6 F:\Learn PHP\Tools\XAMPP\htdocs\onlineExamSystem\system\CodeIgniter.php(318): CodeIgniter\CodeIgniter->handleRequest(NULL, Object(Config\Cache), false)
#7 F:\Learn PHP\Tools\XAMPP\htdocs\onlineExamSystem\public\index.php(37): CodeIgniter\CodeIgniter->run()
#8 F:\Learn PHP\Tools\XAMPP\htdocs\onlineExamSystem\system\Commands\Server\rewrite.php(43): require_once('F:\\Learn PHP\\To...')
#9 {main}
CRITICAL - 2022-02-23 05:39:52 --> syntax error, unexpected token ";"
#0 F:\Learn PHP\Tools\XAMPP\htdocs\onlineExamSystem\system\View\View.php(217): CodeIgniter\View\View->CodeIgniter\View\{closure}()
#1 F:\Learn PHP\Tools\XAMPP\htdocs\onlineExamSystem\system\Common.php(1097): CodeIgniter\View\View->render('doctor/exam/sho...', Array, true)
#2 F:\Learn PHP\Tools\XAMPP\htdocs\onlineExamSystem\app\Controllers\Doctor.php(219): view('doctor/exam/sho...')
#3 F:\Learn PHP\Tools\XAMPP\htdocs\onlineExamSystem\system\CodeIgniter.php(824): App\Controllers\Doctor->exam()
#4 F:\Learn PHP\Tools\XAMPP\htdocs\onlineExamSystem\system\CodeIgniter.php(410): CodeIgniter\CodeIgniter->runController(Object(App\Controllers\Doctor))
#5 F:\Learn PHP\Tools\XAMPP\htdocs\onlineExamSystem\system\CodeIgniter.php(318): CodeIgniter\CodeIgniter->handleRequest(NULL, Object(Config\Cache), false)
#6 F:\Learn PHP\Tools\XAMPP\htdocs\onlineExamSystem\public\index.php(37): CodeIgniter\CodeIgniter->run()
#7 F:\Learn PHP\Tools\XAMPP\htdocs\onlineExamSystem\system\Commands\Server\rewrite.php(43): require_once('F:\\Learn PHP\\To...')
#8 {main}
CRITICAL - 2022-02-23 05:40:06 --> Object of class CodeIgniter\Database\MySQLi\Result could not be converted to string
#0 F:\Learn PHP\Tools\XAMPP\htdocs\onlineExamSystem\system\CodeIgniter.php(824): App\Controllers\Doctor->exam()
#1 F:\Learn PHP\Tools\XAMPP\htdocs\onlineExamSystem\system\CodeIgniter.php(410): CodeIgniter\CodeIgniter->runController(Object(App\Controllers\Doctor))
#2 F:\Learn PHP\Tools\XAMPP\htdocs\onlineExamSystem\system\CodeIgniter.php(318): CodeIgniter\CodeIgniter->handleRequest(NULL, Object(Config\Cache), false)
#3 F:\Learn PHP\Tools\XAMPP\htdocs\onlineExamSystem\public\index.php(37): CodeIgniter\CodeIgniter->run()
#4 F:\Learn PHP\Tools\XAMPP\htdocs\onlineExamSystem\system\Commands\Server\rewrite.php(43): require_once('F:\\Learn PHP\\To...')
#5 {main}
CRITICAL - 2022-02-23 05:42:20 --> Undefined variable $resutl
#0 F:\Learn PHP\Tools\XAMPP\htdocs\onlineExamSystem\app\Models\DoctorModel.php(62): CodeIgniter\Debug\Exceptions->errorHandler(2, 'Undefined varia...', 'F:\\Learn PHP\\To...', 62)
#1 F:\Learn PHP\Tools\XAMPP\htdocs\onlineExamSystem\app\Controllers\Doctor.php(201): App\Models\DoctorModel->getCourseTitleWithId('1')
#2 F:\Learn PHP\Tools\XAMPP\htdocs\onlineExamSystem\system\CodeIgniter.php(824): App\Controllers\Doctor->exam()
#3 F:\Learn PHP\Tools\XAMPP\htdocs\onlineExamSystem\system\CodeIgniter.php(410): CodeIgniter\CodeIgniter->runController(Object(App\Controllers\Doctor))
#4 F:\Learn PHP\Tools\XAMPP\htdocs\onlineExamSystem\system\CodeIgniter.php(318): CodeIgniter\CodeIgniter->handleRequest(NULL, Object(Config\Cache), false)
#5 F:\Learn PHP\Tools\XAMPP\htdocs\onlineExamSystem\public\index.php(37): CodeIgniter\CodeIgniter->run()
#6 F:\Learn PHP\Tools\XAMPP\htdocs\onlineExamSystem\system\Commands\Server\rewrite.php(43): require_once('F:\\Learn PHP\\To...')
#7 {main}
CRITICAL - 2022-02-23 05:42:37 --> Undefined property: mysqli::$course_title
#0 F:\Learn PHP\Tools\XAMPP\htdocs\onlineExamSystem\app\Models\DoctorModel.php(63): CodeIgniter\Debug\Exceptions->errorHandler(2, 'Undefined prope...', 'F:\\Learn PHP\\To...', 63)
#1 F:\Learn PHP\Tools\XAMPP\htdocs\onlineExamSystem\app\Controllers\Doctor.php(201): App\Models\DoctorModel->getCourseTitleWithId('1')
#2 F:\Learn PHP\Tools\XAMPP\htdocs\onlineExamSystem\system\CodeIgniter.php(824): App\Controllers\Doctor->exam()
#3 F:\Learn PHP\Tools\XAMPP\htdocs\onlineExamSystem\system\CodeIgniter.php(410): CodeIgniter\CodeIgniter->runController(Object(App\Controllers\Doctor))
#4 F:\Learn PHP\Tools\XAMPP\htdocs\onlineExamSystem\system\CodeIgniter.php(318): CodeIgniter\CodeIgniter->handleRequest(NULL, Object(Config\Cache), false)
#5 F:\Learn PHP\Tools\XAMPP\htdocs\onlineExamSystem\public\index.php(37): CodeIgniter\CodeIgniter->run()
#6 F:\Learn PHP\Tools\XAMPP\htdocs\onlineExamSystem\system\Commands\Server\rewrite.php(43): require_once('F:\\Learn PHP\\To...')
#7 {main}
CRITICAL - 2022-02-23 06:00:14 --> Call to undefined function App\Controllers\getCoursesTest()
#0 F:\Learn PHP\Tools\XAMPP\htdocs\onlineExamSystem\system\CodeIgniter.php(824): App\Controllers\Doctor->courses()
#1 F:\Learn PHP\Tools\XAMPP\htdocs\onlineExamSystem\system\CodeIgniter.php(410): CodeIgniter\CodeIgniter->runController(Object(App\Controllers\Doctor))
#2 F:\Learn PHP\Tools\XAMPP\htdocs\onlineExamSystem\system\CodeIgniter.php(318): CodeIgniter\CodeIgniter->handleRequest(NULL, Object(Config\Cache), false)
#3 F:\Learn PHP\Tools\XAMPP\htdocs\onlineExamSystem\public\index.php(37): CodeIgniter\CodeIgniter->run()
#4 F:\Learn PHP\Tools\XAMPP\htdocs\onlineExamSystem\system\Commands\Server\rewrite.php(43): require_once('F:\\Learn PHP\\To...')
#5 {main}
ERROR - 2022-02-23 06:00:28 --> Illegal parameter data types int and row for operation '='
CRITICAL - 2022-02-23 06:00:28 --> Illegal parameter data types int and row for operation '='
#0 F:\Learn PHP\Tools\XAMPP\htdocs\onlineExamSystem\system\Database\MySQLi\Connection.php(292): mysqli->query('SELECT *\nFROM `...', 0)
#1 F:\Learn PHP\Tools\XAMPP\htdocs\onlineExamSystem\system\Database\BaseConnection.php(670): CodeIgniter\Database\MySQLi\Connection->execute('SELECT *\nFROM `...')
#2 F:\Learn PHP\Tools\XAMPP\htdocs\onlineExamSystem\system\Database\BaseConnection.php(598): CodeIgniter\Database\BaseConnection->simpleQuery('SELECT *\nFROM `...')
#3 F:\Learn PHP\Tools\XAMPP\htdocs\onlineExamSystem\system\Database\BaseBuilder.php(1443): CodeIgniter\Database\BaseConnection->query('SELECT *\nFROM `...', Array, false)
#4 F:\Learn PHP\Tools\XAMPP\htdocs\onlineExamSystem\app\Models\DoctorModel.php(58): CodeIgniter\Database\BaseBuilder->get()
#5 F:\Learn PHP\Tools\XAMPP\htdocs\onlineExamSystem\app\Controllers\Doctor.php(27): App\Models\DoctorModel->getCoursesTest('2')
#6 F:\Learn PHP\Tools\XAMPP\htdocs\onlineExamSystem\system\CodeIgniter.php(824): App\Controllers\Doctor->courses()
#7 F:\Learn PHP\Tools\XAMPP\htdocs\onlineExamSystem\system\CodeIgniter.php(410): CodeIgniter\CodeIgniter->runController(Object(App\Controllers\Doctor))
#8 F:\Learn PHP\Tools\XAMPP\htdocs\onlineExamSystem\system\CodeIgniter.php(318): CodeIgniter\CodeIgniter->handleRequest(NULL, Object(Config\Cache), false)
#9 F:\Learn PHP\Tools\XAMPP\htdocs\onlineExamSystem\public\index.php(37): CodeIgniter\CodeIgniter->run()
#10 F:\Learn PHP\Tools\XAMPP\htdocs\onlineExamSystem\system\Commands\Server\rewrite.php(43): require_once('F:\\Learn PHP\\To...')
#11 {main}
CRITICAL - 2022-02-23 06:01:53 --> syntax error, unexpected token "return"
#0 F:\Learn PHP\Tools\XAMPP\htdocs\onlineExamSystem\system\Autoloader\Autoloader.php(241): CodeIgniter\Autoloader\Autoloader->includeFile('F:\\Learn PHP\\To...')
#1 F:\Learn PHP\Tools\XAMPP\htdocs\onlineExamSystem\system\Autoloader\Autoloader.php(219): CodeIgniter\Autoloader\Autoloader->loadInNamespace('App\\Models\\Doct...')
#2 [internal function]: CodeIgniter\Autoloader\Autoloader->loadClass('App\\Models\\Doct...')
#3 F:\Learn PHP\Tools\XAMPP\htdocs\onlineExamSystem\system\Config\Factories.php(136): class_exists('App\\Models\\Doct...')
#4 F:\Learn PHP\Tools\XAMPP\htdocs\onlineExamSystem\system\Config\Factories.php(106): CodeIgniter\Config\Factories::locateClass(Array, 'App\\Controllers...')
#5 F:\Learn PHP\Tools\XAMPP\htdocs\onlineExamSystem\system\Common.php(783): CodeIgniter\Config\Factories::__callStatic('models', Array)
#6 F:\Learn PHP\Tools\XAMPP\htdocs\onlineExamSystem\app\Controllers\Doctor.php(12): model('App\\Controllers...')
#7 F:\Learn PHP\Tools\XAMPP\htdocs\onlineExamSystem\system\CodeIgniter.php(801): App\Controllers\Doctor->__construct()
#8 F:\Learn PHP\Tools\XAMPP\htdocs\onlineExamSystem\system\CodeIgniter.php(401): CodeIgniter\CodeIgniter->createController()
#9 F:\Learn PHP\Tools\XAMPP\htdocs\onlineExamSystem\system\CodeIgniter.php(318): CodeIgniter\CodeIgniter->handleRequest(NULL, Object(Config\Cache), false)
#10 F:\Learn PHP\Tools\XAMPP\htdocs\onlineExamSystem\public\index.php(37): CodeIgniter\CodeIgniter->run()
#11 F:\Learn PHP\Tools\XAMPP\htdocs\onlineExamSystem\system\Commands\Server\rewrite.php(43): require_once('F:\\Learn PHP\\To...')
#12 {main}
CRITICAL - 2022-02-23 06:02:08 --> Call to undefined method CodeIgniter\Database\MySQLi\Builder::getResult()
#0 F:\Learn PHP\Tools\XAMPP\htdocs\onlineExamSystem\app\Controllers\Doctor.php(27): App\Models\DoctorModel->getCoursesTest('2')
#1 F:\Learn PHP\Tools\XAMPP\htdocs\onlineExamSystem\system\CodeIgniter.php(824): App\Controllers\Doctor->courses()
#2 F:\Learn PHP\Tools\XAMPP\htdocs\onlineExamSystem\system\CodeIgniter.php(410): CodeIgniter\CodeIgniter->runController(Object(App\Controllers\Doctor))
#3 F:\Learn PHP\Tools\XAMPP\htdocs\onlineExamSystem\system\CodeIgniter.php(318): CodeIgniter\CodeIgniter->handleRequest(NULL, Object(Config\Cache), false)
#4 F:\Learn PHP\Tools\XAMPP\htdocs\onlineExamSystem\public\index.php(37): CodeIgniter\CodeIgniter->run()
#5 F:\Learn PHP\Tools\XAMPP\htdocs\onlineExamSystem\system\Commands\Server\rewrite.php(43): require_once('F:\\Learn PHP\\To...')
#6 {main}
ERROR - 2022-02-23 06:02:26 --> Illegal parameter data types int and row for operation '='
CRITICAL - 2022-02-23 06:02:26 --> Illegal parameter data types int and row for operation '='
#0 F:\Learn PHP\Tools\XAMPP\htdocs\onlineExamSystem\system\Database\MySQLi\Connection.php(292): mysqli->query('SELECT *\nFROM `...', 0)
#1 F:\Learn PHP\Tools\XAMPP\htdocs\onlineExamSystem\system\Database\BaseConnection.php(670): CodeIgniter\Database\MySQLi\Connection->execute('SELECT *\nFROM `...')
#2 F:\Learn PHP\Tools\XAMPP\htdocs\onlineExamSystem\system\Database\BaseConnection.php(598): CodeIgniter\Database\BaseConnection->simpleQuery('SELECT *\nFROM `...')
#3 F:\Learn PHP\Tools\XAMPP\htdocs\onlineExamSystem\system\Database\BaseBuilder.php(1443): CodeIgniter\Database\BaseConnection->query('SELECT *\nFROM `...', Array, false)
#4 F:\Learn PHP\Tools\XAMPP\htdocs\onlineExamSystem\app\Models\DoctorModel.php(60): CodeIgniter\Database\BaseBuilder->get()
#5 F:\Learn PHP\Tools\XAMPP\htdocs\onlineExamSystem\app\Controllers\Doctor.php(27): App\Models\DoctorModel->getCoursesTest('2')
#6 F:\Learn PHP\Tools\XAMPP\htdocs\onlineExamSystem\system\CodeIgniter.php(824): App\Controllers\Doctor->courses()
#7 F:\Learn PHP\Tools\XAMPP\htdocs\onlineExamSystem\system\CodeIgniter.php(410): CodeIgniter\CodeIgniter->runController(Object(App\Controllers\Doctor))
#8 F:\Learn PHP\Tools\XAMPP\htdocs\onlineExamSystem\system\CodeIgniter.php(318): CodeIgniter\CodeIgniter->handleRequest(NULL, Object(Config\Cache), false)
#9 F:\Learn PHP\Tools\XAMPP\htdocs\onlineExamSystem\public\index.php(37): CodeIgniter\CodeIgniter->run()
#10 F:\Learn PHP\Tools\XAMPP\htdocs\onlineExamSystem\system\Commands\Server\rewrite.php(43): require_once('F:\\Learn PHP\\To...')
#11 {main}
CRITICAL - 2022-02-23 06:05:15 --> Call to a member function getCourses() on null
#0 F:\Learn PHP\Tools\XAMPP\htdocs\onlineExamSystem\system\CodeIgniter.php(824): App\Controllers\Doctor->courses()
#1 F:\Learn PHP\Tools\XAMPP\htdocs\onlineExamSystem\system\CodeIgniter.php(410): CodeIgniter\CodeIgniter->runController(Object(App\Controllers\Doctor))
#2 F:\Learn PHP\Tools\XAMPP\htdocs\onlineExamSystem\system\CodeIgniter.php(318): CodeIgniter\CodeIgniter->handleRequest(NULL, Object(Config\Cache), false)
#3 F:\Learn PHP\Tools\XAMPP\htdocs\onlineExamSystem\public\index.php(37): CodeIgniter\CodeIgniter->run()
#4 F:\Learn PHP\Tools\XAMPP\htdocs\onlineExamSystem\system\Commands\Server\rewrite.php(43): require_once('F:\\Learn PHP\\To...')
#5 {main}
CRITICAL - 2022-02-23 06:19:33 --> Call to a member function getCourses() on null
#0 F:\Learn PHP\Tools\XAMPP\htdocs\onlineExamSystem\system\CodeIgniter.php(824): App\Controllers\Doctor->courses()
#1 F:\Learn PHP\Tools\XAMPP\htdocs\onlineExamSystem\system\CodeIgniter.php(410): CodeIgniter\CodeIgniter->runController(Object(App\Controllers\Doctor))
#2 F:\Learn PHP\Tools\XAMPP\htdocs\onlineExamSystem\system\CodeIgniter.php(318): CodeIgniter\CodeIgniter->handleRequest(NULL, Object(Config\Cache), false)
#3 F:\Learn PHP\Tools\XAMPP\htdocs\onlineExamSystem\public\index.php(37): CodeIgniter\CodeIgniter->run()
#4 F:\Learn PHP\Tools\XAMPP\htdocs\onlineExamSystem\system\Commands\Server\rewrite.php(43): require_once('F:\\Learn PHP\\To...')
#5 {main}
CRITICAL - 2022-02-23 06:24:23 --> Undefined variable $result
#0 F:\Learn PHP\Tools\XAMPP\htdocs\onlineExamSystem\app\Controllers\Doctor.php(30): CodeIgniter\Debug\Exceptions->errorHandler(2, 'Undefined varia...', 'F:\\Learn PHP\\To...', 30)
#1 F:\Learn PHP\Tools\XAMPP\htdocs\onlineExamSystem\system\CodeIgniter.php(824): App\Controllers\Doctor->courses()
#2 F:\Learn PHP\Tools\XAMPP\htdocs\onlineExamSystem\system\CodeIgniter.php(410): CodeIgniter\CodeIgniter->runController(Object(App\Controllers\Doctor))
#3 F:\Learn PHP\Tools\XAMPP\htdocs\onlineExamSystem\system\CodeIgniter.php(318): CodeIgniter\CodeIgniter->handleRequest(NULL, Object(Config\Cache), false)
#4 F:\Learn PHP\Tools\XAMPP\htdocs\onlineExamSystem\public\index.php(37): CodeIgniter\CodeIgniter->run()
#5 F:\Learn PHP\Tools\XAMPP\htdocs\onlineExamSystem\system\Commands\Server\rewrite.php(43): require_once('F:\\Learn PHP\\To...')
#6 {main}
CRITICAL - 2022-02-23 06:30:38 --> Cannot use [] for reading
#0 F:\Learn PHP\Tools\XAMPP\htdocs\onlineExamSystem\app\Controllers\Doctor.php(28): App\Models\DoctorModel->getCoursesTest('2')
#1 F:\Learn PHP\Tools\XAMPP\htdocs\onlineExamSystem\system\CodeIgniter.php(824): App\Controllers\Doctor->courses()
#2 F:\Learn PHP\Tools\XAMPP\htdocs\onlineExamSystem\system\CodeIgniter.php(410): CodeIgniter\CodeIgniter->runController(Object(App\Controllers\Doctor))
#3 F:\Learn PHP\Tools\XAMPP\htdocs\onlineExamSystem\system\CodeIgniter.php(318): CodeIgniter\CodeIgniter->handleRequest(NULL, Object(Config\Cache), false)
#4 F:\Learn PHP\Tools\XAMPP\htdocs\onlineExamSystem\public\index.php(37): CodeIgniter\CodeIgniter->run()
#5 F:\Learn PHP\Tools\XAMPP\htdocs\onlineExamSystem\system\Commands\Server\rewrite.php(43): require_once('F:\\Learn PHP\\To...')
#6 {main}
CRITICAL - 2022-02-23 06:30:50 --> Cannot use [] for reading
#0 F:\Learn PHP\Tools\XAMPP\htdocs\onlineExamSystem\app\Controllers\Doctor.php(28): App\Models\DoctorModel->getCoursesTest('2')
#1 F:\Learn PHP\Tools\XAMPP\htdocs\onlineExamSystem\system\CodeIgniter.php(824): App\Controllers\Doctor->courses()
#2 F:\Learn PHP\Tools\XAMPP\htdocs\onlineExamSystem\system\CodeIgniter.php(410): CodeIgniter\CodeIgniter->runController(Object(App\Controllers\Doctor))
#3 F:\Learn PHP\Tools\XAMPP\htdocs\onlineExamSystem\system\CodeIgniter.php(318): CodeIgniter\CodeIgniter->handleRequest(NULL, Object(Config\Cache), false)
#4 F:\Learn PHP\Tools\XAMPP\htdocs\onlineExamSystem\public\index.php(37): CodeIgniter\CodeIgniter->run()
#5 F:\Learn PHP\Tools\XAMPP\htdocs\onlineExamSystem\system\Commands\Server\rewrite.php(43): require_once('F:\\Learn PHP\\To...')
#6 {main}
CRITICAL - 2022-02-23 06:30:57 --> Cannot use object of type stdClass as array
#0 F:\Learn PHP\Tools\XAMPP\htdocs\onlineExamSystem\app\Controllers\Doctor.php(28): App\Models\DoctorModel->getCoursesTest('2')
#1 F:\Learn PHP\Tools\XAMPP\htdocs\onlineExamSystem\system\CodeIgniter.php(824): App\Controllers\Doctor->courses()
#2 F:\Learn PHP\Tools\XAMPP\htdocs\onlineExamSystem\system\CodeIgniter.php(410): CodeIgniter\CodeIgniter->runController(Object(App\Controllers\Doctor))
#3 F:\Learn PHP\Tools\XAMPP\htdocs\onlineExamSystem\system\CodeIgniter.php(318): CodeIgniter\CodeIgniter->handleRequest(NULL, Object(Config\Cache), false)
#4 F:\Learn PHP\Tools\XAMPP\htdocs\onlineExamSystem\public\index.php(37): CodeIgniter\CodeIgniter->run()
#5 F:\Learn PHP\Tools\XAMPP\htdocs\onlineExamSystem\system\Commands\Server\rewrite.php(43): require_once('F:\\Learn PHP\\To...')
#6 {main}
CRITICAL - 2022-02-23 06:31:49 --> Cannot use object of type stdClass as array
#0 F:\Learn PHP\Tools\XAMPP\htdocs\onlineExamSystem\app\Controllers\Doctor.php(28): App\Models\DoctorModel->getCoursesTest('2')
#1 F:\Learn PHP\Tools\XAMPP\htdocs\onlineExamSystem\system\CodeIgniter.php(824): App\Controllers\Doctor->courses()
#2 F:\Learn PHP\Tools\XAMPP\htdocs\onlineExamSystem\system\CodeIgniter.php(410): CodeIgniter\CodeIgniter->runController(Object(App\Controllers\Doctor))
#3 F:\Learn PHP\Tools\XAMPP\htdocs\onlineExamSystem\system\CodeIgniter.php(318): CodeIgniter\CodeIgniter->handleRequest(NULL, Object(Config\Cache), false)
#4 F:\Learn PHP\Tools\XAMPP\htdocs\onlineExamSystem\public\index.php(37): CodeIgniter\CodeIgniter->run()
#5 F:\Learn PHP\Tools\XAMPP\htdocs\onlineExamSystem\system\Commands\Server\rewrite.php(43): require_once('F:\\Learn PHP\\To...')
#6 {main}
CRITICAL - 2022-02-23 06:38:42 --> You must set the database table to be used with your query.
#0 F:\Learn PHP\Tools\XAMPP\htdocs\onlineExamSystem\system\Model.php(545): CodeIgniter\Database\BaseConnection->table(NULL)
#1 F:\Learn PHP\Tools\XAMPP\htdocs\onlineExamSystem\system\Model.php(717): CodeIgniter\Model->builder()
#2 F:\Learn PHP\Tools\XAMPP\htdocs\onlineExamSystem\app\Models\DoctorModel.php(56): CodeIgniter\Model->__call('get_course_doct...', Array)
#3 F:\Learn PHP\Tools\XAMPP\htdocs\onlineExamSystem\app\Controllers\Doctor.php(21): App\Models\DoctorModel->getCourses('2')
#4 F:\Learn PHP\Tools\XAMPP\htdocs\onlineExamSystem\system\CodeIgniter.php(824): App\Controllers\Doctor->courses()
#5 F:\Learn PHP\Tools\XAMPP\htdocs\onlineExamSystem\system\CodeIgniter.php(410): CodeIgniter\CodeIgniter->runController(Object(App\Controllers\Doctor))
#6 F:\Learn PHP\Tools\XAMPP\htdocs\onlineExamSystem\system\CodeIgniter.php(318): CodeIgniter\CodeIgniter->handleRequest(NULL, Object(Config\Cache), false)
#7 F:\Learn PHP\Tools\XAMPP\htdocs\onlineExamSystem\public\index.php(37): CodeIgniter\CodeIgniter->run()
#8 F:\Learn PHP\Tools\XAMPP\htdocs\onlineExamSystem\system\Commands\Server\rewrite.php(43): require_once('F:\\Learn PHP\\To...')
#9 {main}
CRITICAL - 2022-02-23 06:39:40 --> Call to undefined method App\Models\DoctorModel::get_course_doctor_test
#0 F:\Learn PHP\Tools\XAMPP\htdocs\onlineExamSystem\app\Models\DoctorModel.php(58): CodeIgniter\Model->__call('get_course_doct...', Array)
#1 F:\Learn PHP\Tools\XAMPP\htdocs\onlineExamSystem\app\Controllers\Doctor.php(21): App\Models\DoctorModel->getCourses('2')
#2 F:\Learn PHP\Tools\XAMPP\htdocs\onlineExamSystem\system\CodeIgniter.php(824): App\Controllers\Doctor->courses()
#3 F:\Learn PHP\Tools\XAMPP\htdocs\onlineExamSystem\system\CodeIgniter.php(410): CodeIgniter\CodeIgniter->runController(Object(App\Controllers\Doctor))
#4 F:\Learn PHP\Tools\XAMPP\htdocs\onlineExamSystem\system\CodeIgniter.php(318): CodeIgniter\CodeIgniter->handleRequest(NULL, Object(Config\Cache), false)
#5 F:\Learn PHP\Tools\XAMPP\htdocs\onlineExamSystem\public\index.php(37): CodeIgniter\CodeIgniter->run()
#6 F:\Learn PHP\Tools\XAMPP\htdocs\onlineExamSystem\system\Commands\Server\rewrite.php(43): require_once('F:\\Learn PHP\\To...')
#7 {main}
CRITICAL - 2022-02-23 06:40:07 --> Unmatched ')'
#0 F:\Learn PHP\Tools\XAMPP\htdocs\onlineExamSystem\system\View\View.php(217): CodeIgniter\View\View->CodeIgniter\View\{closure}()
#1 F:\Learn PHP\Tools\XAMPP\htdocs\onlineExamSystem\system\Common.php(1097): CodeIgniter\View\View->render('doctor/courses/...', Array, true)
#2 F:\Learn PHP\Tools\XAMPP\htdocs\onlineExamSystem\app\Controllers\Doctor.php(24): view('doctor/courses/...', Array)
#3 F:\Learn PHP\Tools\XAMPP\htdocs\onlineExamSystem\system\CodeIgniter.php(824): App\Controllers\Doctor->courses()
#4 F:\Learn PHP\Tools\XAMPP\htdocs\onlineExamSystem\system\CodeIgniter.php(410): CodeIgniter\CodeIgniter->runController(Object(App\Controllers\Doctor))
#5 F:\Learn PHP\Tools\XAMPP\htdocs\onlineExamSystem\system\CodeIgniter.php(318): CodeIgniter\CodeIgniter->handleRequest(NULL, Object(Config\Cache), false)
#6 F:\Learn PHP\Tools\XAMPP\htdocs\onlineExamSystem\public\index.php(37): CodeIgniter\CodeIgniter->run()
#7 F:\Learn PHP\Tools\XAMPP\htdocs\onlineExamSystem\system\Commands\Server\rewrite.php(43): require_once('F:\\Learn PHP\\To...')
#8 {main}
CRITICAL - 2022-02-23 06:40:21 --> Undefined variable $result
#0 F:\Learn PHP\Tools\XAMPP\htdocs\onlineExamSystem\app\Controllers\Doctor.php(30): CodeIgniter\Debug\Exceptions->errorHandler(2, 'Undefined varia...', 'F:\\Learn PHP\\To...', 30)
#1 F:\Learn PHP\Tools\XAMPP\htdocs\onlineExamSystem\system\CodeIgniter.php(824): App\Controllers\Doctor->courses()
#2 F:\Learn PHP\Tools\XAMPP\htdocs\onlineExamSystem\system\CodeIgniter.php(410): CodeIgniter\CodeIgniter->runController(Object(App\Controllers\Doctor))
#3 F:\Learn PHP\Tools\XAMPP\htdocs\onlineExamSystem\system\CodeIgniter.php(318): CodeIgniter\CodeIgniter->handleRequest(NULL, Object(Config\Cache), false)
#4 F:\Learn PHP\Tools\XAMPP\htdocs\onlineExamSystem\public\index.php(37): CodeIgniter\CodeIgniter->run()
#5 F:\Learn PHP\Tools\XAMPP\htdocs\onlineExamSystem\system\Commands\Server\rewrite.php(43): require_once('F:\\Learn PHP\\To...')
#6 {main}
CRITICAL - 2022-02-23 06:42:46 --> Attempt to read property "course_id" on string
#0 F:\Learn PHP\Tools\XAMPP\htdocs\onlineExamSystem\app\Views\doctor\exam\showExamView.php(18): CodeIgniter\Debug\Exceptions->errorHandler(2, 'Attempt to read...', 'F:\\Learn PHP\\To...', 18)
#1 F:\Learn PHP\Tools\XAMPP\htdocs\onlineExamSystem\system\View\View.php(214): include('F:\\Learn PHP\\To...')
#2 F:\Learn PHP\Tools\XAMPP\htdocs\onlineExamSystem\system\View\View.php(217): CodeIgniter\View\View->CodeIgniter\View\{closure}()
#3 F:\Learn PHP\Tools\XAMPP\htdocs\onlineExamSystem\system\Common.php(1097): CodeIgniter\View\View->render('doctor/exam/sho...', Array, true)
#4 F:\Learn PHP\Tools\XAMPP\htdocs\onlineExamSystem\app\Controllers\Doctor.php(217): view('doctor/exam/sho...')
#5 F:\Learn PHP\Tools\XAMPP\htdocs\onlineExamSystem\system\CodeIgniter.php(824): App\Controllers\Doctor->exam()
#6 F:\Learn PHP\Tools\XAMPP\htdocs\onlineExamSystem\system\CodeIgniter.php(410): CodeIgniter\CodeIgniter->runController(Object(App\Controllers\Doctor))
#7 F:\Learn PHP\Tools\XAMPP\htdocs\onlineExamSystem\system\CodeIgniter.php(318): CodeIgniter\CodeIgniter->handleRequest(NULL, Object(Config\Cache), false)
#8 F:\Learn PHP\Tools\XAMPP\htdocs\onlineExamSystem\public\index.php(37): CodeIgniter\CodeIgniter->run()
#9 F:\Learn PHP\Tools\XAMPP\htdocs\onlineExamSystem\system\Commands\Server\rewrite.php(43): require_once('F:\\Learn PHP\\To...')
#10 {main}
CRITICAL - 2022-02-23 07:44:15 --> Class "Time" not found
#0 F:\Learn PHP\Tools\XAMPP\htdocs\onlineExamSystem\system\View\View.php(214): include()
#1 F:\Learn PHP\Tools\XAMPP\htdocs\onlineExamSystem\system\View\View.php(217): CodeIgniter\View\View->CodeIgniter\View\{closure}()
#2 F:\Learn PHP\Tools\XAMPP\htdocs\onlineExamSystem\system\Common.php(1097): CodeIgniter\View\View->render('doctor/exam/exa...', Array, true)
#3 F:\Learn PHP\Tools\XAMPP\htdocs\onlineExamSystem\app\Controllers\Doctor.php(260): view('doctor/exam/exa...')
#4 F:\Learn PHP\Tools\XAMPP\htdocs\onlineExamSystem\system\CodeIgniter.php(824): App\Controllers\Doctor->examEdit()
#5 F:\Learn PHP\Tools\XAMPP\htdocs\onlineExamSystem\system\CodeIgniter.php(410): CodeIgniter\CodeIgniter->runController(Object(App\Controllers\Doctor))
#6 F:\Learn PHP\Tools\XAMPP\htdocs\onlineExamSystem\system\CodeIgniter.php(318): CodeIgniter\CodeIgniter->handleRequest(NULL, Object(Config\Cache), false)
#7 F:\Learn PHP\Tools\XAMPP\htdocs\onlineExamSystem\public\index.php(37): CodeIgniter\CodeIgniter->run()
#8 F:\Learn PHP\Tools\XAMPP\htdocs\onlineExamSystem\system\Commands\Server\rewrite.php(43): require_once('F:\\Learn PHP\\To...')
#9 {main}
CRITICAL - 2022-02-23 09:53:48 --> Undefined variable $student
#0 F:\Learn PHP\Tools\XAMPP\htdocs\onlineExamSystem\app\Controllers\Login.php(139): CodeIgniter\Debug\Exceptions->errorHandler(2, 'Undefined varia...', 'F:\\Learn PHP\\To...', 139)
#1 F:\Learn PHP\Tools\XAMPP\htdocs\onlineExamSystem\app\Controllers\Login.php(59): App\Controllers\Login->studentUser('wael@cs.mti.com', '123')
#2 F:\Learn PHP\Tools\XAMPP\htdocs\onlineExamSystem\system\CodeIgniter.php(824): App\Controllers\Login->index()
#3 F:\Learn PHP\Tools\XAMPP\htdocs\onlineExamSystem\system\CodeIgniter.php(410): CodeIgniter\CodeIgniter->runController(Object(App\Controllers\Login))
#4 F:\Learn PHP\Tools\XAMPP\htdocs\onlineExamSystem\system\CodeIgniter.php(318): CodeIgniter\CodeIgniter->handleRequest(NULL, Object(Config\Cache), false)
#5 F:\Learn PHP\Tools\XAMPP\htdocs\onlineExamSystem\public\index.php(37): CodeIgniter\CodeIgniter->run()
#6 F:\Learn PHP\Tools\XAMPP\htdocs\onlineExamSystem\system\Commands\Server\rewrite.php(43): require_once('F:\\Learn PHP\\To...')
#7 {main}
CRITICAL - 2022-02-23 09:56:09 --> Invalid file: welcome_message.php
#0 F:\Learn PHP\Tools\XAMPP\htdocs\onlineExamSystem\system\View\View.php(198): CodeIgniter\Exceptions\FrameworkException::forInvalidFile('welcome_message...')
#1 F:\Learn PHP\Tools\XAMPP\htdocs\onlineExamSystem\system\Common.php(1097): CodeIgniter\View\View->render('welcome_message', Array, true)
#2 F:\Learn PHP\Tools\XAMPP\htdocs\onlineExamSystem\app\Controllers\Student.php(18): view('welcome_message', Array)
#3 F:\Learn PHP\Tools\XAMPP\htdocs\onlineExamSystem\system\CodeIgniter.php(824): App\Controllers\Student->home()
#4 F:\Learn PHP\Tools\XAMPP\htdocs\onlineExamSystem\system\CodeIgniter.php(410): CodeIgniter\CodeIgniter->runController(Object(App\Controllers\Student))
#5 F:\Learn PHP\Tools\XAMPP\htdocs\onlineExamSystem\system\CodeIgniter.php(318): CodeIgniter\CodeIgniter->handleRequest(NULL, Object(Config\Cache), false)
#6 F:\Learn PHP\Tools\XAMPP\htdocs\onlineExamSystem\public\index.php(37): CodeIgniter\CodeIgniter->run()
#7 F:\Learn PHP\Tools\XAMPP\htdocs\onlineExamSystem\system\Commands\Server\rewrite.php(43): require_once('F:\\Learn PHP\\To...')
#8 {main}
CRITICAL - 2022-02-23 09:59:35 --> Class "App\Models\CourseModel" not found
#0 F:\Learn PHP\Tools\XAMPP\htdocs\onlineExamSystem\system\CodeIgniter.php(824): App\Controllers\Student->courses()
#1 F:\Learn PHP\Tools\XAMPP\htdocs\onlineExamSystem\system\CodeIgniter.php(410): CodeIgniter\CodeIgniter->runController(Object(App\Controllers\Student))
#2 F:\Learn PHP\Tools\XAMPP\htdocs\onlineExamSystem\system\CodeIgniter.php(318): CodeIgniter\CodeIgniter->handleRequest(NULL, Object(Config\Cache), false)
#3 F:\Learn PHP\Tools\XAMPP\htdocs\onlineExamSystem\public\index.php(37): CodeIgniter\CodeIgniter->run()
#4 F:\Learn PHP\Tools\XAMPP\htdocs\onlineExamSystem\system\Commands\Server\rewrite.php(43): require_once('F:\\Learn PHP\\To...')
#5 {main}
CRITICAL - 2022-02-23 10:24:22 --> You must set the database table to be used with your query.
#0 F:\Learn PHP\Tools\XAMPP\htdocs\onlineExamSystem\system\Model.php(545): CodeIgniter\Database\BaseConnection->table(NULL)
#1 F:\Learn PHP\Tools\XAMPP\htdocs\onlineExamSystem\system\Model.php(717): CodeIgniter\Model->builder()
#2 F:\Learn PHP\Tools\XAMPP\htdocs\onlineExamSystem\app\Controllers\Student.php(37): CodeIgniter\Model->__call('GetStuExams', Array)
#3 F:\Learn PHP\Tools\XAMPP\htdocs\onlineExamSystem\system\CodeIgniter.php(824): App\Controllers\Student->exams()
#4 F:\Learn PHP\Tools\XAMPP\htdocs\onlineExamSystem\system\CodeIgniter.php(410): CodeIgniter\CodeIgniter->runController(Object(App\Controllers\Student))
#5 F:\Learn PHP\Tools\XAMPP\htdocs\onlineExamSystem\system\CodeIgniter.php(318): CodeIgniter\CodeIgniter->handleRequest(NULL, Object(Config\Cache), false)
#6 F:\Learn PHP\Tools\XAMPP\htdocs\onlineExamSystem\public\index.php(37): CodeIgniter\CodeIgniter->run()
#7 F:\Learn PHP\Tools\XAMPP\htdocs\onlineExamSystem\system\Commands\Server\rewrite.php(43): require_once('F:\\Learn PHP\\To...')
#8 {main}
CRITICAL - 2022-02-23 10:36:30 --> You must set the database table to be used with your query.
#0 F:\Learn PHP\Tools\XAMPP\htdocs\onlineExamSystem\system\Model.php(545): CodeIgniter\Database\BaseConnection->table(NULL)
#1 F:\Learn PHP\Tools\XAMPP\htdocs\onlineExamSystem\system\Model.php(717): CodeIgniter\Model->builder()
#2 F:\Learn PHP\Tools\XAMPP\htdocs\onlineExamSystem\app\Controllers\Student.php(37): CodeIgniter\Model->__call('GetStuExams', Array)
#3 F:\Learn PHP\Tools\XAMPP\htdocs\onlineExamSystem\system\CodeIgniter.php(824): App\Controllers\Student->exams()
#4 F:\Learn PHP\Tools\XAMPP\htdocs\onlineExamSystem\system\CodeIgniter.php(410): CodeIgniter\CodeIgniter->runController(Object(App\Controllers\Student))
#5 F:\Learn PHP\Tools\XAMPP\htdocs\onlineExamSystem\system\CodeIgniter.php(318): CodeIgniter\CodeIgniter->handleRequest(NULL, Object(Config\Cache), false)
#6 F:\Learn PHP\Tools\XAMPP\htdocs\onlineExamSystem\public\index.php(37): CodeIgniter\CodeIgniter->run()
#7 F:\Learn PHP\Tools\XAMPP\htdocs\onlineExamSystem\system\Commands\Server\rewrite.php(43): require_once('F:\\Learn PHP\\To...')
#8 {main}
CRITICAL - 2022-02-23 10:36:54 --> You must set the database table to be used with your query.
#0 F:\Learn PHP\Tools\XAMPP\htdocs\onlineExamSystem\system\Model.php(545): CodeIgniter\Database\BaseConnection->table(NULL)
#1 F:\Learn PHP\Tools\XAMPP\htdocs\onlineExamSystem\system\Model.php(717): CodeIgniter\Model->builder()
#2 F:\Learn PHP\Tools\XAMPP\htdocs\onlineExamSystem\app\Controllers\Student.php(47): CodeIgniter\Model->__call('GetStuExams', Array)
#3 F:\Learn PHP\Tools\XAMPP\htdocs\onlineExamSystem\system\CodeIgniter.php(824): App\Controllers\Student->report()
#4 F:\Learn PHP\Tools\XAMPP\htdocs\onlineExamSystem\system\CodeIgniter.php(410): CodeIgniter\CodeIgniter->runController(Object(App\Controllers\Student))
#5 F:\Learn PHP\Tools\XAMPP\htdocs\onlineExamSystem\system\CodeIgniter.php(318): CodeIgniter\CodeIgniter->handleRequest(NULL, Object(Config\Cache), false)
#6 F:\Learn PHP\Tools\XAMPP\htdocs\onlineExamSystem\public\index.php(37): CodeIgniter\CodeIgniter->run()
#7 F:\Learn PHP\Tools\XAMPP\htdocs\onlineExamSystem\system\Commands\Server\rewrite.php(43): require_once('F:\\Learn PHP\\To...')
#8 {main}
CRITICAL - 2022-02-23 10:36:58 --> You must set the database table to be used with your query.
#0 F:\Learn PHP\Tools\XAMPP\htdocs\onlineExamSystem\system\Model.php(545): CodeIgniter\Database\BaseConnection->table(NULL)
#1 F:\Learn PHP\Tools\XAMPP\htdocs\onlineExamSystem\system\Model.php(717): CodeIgniter\Model->builder()
#2 F:\Learn PHP\Tools\XAMPP\htdocs\onlineExamSystem\app\Controllers\Student.php(47): CodeIgniter\Model->__call('GetStuExams', Array)
#3 F:\Learn PHP\Tools\XAMPP\htdocs\onlineExamSystem\system\CodeIgniter.php(824): App\Controllers\Student->report()
#4 F:\Learn PHP\Tools\XAMPP\htdocs\onlineExamSystem\system\CodeIgniter.php(410): CodeIgniter\CodeIgniter->runController(Object(App\Controllers\Student))
#5 F:\Learn PHP\Tools\XAMPP\htdocs\onlineExamSystem\system\CodeIgniter.php(318): CodeIgniter\CodeIgniter->handleRequest(NULL, Object(Config\Cache), false)
#6 F:\Learn PHP\Tools\XAMPP\htdocs\onlineExamSystem\public\index.php(37): CodeIgniter\CodeIgniter->run()
#7 F:\Learn PHP\Tools\XAMPP\htdocs\onlineExamSystem\system\Commands\Server\rewrite.php(43): require_once('F:\\Learn PHP\\To...')
#8 {main}
CRITICAL - 2022-02-23 10:37:42 --> You must set the database table to be used with your query.
#0 F:\Learn PHP\Tools\XAMPP\htdocs\onlineExamSystem\system\Model.php(545): CodeIgniter\Database\BaseConnection->table(NULL)
#1 F:\Learn PHP\Tools\XAMPP\htdocs\onlineExamSystem\system\Model.php(717): CodeIgniter\Model->builder()
#2 F:\Learn PHP\Tools\XAMPP\htdocs\onlineExamSystem\app\Controllers\Student.php(37): CodeIgniter\Model->__call('GetStuExams', Array)
#3 F:\Learn PHP\Tools\XAMPP\htdocs\onlineExamSystem\system\CodeIgniter.php(824): App\Controllers\Student->exams()
#4 F:\Learn PHP\Tools\XAMPP\htdocs\onlineExamSystem\system\CodeIgniter.php(410): CodeIgniter\CodeIgniter->runController(Object(App\Controllers\Student))
#5 F:\Learn PHP\Tools\XAMPP\htdocs\onlineExamSystem\system\CodeIgniter.php(318): CodeIgniter\CodeIgniter->handleRequest(NULL, Object(Config\Cache), false)
#6 F:\Learn PHP\Tools\XAMPP\htdocs\onlineExamSystem\public\index.php(37): CodeIgniter\CodeIgniter->run()
#7 F:\Learn PHP\Tools\XAMPP\htdocs\onlineExamSystem\system\Commands\Server\rewrite.php(43): require_once('F:\\Learn PHP\\To...')
#8 {main}
CRITICAL - 2022-02-23 10:53:41 --> You must set the database table to be used with your query.
#0 F:\Learn PHP\Tools\XAMPP\htdocs\onlineExamSystem\app\Models\ExamModel.php(209): CodeIgniter\Database\BaseConnection->table(NULL)
#1 F:\Learn PHP\Tools\XAMPP\htdocs\onlineExamSystem\app\Controllers\Student.php(37): App\Models\ExamModel->GetStuExams('3')
#2 F:\Learn PHP\Tools\XAMPP\htdocs\onlineExamSystem\system\CodeIgniter.php(824): App\Controllers\Student->exams()
#3 F:\Learn PHP\Tools\XAMPP\htdocs\onlineExamSystem\system\CodeIgniter.php(410): CodeIgniter\CodeIgniter->runController(Object(App\Controllers\Student))
#4 F:\Learn PHP\Tools\XAMPP\htdocs\onlineExamSystem\system\CodeIgniter.php(318): CodeIgniter\CodeIgniter->handleRequest(NULL, Object(Config\Cache), false)
#5 F:\Learn PHP\Tools\XAMPP\htdocs\onlineExamSystem\public\index.php(37): CodeIgniter\CodeIgniter->run()
#6 F:\Learn PHP\Tools\XAMPP\htdocs\onlineExamSystem\system\Commands\Server\rewrite.php(43): require_once('F:\\Learn PHP\\To...')
#7 {main}
CRITICAL - 2022-02-23 10:53:43 --> You must set the database table to be used with your query.
#0 F:\Learn PHP\Tools\XAMPP\htdocs\onlineExamSystem\app\Models\ExamModel.php(209): CodeIgniter\Database\BaseConnection->table(NULL)
#1 F:\Learn PHP\Tools\XAMPP\htdocs\onlineExamSystem\app\Controllers\Student.php(37): App\Models\ExamModel->GetStuExams('3')
#2 F:\Learn PHP\Tools\XAMPP\htdocs\onlineExamSystem\system\CodeIgniter.php(824): App\Controllers\Student->exams()
#3 F:\Learn PHP\Tools\XAMPP\htdocs\onlineExamSystem\system\CodeIgniter.php(410): CodeIgniter\CodeIgniter->runController(Object(App\Controllers\Student))
#4 F:\Learn PHP\Tools\XAMPP\htdocs\onlineExamSystem\system\CodeIgniter.php(318): CodeIgniter\CodeIgniter->handleRequest(NULL, Object(Config\Cache), false)
#5 F:\Learn PHP\Tools\XAMPP\htdocs\onlineExamSystem\public\index.php(37): CodeIgniter\CodeIgniter->run()
#6 F:\Learn PHP\Tools\XAMPP\htdocs\onlineExamSystem\system\Commands\Server\rewrite.php(43): require_once('F:\\Learn PHP\\To...')
#7 {main}
CRITICAL - 2022-02-23 10:53:46 --> You must set the database table to be used with your query.
#0 F:\Learn PHP\Tools\XAMPP\htdocs\onlineExamSystem\app\Models\ExamModel.php(209): CodeIgniter\Database\BaseConnection->table(NULL)
#1 F:\Learn PHP\Tools\XAMPP\htdocs\onlineExamSystem\app\Controllers\Student.php(37): App\Models\ExamModel->GetStuExams('3')
#2 F:\Learn PHP\Tools\XAMPP\htdocs\onlineExamSystem\system\CodeIgniter.php(824): App\Controllers\Student->exams()
#3 F:\Learn PHP\Tools\XAMPP\htdocs\onlineExamSystem\system\CodeIgniter.php(410): CodeIgniter\CodeIgniter->runController(Object(App\Controllers\Student))
#4 F:\Learn PHP\Tools\XAMPP\htdocs\onlineExamSystem\system\CodeIgniter.php(318): CodeIgniter\CodeIgniter->handleRequest(NULL, Object(Config\Cache), false)
#5 F:\Learn PHP\Tools\XAMPP\htdocs\onlineExamSystem\public\index.php(37): CodeIgniter\CodeIgniter->run()
#6 F:\Learn PHP\Tools\XAMPP\htdocs\onlineExamSystem\system\Commands\Server\rewrite.php(43): require_once('F:\\Learn PHP\\To...')
#7 {main}
CRITICAL - 2022-02-23 11:00:09 --> Undefined property: stdClass::$student_grade
#0 F:\Learn PHP\Tools\XAMPP\htdocs\onlineExamSystem\app\Views\report.php(32): CodeIgniter\Debug\Exceptions->errorHandler(2, 'Undefined prope...', 'F:\\Learn PHP\\To...', 32)
#1 F:\Learn PHP\Tools\XAMPP\htdocs\onlineExamSystem\system\View\View.php(214): include('F:\\Learn PHP\\To...')
#2 F:\Learn PHP\Tools\XAMPP\htdocs\onlineExamSystem\system\View\View.php(217): CodeIgniter\View\View->CodeIgniter\View\{closure}()
#3 F:\Learn PHP\Tools\XAMPP\htdocs\onlineExamSystem\system\Common.php(1097): CodeIgniter\View\View->render('report', Array, true)
#4 F:\Learn PHP\Tools\XAMPP\htdocs\onlineExamSystem\app\Controllers\Student.php(50): view('report', Array)
#5 F:\Learn PHP\Tools\XAMPP\htdocs\onlineExamSystem\system\CodeIgniter.php(824): App\Controllers\Student->report()
#6 F:\Learn PHP\Tools\XAMPP\htdocs\onlineExamSystem\system\CodeIgniter.php(410): CodeIgniter\CodeIgniter->runController(Object(App\Controllers\Student))
#7 F:\Learn PHP\Tools\XAMPP\htdocs\onlineExamSystem\system\CodeIgniter.php(318): CodeIgniter\CodeIgniter->handleRequest(NULL, Object(Config\Cache), false)
#8 F:\Learn PHP\Tools\XAMPP\htdocs\onlineExamSystem\public\index.php(37): CodeIgniter\CodeIgniter->run()
#9 F:\Learn PHP\Tools\XAMPP\htdocs\onlineExamSystem\system\Commands\Server\rewrite.php(43): require_once('F:\\Learn PHP\\To...')
#10 {main}
CRITICAL - 2022-02-23 11:00:46 --> Undefined property: stdClass::$student_grade
#0 F:\Learn PHP\Tools\XAMPP\htdocs\onlineExamSystem\app\Views\report.php(32): CodeIgniter\Debug\Exceptions->errorHandler(2, 'Undefined prope...', 'F:\\Learn PHP\\To...', 32)
#1 F:\Learn PHP\Tools\XAMPP\htdocs\onlineExamSystem\system\View\View.php(214): include('F:\\Learn PHP\\To...')
#2 F:\Learn PHP\Tools\XAMPP\htdocs\onlineExamSystem\system\View\View.php(217): CodeIgniter\View\View->CodeIgniter\View\{closure}()
#3 F:\Learn PHP\Tools\XAMPP\htdocs\onlineExamSystem\system\Common.php(1097): CodeIgniter\View\View->render('report', Array, true)
#4 F:\Learn PHP\Tools\XAMPP\htdocs\onlineExamSystem\app\Controllers\Student.php(50): view('report', Array)
#5 F:\Learn PHP\Tools\XAMPP\htdocs\onlineExamSystem\system\CodeIgniter.php(824): App\Controllers\Student->report()
#6 F:\Learn PHP\Tools\XAMPP\htdocs\onlineExamSystem\system\CodeIgniter.php(410): CodeIgniter\CodeIgniter->runController(Object(App\Controllers\Student))
#7 F:\Learn PHP\Tools\XAMPP\htdocs\onlineExamSystem\system\CodeIgniter.php(318): CodeIgniter\CodeIgniter->handleRequest(NULL, Object(Config\Cache), false)
#8 F:\Learn PHP\Tools\XAMPP\htdocs\onlineExamSystem\public\index.php(37): CodeIgniter\CodeIgniter->run()
#9 F:\Learn PHP\Tools\XAMPP\htdocs\onlineExamSystem\system\Commands\Server\rewrite.php(43): require_once('F:\\Learn PHP\\To...')
#10 {main}
CRITICAL - 2022-02-23 11:03:39 --> Undefined property: stdClass::$student_grade
#0 F:\Learn PHP\Tools\XAMPP\htdocs\onlineExamSystem\app\Views\report.php(32): CodeIgniter\Debug\Exceptions->errorHandler(2, 'Undefined prope...', 'F:\\Learn PHP\\To...', 32)
#1 F:\Learn PHP\Tools\XAMPP\htdocs\onlineExamSystem\system\View\View.php(214): include('F:\\Learn PHP\\To...')
#2 F:\Learn PHP\Tools\XAMPP\htdocs\onlineExamSystem\system\View\View.php(217): CodeIgniter\View\View->CodeIgniter\View\{closure}()
#3 F:\Learn PHP\Tools\XAMPP\htdocs\onlineExamSystem\system\Common.php(1097): CodeIgniter\View\View->render('report', Array, true)
#4 F:\Learn PHP\Tools\XAMPP\htdocs\onlineExamSystem\app\Controllers\Student.php(50): view('report', Array)
#5 F:\Learn PHP\Tools\XAMPP\htdocs\onlineExamSystem\system\CodeIgniter.php(824): App\Controllers\Student->report()
#6 F:\Learn PHP\Tools\XAMPP\htdocs\onlineExamSystem\system\CodeIgniter.php(410): CodeIgniter\CodeIgniter->runController(Object(App\Controllers\Student))
#7 F:\Learn PHP\Tools\XAMPP\htdocs\onlineExamSystem\system\CodeIgniter.php(318): CodeIgniter\CodeIgniter->handleRequest(NULL, Object(Config\Cache), false)
#8 F:\Learn PHP\Tools\XAMPP\htdocs\onlineExamSystem\public\index.php(37): CodeIgniter\CodeIgniter->run()
#9 F:\Learn PHP\Tools\XAMPP\htdocs\onlineExamSystem\system\Commands\Server\rewrite.php(43): require_once('F:\\Learn PHP\\To...')
#10 {main}
CRITICAL - 2022-02-23 11:07:33 --> Class "App\Models\StudentModel" not found
#0 F:\Learn PHP\Tools\XAMPP\htdocs\onlineExamSystem\system\CodeIgniter.php(824): App\Controllers\Student->profile()
#1 F:\Learn PHP\Tools\XAMPP\htdocs\onlineExamSystem\system\CodeIgniter.php(410): CodeIgniter\CodeIgniter->runController(Object(App\Controllers\Student))
#2 F:\Learn PHP\Tools\XAMPP\htdocs\onlineExamSystem\system\CodeIgniter.php(318): CodeIgniter\CodeIgniter->handleRequest(NULL, Object(Config\Cache), false)
#3 F:\Learn PHP\Tools\XAMPP\htdocs\onlineExamSystem\public\index.php(37): CodeIgniter\CodeIgniter->run()
#4 F:\Learn PHP\Tools\XAMPP\htdocs\onlineExamSystem\system\Commands\Server\rewrite.php(43): require_once('F:\\Learn PHP\\To...')
#5 {main}
CRITICAL - 2022-02-23 11:51:01 --> Invalid file: welcome_message.php
#0 F:\Learn PHP\Tools\XAMPP\htdocs\onlineExamSystem\system\View\View.php(198): CodeIgniter\Exceptions\FrameworkException::forInvalidFile('welcome_message...')
#1 F:\Learn PHP\Tools\XAMPP\htdocs\onlineExamSystem\system\Common.php(1097): CodeIgniter\View\View->render('welcome_message', Array, true)
#2 F:\Learn PHP\Tools\XAMPP\htdocs\onlineExamSystem\app\Controllers\Student.php(18): view('welcome_message', Array)
#3 F:\Learn PHP\Tools\XAMPP\htdocs\onlineExamSystem\system\CodeIgniter.php(824): App\Controllers\Student->home()
#4 F:\Learn PHP\Tools\XAMPP\htdocs\onlineExamSystem\system\CodeIgniter.php(410): CodeIgniter\CodeIgniter->runController(Object(App\Controllers\Student))
#5 F:\Learn PHP\Tools\XAMPP\htdocs\onlineExamSystem\system\CodeIgniter.php(318): CodeIgniter\CodeIgniter->handleRequest(NULL, Object(Config\Cache), false)
#6 F:\Learn PHP\Tools\XAMPP\htdocs\onlineExamSystem\public\index.php(37): CodeIgniter\CodeIgniter->run()
#7 F:\Learn PHP\Tools\XAMPP\htdocs\onlineExamSystem\system\Commands\Server\rewrite.php(43): require_once('F:\\Learn PHP\\To...')
#8 {main}
CRITICAL - 2022-02-23 11:52:31 --> Invalid file: welcome_message.php
#0 F:\Learn PHP\Tools\XAMPP\htdocs\onlineExamSystem\system\View\View.php(198): CodeIgniter\Exceptions\FrameworkException::forInvalidFile('welcome_message...')
#1 F:\Learn PHP\Tools\XAMPP\htdocs\onlineExamSystem\system\Common.php(1097): CodeIgniter\View\View->render('welcome_message', Array, true)
#2 F:\Learn PHP\Tools\XAMPP\htdocs\onlineExamSystem\app\Controllers\Student.php(18): view('welcome_message', Array)
#3 F:\Learn PHP\Tools\XAMPP\htdocs\onlineExamSystem\system\CodeIgniter.php(824): App\Controllers\Student->home()
#4 F:\Learn PHP\Tools\XAMPP\htdocs\onlineExamSystem\system\CodeIgniter.php(410): CodeIgniter\CodeIgniter->runController(Object(App\Controllers\Student))
#5 F:\Learn PHP\Tools\XAMPP\htdocs\onlineExamSystem\system\CodeIgniter.php(318): CodeIgniter\CodeIgniter->handleRequest(NULL, Object(Config\Cache), false)
#6 F:\Learn PHP\Tools\XAMPP\htdocs\onlineExamSystem\public\index.php(37): CodeIgniter\CodeIgniter->run()
#7 F:\Learn PHP\Tools\XAMPP\htdocs\onlineExamSystem\system\Commands\Server\rewrite.php(43): require_once('F:\\Learn PHP\\To...')
#8 {main}
CRITICAL - 2022-02-23 11:52:33 --> Invalid file: welcome_message.php
#0 F:\Learn PHP\Tools\XAMPP\htdocs\onlineExamSystem\system\View\View.php(198): CodeIgniter\Exceptions\FrameworkException::forInvalidFile('welcome_message...')
#1 F:\Learn PHP\Tools\XAMPP\htdocs\onlineExamSystem\system\Common.php(1097): CodeIgniter\View\View->render('welcome_message', Array, true)
#2 F:\Learn PHP\Tools\XAMPP\htdocs\onlineExamSystem\app\Controllers\Student.php(18): view('welcome_message', Array)
#3 F:\Learn PHP\Tools\XAMPP\htdocs\onlineExamSystem\system\CodeIgniter.php(824): App\Controllers\Student->home()
#4 F:\Learn PHP\Tools\XAMPP\htdocs\onlineExamSystem\system\CodeIgniter.php(410): CodeIgniter\CodeIgniter->runController(Object(App\Controllers\Student))
#5 F:\Learn PHP\Tools\XAMPP\htdocs\onlineExamSystem\system\CodeIgniter.php(318): CodeIgniter\CodeIgniter->handleRequest(NULL, Object(Config\Cache), false)
#6 F:\Learn PHP\Tools\XAMPP\htdocs\onlineExamSystem\public\index.php(37): CodeIgniter\CodeIgniter->run()
#7 F:\Learn PHP\Tools\XAMPP\htdocs\onlineExamSystem\system\Commands\Server\rewrite.php(43): require_once('F:\\Learn PHP\\To...')
#8 {main}
CRITICAL - 2022-02-23 11:53:31 --> Invalid file: welcome_message.php
#0 F:\Learn PHP\Tools\XAMPP\htdocs\onlineExamSystem\system\View\View.php(198): CodeIgniter\Exceptions\FrameworkException::forInvalidFile('welcome_message...')
#1 F:\Learn PHP\Tools\XAMPP\htdocs\onlineExamSystem\system\Common.php(1097): CodeIgniter\View\View->render('welcome_message', Array, true)
#2 F:\Learn PHP\Tools\XAMPP\htdocs\onlineExamSystem\app\Controllers\Student.php(18): view('welcome_message', Array)
#3 F:\Learn PHP\Tools\XAMPP\htdocs\onlineExamSystem\system\CodeIgniter.php(824): App\Controllers\Student->home()
#4 F:\Learn PHP\Tools\XAMPP\htdocs\onlineExamSystem\system\CodeIgniter.php(410): CodeIgniter\CodeIgniter->runController(Object(App\Controllers\Student))
#5 F:\Learn PHP\Tools\XAMPP\htdocs\onlineExamSystem\system\CodeIgniter.php(318): CodeIgniter\CodeIgniter->handleRequest(NULL, Object(Config\Cache), false)
#6 F:\Learn PHP\Tools\XAMPP\htdocs\onlineExamSystem\public\index.php(37): CodeIgniter\CodeIgniter->run()
#7 F:\Learn PHP\Tools\XAMPP\htdocs\onlineExamSystem\system\Commands\Server\rewrite.php(43): require_once('F:\\Learn PHP\\To...')
#8 {main}
CRITICAL - 2022-02-23 11:53:31 --> Invalid file: welcome_message.php
#0 F:\Learn PHP\Tools\XAMPP\htdocs\onlineExamSystem\system\View\View.php(198): CodeIgniter\Exceptions\FrameworkException::forInvalidFile('welcome_message...')
#1 F:\Learn PHP\Tools\XAMPP\htdocs\onlineExamSystem\system\Common.php(1097): CodeIgniter\View\View->render('welcome_message', Array, true)
#2 F:\Learn PHP\Tools\XAMPP\htdocs\onlineExamSystem\app\Controllers\Student.php(18): view('welcome_message', Array)
#3 F:\Learn PHP\Tools\XAMPP\htdocs\onlineExamSystem\system\CodeIgniter.php(824): App\Controllers\Student->home()
#4 F:\Learn PHP\Tools\XAMPP\htdocs\onlineExamSystem\system\CodeIgniter.php(410): CodeIgniter\CodeIgniter->runController(Object(App\Controllers\Student))
#5 F:\Learn PHP\Tools\XAMPP\htdocs\onlineExamSystem\system\CodeIgniter.php(318): CodeIgniter\CodeIgniter->handleRequest(NULL, Object(Config\Cache), false)
#6 F:\Learn PHP\Tools\XAMPP\htdocs\onlineExamSystem\public\index.php(37): CodeIgniter\CodeIgniter->run()
#7 F:\Learn PHP\Tools\XAMPP\htdocs\onlineExamSystem\system\Commands\Server\rewrite.php(43): require_once('F:\\Learn PHP\\To...')
#8 {main}
CRITICAL - 2022-02-23 11:54:37 --> Invalid file: welcome_message.php
#0 F:\Learn PHP\Tools\XAMPP\htdocs\onlineExamSystem\system\View\View.php(198): CodeIgniter\Exceptions\FrameworkException::forInvalidFile('welcome_message...')
#1 F:\Learn PHP\Tools\XAMPP\htdocs\onlineExamSystem\system\Common.php(1097): CodeIgniter\View\View->render('welcome_message', Array, true)
#2 F:\Learn PHP\Tools\XAMPP\htdocs\onlineExamSystem\app\Controllers\Student.php(18): view('welcome_message', Array)
#3 F:\Learn PHP\Tools\XAMPP\htdocs\onlineExamSystem\system\CodeIgniter.php(824): App\Controllers\Student->home()
#4 F:\Learn PHP\Tools\XAMPP\htdocs\onlineExamSystem\system\CodeIgniter.php(410): CodeIgniter\CodeIgniter->runController(Object(App\Controllers\Student))
#5 F:\Learn PHP\Tools\XAMPP\htdocs\onlineExamSystem\system\CodeIgniter.php(318): CodeIgniter\CodeIgniter->handleRequest(NULL, Object(Config\Cache), false)
#6 F:\Learn PHP\Tools\XAMPP\htdocs\onlineExamSystem\public\index.php(37): CodeIgniter\CodeIgniter->run()
#7 F:\Learn PHP\Tools\XAMPP\htdocs\onlineExamSystem\system\Commands\Server\rewrite.php(43): require_once('F:\\Learn PHP\\To...')
#8 {main}
CRITICAL - 2022-02-23 11:55:18 --> Invalid file: welcome_message.php
#0 F:\Learn PHP\Tools\XAMPP\htdocs\onlineExamSystem\system\View\View.php(198): CodeIgniter\Exceptions\FrameworkException::forInvalidFile('welcome_message...')
#1 F:\Learn PHP\Tools\XAMPP\htdocs\onlineExamSystem\system\Common.php(1097): CodeIgniter\View\View->render('welcome_message', Array, true)
#2 F:\Learn PHP\Tools\XAMPP\htdocs\onlineExamSystem\app\Controllers\Student.php(18): view('welcome_message', Array)
#3 F:\Learn PHP\Tools\XAMPP\htdocs\onlineExamSystem\system\CodeIgniter.php(824): App\Controllers\Student->home()
#4 F:\Learn PHP\Tools\XAMPP\htdocs\onlineExamSystem\system\CodeIgniter.php(410): CodeIgniter\CodeIgniter->runController(Object(App\Controllers\Student))
#5 F:\Learn PHP\Tools\XAMPP\htdocs\onlineExamSystem\system\CodeIgniter.php(318): CodeIgniter\CodeIgniter->handleRequest(NULL, Object(Config\Cache), false)
#6 F:\Learn PHP\Tools\XAMPP\htdocs\onlineExamSystem\public\index.php(37): CodeIgniter\CodeIgniter->run()
#7 F:\Learn PHP\Tools\XAMPP\htdocs\onlineExamSystem\system\Commands\Server\rewrite.php(43): require_once('F:\\Learn PHP\\To...')
#8 {main}
CRITICAL - 2022-02-23 11:55:29 --> Invalid file: welcome_message.php
#0 F:\Learn PHP\Tools\XAMPP\htdocs\onlineExamSystem\system\View\View.php(198): CodeIgniter\Exceptions\FrameworkException::forInvalidFile('welcome_message...')
#1 F:\Learn PHP\Tools\XAMPP\htdocs\onlineExamSystem\system\Common.php(1097): CodeIgniter\View\View->render('welcome_message', Array, true)
#2 F:\Learn PHP\Tools\XAMPP\htdocs\onlineExamSystem\app\Controllers\Student.php(18): view('welcome_message', Array)
#3 F:\Learn PHP\Tools\XAMPP\htdocs\onlineExamSystem\system\CodeIgniter.php(824): App\Controllers\Student->home()
#4 F:\Learn PHP\Tools\XAMPP\htdocs\onlineExamSystem\system\CodeIgniter.php(410): CodeIgniter\CodeIgniter->runController(Object(App\Controllers\Student))
#5 F:\Learn PHP\Tools\XAMPP\htdocs\onlineExamSystem\system\CodeIgniter.php(318): CodeIgniter\CodeIgniter->handleRequest(NULL, Object(Config\Cache), false)
#6 F:\Learn PHP\Tools\XAMPP\htdocs\onlineExamSystem\public\index.php(37): CodeIgniter\CodeIgniter->run()
#7 F:\Learn PHP\Tools\XAMPP\htdocs\onlineExamSystem\system\Commands\Server\rewrite.php(43): require_once('F:\\Learn PHP\\To...')
#8 {main}
CRITICAL - 2022-02-23 11:55:30 --> Invalid file: welcome_message.php
#0 F:\Learn PHP\Tools\XAMPP\htdocs\onlineExamSystem\system\View\View.php(198): CodeIgniter\Exceptions\FrameworkException::forInvalidFile('welcome_message...')
#1 F:\Learn PHP\Tools\XAMPP\htdocs\onlineExamSystem\system\Common.php(1097): CodeIgniter\View\View->render('welcome_message', Array, true)
#2 F:\Learn PHP\Tools\XAMPP\htdocs\onlineExamSystem\app\Controllers\Student.php(18): view('welcome_message', Array)
#3 F:\Learn PHP\Tools\XAMPP\htdocs\onlineExamSystem\system\CodeIgniter.php(824): App\Controllers\Student->home()
#4 F:\Learn PHP\Tools\XAMPP\htdocs\onlineExamSystem\system\CodeIgniter.php(410): CodeIgniter\CodeIgniter->runController(Object(App\Controllers\Student))
#5 F:\Learn PHP\Tools\XAMPP\htdocs\onlineExamSystem\system\CodeIgniter.php(318): CodeIgniter\CodeIgniter->handleRequest(NULL, Object(Config\Cache), false)
#6 F:\Learn PHP\Tools\XAMPP\htdocs\onlineExamSystem\public\index.php(37): CodeIgniter\CodeIgniter->run()
#7 F:\Learn PHP\Tools\XAMPP\htdocs\onlineExamSystem\system\Commands\Server\rewrite.php(43): require_once('F:\\Learn PHP\\To...')
#8 {main}
CRITICAL - 2022-02-23 11:57:05 --> Invalid file: welcome_message.php
#0 F:\Learn PHP\Tools\XAMPP\htdocs\onlineExamSystem\system\View\View.php(198): CodeIgniter\Exceptions\FrameworkException::forInvalidFile('welcome_message...')
#1 F:\Learn PHP\Tools\XAMPP\htdocs\onlineExamSystem\system\Common.php(1097): CodeIgniter\View\View->render('welcome_message', Array, true)
#2 F:\Learn PHP\Tools\XAMPP\htdocs\onlineExamSystem\app\Controllers\Student.php(18): view('welcome_message', Array)
#3 F:\Learn PHP\Tools\XAMPP\htdocs\onlineExamSystem\system\CodeIgniter.php(824): App\Controllers\Student->home()
#4 F:\Learn PHP\Tools\XAMPP\htdocs\onlineExamSystem\system\CodeIgniter.php(410): CodeIgniter\CodeIgniter->runController(Object(App\Controllers\Student))
#5 F:\Learn PHP\Tools\XAMPP\htdocs\onlineExamSystem\system\CodeIgniter.php(318): CodeIgniter\CodeIgniter->handleRequest(NULL, Object(Config\Cache), false)
#6 F:\Learn PHP\Tools\XAMPP\htdocs\onlineExamSystem\public\index.php(37): CodeIgniter\CodeIgniter->run()
#7 F:\Learn PHP\Tools\XAMPP\htdocs\onlineExamSystem\system\Commands\Server\rewrite.php(43): require_once('F:\\Learn PHP\\To...')
#8 {main}
CRITICAL - 2022-02-23 11:58:03 --> Invalid file: welcome_message.php
#0 F:\Learn PHP\Tools\XAMPP\htdocs\onlineExamSystem\system\View\View.php(198): CodeIgniter\Exceptions\FrameworkException::forInvalidFile('welcome_message...')
#1 F:\Learn PHP\Tools\XAMPP\htdocs\onlineExamSystem\system\Common.php(1097): CodeIgniter\View\View->render('welcome_message', Array, true)
#2 F:\Learn PHP\Tools\XAMPP\htdocs\onlineExamSystem\app\Controllers\Student.php(18): view('welcome_message', Array)
#3 F:\Learn PHP\Tools\XAMPP\htdocs\onlineExamSystem\system\CodeIgniter.php(824): App\Controllers\Student->home()
#4 F:\Learn PHP\Tools\XAMPP\htdocs\onlineExamSystem\system\CodeIgniter.php(410): CodeIgniter\CodeIgniter->runController(Object(App\Controllers\Student))
#5 F:\Learn PHP\Tools\XAMPP\htdocs\onlineExamSystem\system\CodeIgniter.php(318): CodeIgniter\CodeIgniter->handleRequest(NULL, Object(Config\Cache), false)
#6 F:\Learn PHP\Tools\XAMPP\htdocs\onlineExamSystem\public\index.php(37): CodeIgniter\CodeIgniter->run()
#7 F:\Learn PHP\Tools\XAMPP\htdocs\onlineExamSystem\system\Commands\Server\rewrite.php(43): require_once('F:\\Learn PHP\\To...')
#8 {main}
CRITICAL - 2022-02-23 11:58:04 --> Invalid file: welcome_message.php
#0 F:\Learn PHP\Tools\XAMPP\htdocs\onlineExamSystem\system\View\View.php(198): CodeIgniter\Exceptions\FrameworkException::forInvalidFile('welcome_message...')
#1 F:\Learn PHP\Tools\XAMPP\htdocs\onlineExamSystem\system\Common.php(1097): CodeIgniter\View\View->render('welcome_message', Array, true)
#2 F:\Learn PHP\Tools\XAMPP\htdocs\onlineExamSystem\app\Controllers\Student.php(18): view('welcome_message', Array)
#3 F:\Learn PHP\Tools\XAMPP\htdocs\onlineExamSystem\system\CodeIgniter.php(824): App\Controllers\Student->home()
#4 F:\Learn PHP\Tools\XAMPP\htdocs\onlineExamSystem\system\CodeIgniter.php(410): CodeIgniter\CodeIgniter->runController(Object(App\Controllers\Student))
#5 F:\Learn PHP\Tools\XAMPP\htdocs\onlineExamSystem\system\CodeIgniter.php(318): CodeIgniter\CodeIgniter->handleRequest(NULL, Object(Config\Cache), false)
#6 F:\Learn PHP\Tools\XAMPP\htdocs\onlineExamSystem\public\index.php(37): CodeIgniter\CodeIgniter->run()
#7 F:\Learn PHP\Tools\XAMPP\htdocs\onlineExamSystem\system\Commands\Server\rewrite.php(43): require_once('F:\\Learn PHP\\To...')
#8 {main}
CRITICAL - 2022-02-23 11:58:06 --> Invalid file: welcome_message.php
#0 F:\Learn PHP\Tools\XAMPP\htdocs\onlineExamSystem\system\View\View.php(198): CodeIgniter\Exceptions\FrameworkException::forInvalidFile('welcome_message...')
#1 F:\Learn PHP\Tools\XAMPP\htdocs\onlineExamSystem\system\Common.php(1097): CodeIgniter\View\View->render('welcome_message', Array, true)
#2 F:\Learn PHP\Tools\XAMPP\htdocs\onlineExamSystem\app\Controllers\Student.php(18): view('welcome_message', Array)
#3 F:\Learn PHP\Tools\XAMPP\htdocs\onlineExamSystem\system\CodeIgniter.php(824): App\Controllers\Student->home()
#4 F:\Learn PHP\Tools\XAMPP\htdocs\onlineExamSystem\system\CodeIgniter.php(410): CodeIgniter\CodeIgniter->runController(Object(App\Controllers\Student))
#5 F:\Learn PHP\Tools\XAMPP\htdocs\onlineExamSystem\system\CodeIgniter.php(318): CodeIgniter\CodeIgniter->handleRequest(NULL, Object(Config\Cache), false)
#6 F:\Learn PHP\Tools\XAMPP\htdocs\onlineExamSystem\public\index.php(37): CodeIgniter\CodeIgniter->run()
#7 F:\Learn PHP\Tools\XAMPP\htdocs\onlineExamSystem\system\Commands\Server\rewrite.php(43): require_once('F:\\Learn PHP\\To...')
#8 {main}
CRITICAL - 2022-02-23 11:59:36 --> include(templates/header.php): Failed to open stream: No such file or directory
#0 F:\Learn PHP\Tools\XAMPP\htdocs\onlineExamSystem\app\Views\welcome_message.php(1): CodeIgniter\Debug\Exceptions->errorHandler(2, 'include(templat...', 'F:\\Learn PHP\\To...', 1)
#1 F:\Learn PHP\Tools\XAMPP\htdocs\onlineExamSystem\app\Views\welcome_message.php(1): include()
#2 F:\Learn PHP\Tools\XAMPP\htdocs\onlineExamSystem\system\View\View.php(214): include('F:\\Learn PHP\\To...')
#3 F:\Learn PHP\Tools\XAMPP\htdocs\onlineExamSystem\system\View\View.php(217): CodeIgniter\View\View->CodeIgniter\View\{closure}()
#4 F:\Learn PHP\Tools\XAMPP\htdocs\onlineExamSystem\system\Common.php(1097): CodeIgniter\View\View->render('welcome_message', Array, true)
#5 F:\Learn PHP\Tools\XAMPP\htdocs\onlineExamSystem\app\Controllers\Student.php(18): view('welcome_message', Array)
#6 F:\Learn PHP\Tools\XAMPP\htdocs\onlineExamSystem\system\CodeIgniter.php(824): App\Controllers\Student->home()
#7 F:\Learn PHP\Tools\XAMPP\htdocs\onlineExamSystem\system\CodeIgniter.php(410): CodeIgniter\CodeIgniter->runController(Object(App\Controllers\Student))
#8 F:\Learn PHP\Tools\XAMPP\htdocs\onlineExamSystem\system\CodeIgniter.php(318): CodeIgniter\CodeIgniter->handleRequest(NULL, Object(Config\Cache), false)
#9 F:\Learn PHP\Tools\XAMPP\htdocs\onlineExamSystem\public\index.php(37): CodeIgniter\CodeIgniter->run()
#10 F:\Learn PHP\Tools\XAMPP\htdocs\onlineExamSystem\system\Commands\Server\rewrite.php(43): require_once('F:\\Learn PHP\\To...')
#11 {main}
CRITICAL - 2022-02-23 12:01:05 --> include(student/templates/header): Failed to open stream: No such file or directory
#0 F:\Learn PHP\Tools\XAMPP\htdocs\onlineExamSystem\app\Views\welcome_message.php(3): CodeIgniter\Debug\Exceptions->errorHandler(2, 'include(student...', 'F:\\Learn PHP\\To...', 3)
#1 F:\Learn PHP\Tools\XAMPP\htdocs\onlineExamSystem\app\Views\welcome_message.php(3): include()
#2 F:\Learn PHP\Tools\XAMPP\htdocs\onlineExamSystem\system\View\View.php(214): include('F:\\Learn PHP\\To...')
#3 F:\Learn PHP\Tools\XAMPP\htdocs\onlineExamSystem\system\View\View.php(217): CodeIgniter\View\View->CodeIgniter\View\{closure}()
#4 F:\Learn PHP\Tools\XAMPP\htdocs\onlineExamSystem\system\Common.php(1097): CodeIgniter\View\View->render('welcome_message', Array, true)
#5 F:\Learn PHP\Tools\XAMPP\htdocs\onlineExamSystem\app\Controllers\Student.php(18): view('welcome_message', Array)
#6 F:\Learn PHP\Tools\XAMPP\htdocs\onlineExamSystem\system\CodeIgniter.php(824): App\Controllers\Student->home()
#7 F:\Learn PHP\Tools\XAMPP\htdocs\onlineExamSystem\system\CodeIgniter.php(410): CodeIgniter\CodeIgniter->runController(Object(App\Controllers\Student))
#8 F:\Learn PHP\Tools\XAMPP\htdocs\onlineExamSystem\system\CodeIgniter.php(318): CodeIgniter\CodeIgniter->handleRequest(NULL, Object(Config\Cache), false)
#9 F:\Learn PHP\Tools\XAMPP\htdocs\onlineExamSystem\public\index.php(37): CodeIgniter\CodeIgniter->run()
#10 F:\Learn PHP\Tools\XAMPP\htdocs\onlineExamSystem\system\Commands\Server\rewrite.php(43): require_once('F:\\Learn PHP\\To...')
#11 {main}
CRITICAL - 2022-02-23 12:02:22 --> include(student/tamplates/header.php): Failed to open stream: No such file or directory
#0 F:\Learn PHP\Tools\XAMPP\htdocs\onlineExamSystem\app\Views\welcome_message.php(3): CodeIgniter\Debug\Exceptions->errorHandler(2, 'include(student...', 'F:\\Learn PHP\\To...', 3)
#1 F:\Learn PHP\Tools\XAMPP\htdocs\onlineExamSystem\app\Views\welcome_message.php(3): include()
#2 F:\Learn PHP\Tools\XAMPP\htdocs\onlineExamSystem\system\View\View.php(214): include('F:\\Learn PHP\\To...')
#3 F:\Learn PHP\Tools\XAMPP\htdocs\onlineExamSystem\system\View\View.php(217): CodeIgniter\View\View->CodeIgniter\View\{closure}()
#4 F:\Learn PHP\Tools\XAMPP\htdocs\onlineExamSystem\system\Common.php(1097): CodeIgniter\View\View->render('welcome_message', Array, true)
#5 F:\Learn PHP\Tools\XAMPP\htdocs\onlineExamSystem\app\Controllers\Student.php(18): view('welcome_message', Array)
#6 F:\Learn PHP\Tools\XAMPP\htdocs\onlineExamSystem\system\CodeIgniter.php(824): App\Controllers\Student->home()
#7 F:\Learn PHP\Tools\XAMPP\htdocs\onlineExamSystem\system\CodeIgniter.php(410): CodeIgniter\CodeIgniter->runController(Object(App\Controllers\Student))
#8 F:\Learn PHP\Tools\XAMPP\htdocs\onlineExamSystem\system\CodeIgniter.php(318): CodeIgniter\CodeIgniter->handleRequest(NULL, Object(Config\Cache), false)
#9 F:\Learn PHP\Tools\XAMPP\htdocs\onlineExamSystem\public\index.php(37): CodeIgniter\CodeIgniter->run()
#10 F:\Learn PHP\Tools\XAMPP\htdocs\onlineExamSystem\system\Commands\Server\rewrite.php(43): require_once('F:\\Learn PHP\\To...')
#11 {main}
CRITICAL - 2022-02-23 12:06:35 --> Invalid file: welcome_message.php
#0 F:\Learn PHP\Tools\XAMPP\htdocs\onlineExamSystem\system\View\View.php(198): CodeIgniter\Exceptions\FrameworkException::forInvalidFile('welcome_message...')
#1 F:\Learn PHP\Tools\XAMPP\htdocs\onlineExamSystem\system\Common.php(1097): CodeIgniter\View\View->render('welcome_message', Array, true)
#2 F:\Learn PHP\Tools\XAMPP\htdocs\onlineExamSystem\app\Controllers\Student.php(18): view('welcome_message', Array)
#3 F:\Learn PHP\Tools\XAMPP\htdocs\onlineExamSystem\system\CodeIgniter.php(824): App\Controllers\Student->home()
#4 F:\Learn PHP\Tools\XAMPP\htdocs\onlineExamSystem\system\CodeIgniter.php(410): CodeIgniter\CodeIgniter->runController(Object(App\Controllers\Student))
#5 F:\Learn PHP\Tools\XAMPP\htdocs\onlineExamSystem\system\CodeIgniter.php(318): CodeIgniter\CodeIgniter->handleRequest(NULL, Object(Config\Cache), false)
#6 F:\Learn PHP\Tools\XAMPP\htdocs\onlineExamSystem\public\index.php(37): CodeIgniter\CodeIgniter->run()
#7 F:\Learn PHP\Tools\XAMPP\htdocs\onlineExamSystem\system\Commands\Server\rewrite.php(43): require_once('F:\\Learn PHP\\To...')
#8 {main}
CRITICAL - 2022-02-23 12:06:37 --> Invalid file: welcome_message.php
#0 F:\Learn PHP\Tools\XAMPP\htdocs\onlineExamSystem\system\View\View.php(198): CodeIgniter\Exceptions\FrameworkException::forInvalidFile('welcome_message...')
#1 F:\Learn PHP\Tools\XAMPP\htdocs\onlineExamSystem\system\Common.php(1097): CodeIgniter\View\View->render('welcome_message', Array, true)
#2 F:\Learn PHP\Tools\XAMPP\htdocs\onlineExamSystem\app\Controllers\Student.php(18): view('welcome_message', Array)
#3 F:\Learn PHP\Tools\XAMPP\htdocs\onlineExamSystem\system\CodeIgniter.php(824): App\Controllers\Student->home()
#4 F:\Learn PHP\Tools\XAMPP\htdocs\onlineExamSystem\system\CodeIgniter.php(410): CodeIgniter\CodeIgniter->runController(Object(App\Controllers\Student))
#5 F:\Learn PHP\Tools\XAMPP\htdocs\onlineExamSystem\system\CodeIgniter.php(318): CodeIgniter\CodeIgniter->handleRequest(NULL, Object(Config\Cache), false)
#6 F:\Learn PHP\Tools\XAMPP\htdocs\onlineExamSystem\public\index.php(37): CodeIgniter\CodeIgniter->run()
#7 F:\Learn PHP\Tools\XAMPP\htdocs\onlineExamSystem\system\Commands\Server\rewrite.php(43): require_once('F:\\Learn PHP\\To...')
#8 {main}
CRITICAL - 2022-02-23 12:06:37 --> Invalid file: welcome_message.php
#0 F:\Learn PHP\Tools\XAMPP\htdocs\onlineExamSystem\system\View\View.php(198): CodeIgniter\Exceptions\FrameworkException::forInvalidFile('welcome_message...')
#1 F:\Learn PHP\Tools\XAMPP\htdocs\onlineExamSystem\system\Common.php(1097): CodeIgniter\View\View->render('welcome_message', Array, true)
#2 F:\Learn PHP\Tools\XAMPP\htdocs\onlineExamSystem\app\Controllers\Student.php(18): view('welcome_message', Array)
#3 F:\Learn PHP\Tools\XAMPP\htdocs\onlineExamSystem\system\CodeIgniter.php(824): App\Controllers\Student->home()
#4 F:\Learn PHP\Tools\XAMPP\htdocs\onlineExamSystem\system\CodeIgniter.php(410): CodeIgniter\CodeIgniter->runController(Object(App\Controllers\Student))
#5 F:\Learn PHP\Tools\XAMPP\htdocs\onlineExamSystem\system\CodeIgniter.php(318): CodeIgniter\CodeIgniter->handleRequest(NULL, Object(Config\Cache), false)
#6 F:\Learn PHP\Tools\XAMPP\htdocs\onlineExamSystem\public\index.php(37): CodeIgniter\CodeIgniter->run()
#7 F:\Learn PHP\Tools\XAMPP\htdocs\onlineExamSystem\system\Commands\Server\rewrite.php(43): require_once('F:\\Learn PHP\\To...')
#8 {main}
CRITICAL - 2022-02-23 12:07:36 --> Invalid file: welcome_message.php
#0 F:\Learn PHP\Tools\XAMPP\htdocs\onlineExamSystem\system\View\View.php(198): CodeIgniter\Exceptions\FrameworkException::forInvalidFile('welcome_message...')
#1 F:\Learn PHP\Tools\XAMPP\htdocs\onlineExamSystem\system\Common.php(1097): CodeIgniter\View\View->render('welcome_message', Array, true)
#2 F:\Learn PHP\Tools\XAMPP\htdocs\onlineExamSystem\app\Controllers\Student.php(18): view('welcome_message', Array)
#3 F:\Learn PHP\Tools\XAMPP\htdocs\onlineExamSystem\system\CodeIgniter.php(824): App\Controllers\Student->home()
#4 F:\Learn PHP\Tools\XAMPP\htdocs\onlineExamSystem\system\CodeIgniter.php(410): CodeIgniter\CodeIgniter->runController(Object(App\Controllers\Student))
#5 F:\Learn PHP\Tools\XAMPP\htdocs\onlineExamSystem\system\CodeIgniter.php(318): CodeIgniter\CodeIgniter->handleRequest(NULL, Object(Config\Cache), false)
#6 F:\Learn PHP\Tools\XAMPP\htdocs\onlineExamSystem\public\index.php(37): CodeIgniter\CodeIgniter->run()
#7 F:\Learn PHP\Tools\XAMPP\htdocs\onlineExamSystem\system\Commands\Server\rewrite.php(43): require_once('F:\\Learn PHP\\To...')
#8 {main}
CRITICAL - 2022-02-23 12:07:37 --> Invalid file: welcome_message.php
#0 F:\Learn PHP\Tools\XAMPP\htdocs\onlineExamSystem\system\View\View.php(198): CodeIgniter\Exceptions\FrameworkException::forInvalidFile('welcome_message...')
#1 F:\Learn PHP\Tools\XAMPP\htdocs\onlineExamSystem\system\Common.php(1097): CodeIgniter\View\View->render('welcome_message', Array, true)
#2 F:\Learn PHP\Tools\XAMPP\htdocs\onlineExamSystem\app\Controllers\Student.php(18): view('welcome_message', Array)
#3 F:\Learn PHP\Tools\XAMPP\htdocs\onlineExamSystem\system\CodeIgniter.php(824): App\Controllers\Student->home()
#4 F:\Learn PHP\Tools\XAMPP\htdocs\onlineExamSystem\system\CodeIgniter.php(410): CodeIgniter\CodeIgniter->runController(Object(App\Controllers\Student))
#5 F:\Learn PHP\Tools\XAMPP\htdocs\onlineExamSystem\system\CodeIgniter.php(318): CodeIgniter\CodeIgniter->handleRequest(NULL, Object(Config\Cache), false)
#6 F:\Learn PHP\Tools\XAMPP\htdocs\onlineExamSystem\public\index.php(37): CodeIgniter\CodeIgniter->run()
#7 F:\Learn PHP\Tools\XAMPP\htdocs\onlineExamSystem\system\Commands\Server\rewrite.php(43): require_once('F:\\Learn PHP\\To...')
#8 {main}
CRITICAL - 2022-02-23 12:08:12 --> Invalid file: welcome_message.php
#0 F:\Learn PHP\Tools\XAMPP\htdocs\onlineExamSystem\system\View\View.php(198): CodeIgniter\Exceptions\FrameworkException::forInvalidFile('welcome_message...')
#1 F:\Learn PHP\Tools\XAMPP\htdocs\onlineExamSystem\system\Common.php(1097): CodeIgniter\View\View->render('welcome_message', Array, true)
#2 F:\Learn PHP\Tools\XAMPP\htdocs\onlineExamSystem\app\Controllers\Student.php(18): view('welcome_message', Array)
#3 F:\Learn PHP\Tools\XAMPP\htdocs\onlineExamSystem\system\CodeIgniter.php(824): App\Controllers\Student->home()
#4 F:\Learn PHP\Tools\XAMPP\htdocs\onlineExamSystem\system\CodeIgniter.php(410): CodeIgniter\CodeIgniter->runController(Object(App\Controllers\Student))
#5 F:\Learn PHP\Tools\XAMPP\htdocs\onlineExamSystem\system\CodeIgniter.php(318): CodeIgniter\CodeIgniter->handleRequest(NULL, Object(Config\Cache), false)
#6 F:\Learn PHP\Tools\XAMPP\htdocs\onlineExamSystem\public\index.php(37): CodeIgniter\CodeIgniter->run()
#7 F:\Learn PHP\Tools\XAMPP\htdocs\onlineExamSystem\system\Commands\Server\rewrite.php(43): require_once('F:\\Learn PHP\\To...')
#8 {main}
CRITICAL - 2022-02-23 12:08:36 --> Invalid file: welcome_message.php
#0 F:\Learn PHP\Tools\XAMPP\htdocs\onlineExamSystem\system\View\View.php(198): CodeIgniter\Exceptions\FrameworkException::forInvalidFile('welcome_message...')
#1 F:\Learn PHP\Tools\XAMPP\htdocs\onlineExamSystem\system\Common.php(1097): CodeIgniter\View\View->render('welcome_message', Array, true)
#2 F:\Learn PHP\Tools\XAMPP\htdocs\onlineExamSystem\app\Controllers\Student.php(18): view('welcome_message', Array)
#3 F:\Learn PHP\Tools\XAMPP\htdocs\onlineExamSystem\system\CodeIgniter.php(824): App\Controllers\Student->home()
#4 F:\Learn PHP\Tools\XAMPP\htdocs\onlineExamSystem\system\CodeIgniter.php(410): CodeIgniter\CodeIgniter->runController(Object(App\Controllers\Student))
#5 F:\Learn PHP\Tools\XAMPP\htdocs\onlineExamSystem\system\CodeIgniter.php(318): CodeIgniter\CodeIgniter->handleRequest(NULL, Object(Config\Cache), false)
#6 F:\Learn PHP\Tools\XAMPP\htdocs\onlineExamSystem\public\index.php(37): CodeIgniter\CodeIgniter->run()
#7 F:\Learn PHP\Tools\XAMPP\htdocs\onlineExamSystem\system\Commands\Server\rewrite.php(43): require_once('F:\\Learn PHP\\To...')
#8 {main}
CRITICAL - 2022-02-23 12:11:07 --> include(templates/header.php): Failed to open stream: No such file or directory
#0 F:\Learn PHP\Tools\XAMPP\htdocs\onlineExamSystem\app\Views\welcome_message.php(1): CodeIgniter\Debug\Exceptions->errorHandler(2, 'include(templat...', 'F:\\Learn PHP\\To...', 1)
#1 F:\Learn PHP\Tools\XAMPP\htdocs\onlineExamSystem\app\Views\welcome_message.php(1): include()
#2 F:\Learn PHP\Tools\XAMPP\htdocs\onlineExamSystem\system\View\View.php(214): include('F:\\Learn PHP\\To...')
#3 F:\Learn PHP\Tools\XAMPP\htdocs\onlineExamSystem\system\View\View.php(217): CodeIgniter\View\View->CodeIgniter\View\{closure}()
#4 F:\Learn PHP\Tools\XAMPP\htdocs\onlineExamSystem\system\Common.php(1097): CodeIgniter\View\View->render('welcome_message', Array, true)
#5 F:\Learn PHP\Tools\XAMPP\htdocs\onlineExamSystem\app\Controllers\Student.php(18): view('welcome_message', Array)
#6 F:\Learn PHP\Tools\XAMPP\htdocs\onlineExamSystem\system\CodeIgniter.php(824): App\Controllers\Student->home()
#7 F:\Learn PHP\Tools\XAMPP\htdocs\onlineExamSystem\system\CodeIgniter.php(410): CodeIgniter\CodeIgniter->runController(Object(App\Controllers\Student))
#8 F:\Learn PHP\Tools\XAMPP\htdocs\onlineExamSystem\system\CodeIgniter.php(318): CodeIgniter\CodeIgniter->handleRequest(NULL, Object(Config\Cache), false)
#9 F:\Learn PHP\Tools\XAMPP\htdocs\onlineExamSystem\public\index.php(37): CodeIgniter\CodeIgniter->run()
#10 F:\Learn PHP\Tools\XAMPP\htdocs\onlineExamSystem\system\Commands\Server\rewrite.php(43): require_once('F:\\Learn PHP\\To...')
#11 {main}
CRITICAL - 2022-02-23 12:11:09 --> include(templates/header.php): Failed to open stream: No such file or directory
#0 F:\Learn PHP\Tools\XAMPP\htdocs\onlineExamSystem\app\Views\welcome_message.php(1): CodeIgniter\Debug\Exceptions->errorHandler(2, 'include(templat...', 'F:\\Learn PHP\\To...', 1)
#1 F:\Learn PHP\Tools\XAMPP\htdocs\onlineExamSystem\app\Views\welcome_message.php(1): include()
#2 F:\Learn PHP\Tools\XAMPP\htdocs\onlineExamSystem\system\View\View.php(214): include('F:\\Learn PHP\\To...')
#3 F:\Learn PHP\Tools\XAMPP\htdocs\onlineExamSystem\system\View\View.php(217): CodeIgniter\View\View->CodeIgniter\View\{closure}()
#4 F:\Learn PHP\Tools\XAMPP\htdocs\onlineExamSystem\system\Common.php(1097): CodeIgniter\View\View->render('welcome_message', Array, true)
#5 F:\Learn PHP\Tools\XAMPP\htdocs\onlineExamSystem\app\Controllers\Student.php(18): view('welcome_message', Array)
#6 F:\Learn PHP\Tools\XAMPP\htdocs\onlineExamSystem\system\CodeIgniter.php(824): App\Controllers\Student->home()
#7 F:\Learn PHP\Tools\XAMPP\htdocs\onlineExamSystem\system\CodeIgniter.php(410): CodeIgniter\CodeIgniter->runController(Object(App\Controllers\Student))
#8 F:\Learn PHP\Tools\XAMPP\htdocs\onlineExamSystem\system\CodeIgniter.php(318): CodeIgniter\CodeIgniter->handleRequest(NULL, Object(Config\Cache), false)
#9 F:\Learn PHP\Tools\XAMPP\htdocs\onlineExamSystem\public\index.php(37): CodeIgniter\CodeIgniter->run()
#10 F:\Learn PHP\Tools\XAMPP\htdocs\onlineExamSystem\system\Commands\Server\rewrite.php(43): require_once('F:\\Learn PHP\\To...')
#11 {main}
CRITICAL - 2022-02-23 12:11:10 --> include(templates/header.php): Failed to open stream: No such file or directory
#0 F:\Learn PHP\Tools\XAMPP\htdocs\onlineExamSystem\app\Views\welcome_message.php(1): CodeIgniter\Debug\Exceptions->errorHandler(2, 'include(templat...', 'F:\\Learn PHP\\To...', 1)
#1 F:\Learn PHP\Tools\XAMPP\htdocs\onlineExamSystem\app\Views\welcome_message.php(1): include()
#2 F:\Learn PHP\Tools\XAMPP\htdocs\onlineExamSystem\system\View\View.php(214): include('F:\\Learn PHP\\To...')
#3 F:\Learn PHP\Tools\XAMPP\htdocs\onlineExamSystem\system\View\View.php(217): CodeIgniter\View\View->CodeIgniter\View\{closure}()
#4 F:\Learn PHP\Tools\XAMPP\htdocs\onlineExamSystem\system\Common.php(1097): CodeIgniter\View\View->render('welcome_message', Array, true)
#5 F:\Learn PHP\Tools\XAMPP\htdocs\onlineExamSystem\app\Controllers\Student.php(18): view('welcome_message', Array)
#6 F:\Learn PHP\Tools\XAMPP\htdocs\onlineExamSystem\system\CodeIgniter.php(824): App\Controllers\Student->home()
#7 F:\Learn PHP\Tools\XAMPP\htdocs\onlineExamSystem\system\CodeIgniter.php(410): CodeIgniter\CodeIgniter->runController(Object(App\Controllers\Student))
#8 F:\Learn PHP\Tools\XAMPP\htdocs\onlineExamSystem\system\CodeIgniter.php(318): CodeIgniter\CodeIgniter->handleRequest(NULL, Object(Config\Cache), false)
#9 F:\Learn PHP\Tools\XAMPP\htdocs\onlineExamSystem\public\index.php(37): CodeIgniter\CodeIgniter->run()
#10 F:\Learn PHP\Tools\XAMPP\htdocs\onlineExamSystem\system\Commands\Server\rewrite.php(43): require_once('F:\\Learn PHP\\To...')
#11 {main}
CRITICAL - 2022-02-23 12:16:52 --> Invalid file: courses.php
#0 F:\Learn PHP\Tools\XAMPP\htdocs\onlineExamSystem\system\View\View.php(198): CodeIgniter\Exceptions\FrameworkException::forInvalidFile('courses.php')
#1 F:\Learn PHP\Tools\XAMPP\htdocs\onlineExamSystem\system\Common.php(1097): CodeIgniter\View\View->render('courses', Array, true)
#2 F:\Learn PHP\Tools\XAMPP\htdocs\onlineExamSystem\app\Controllers\Student.php(28): view('courses', Array)
#3 F:\Learn PHP\Tools\XAMPP\htdocs\onlineExamSystem\system\CodeIgniter.php(824): App\Controllers\Student->courses()
#4 F:\Learn PHP\Tools\XAMPP\htdocs\onlineExamSystem\system\CodeIgniter.php(410): CodeIgniter\CodeIgniter->runController(Object(App\Controllers\Student))
#5 F:\Learn PHP\Tools\XAMPP\htdocs\onlineExamSystem\system\CodeIgniter.php(318): CodeIgniter\CodeIgniter->handleRequest(NULL, Object(Config\Cache), false)
#6 F:\Learn PHP\Tools\XAMPP\htdocs\onlineExamSystem\public\index.php(37): CodeIgniter\CodeIgniter->run()
#7 F:\Learn PHP\Tools\XAMPP\htdocs\onlineExamSystem\system\Commands\Server\rewrite.php(43): require_once('F:\\Learn PHP\\To...')
#8 {main}
CRITICAL - 2022-02-23 12:17:58 --> include(templates/header.php): Failed to open stream: No such file or directory
#0 F:\Learn PHP\Tools\XAMPP\htdocs\onlineExamSystem\app\Views\courses.php(1): CodeIgniter\Debug\Exceptions->errorHandler(2, 'include(templat...', 'F:\\Learn PHP\\To...', 1)
#1 F:\Learn PHP\Tools\XAMPP\htdocs\onlineExamSystem\app\Views\courses.php(1): include()
#2 F:\Learn PHP\Tools\XAMPP\htdocs\onlineExamSystem\system\View\View.php(214): include('F:\\Learn PHP\\To...')
#3 F:\Learn PHP\Tools\XAMPP\htdocs\onlineExamSystem\system\View\View.php(217): CodeIgniter\View\View->CodeIgniter\View\{closure}()
#4 F:\Learn PHP\Tools\XAMPP\htdocs\onlineExamSystem\system\Common.php(1097): CodeIgniter\View\View->render('courses', Array, true)
#5 F:\Learn PHP\Tools\XAMPP\htdocs\onlineExamSystem\app\Controllers\Student.php(28): view('courses', Array)
#6 F:\Learn PHP\Tools\XAMPP\htdocs\onlineExamSystem\system\CodeIgniter.php(824): App\Controllers\Student->courses()
#7 F:\Learn PHP\Tools\XAMPP\htdocs\onlineExamSystem\system\CodeIgniter.php(410): CodeIgniter\CodeIgniter->runController(Object(App\Controllers\Student))
#8 F:\Learn PHP\Tools\XAMPP\htdocs\onlineExamSystem\system\CodeIgniter.php(318): CodeIgniter\CodeIgniter->handleRequest(NULL, Object(Config\Cache), false)
#9 F:\Learn PHP\Tools\XAMPP\htdocs\onlineExamSystem\public\index.php(37): CodeIgniter\CodeIgniter->run()
#10 F:\Learn PHP\Tools\XAMPP\htdocs\onlineExamSystem\system\Commands\Server\rewrite.php(43): require_once('F:\\Learn PHP\\To...')
#11 {main}
CRITICAL - 2022-02-23 12:17:59 --> include(templates/header.php): Failed to open stream: No such file or directory
#0 F:\Learn PHP\Tools\XAMPP\htdocs\onlineExamSystem\app\Views\courses.php(1): CodeIgniter\Debug\Exceptions->errorHandler(2, 'include(templat...', 'F:\\Learn PHP\\To...', 1)
#1 F:\Learn PHP\Tools\XAMPP\htdocs\onlineExamSystem\app\Views\courses.php(1): include()
#2 F:\Learn PHP\Tools\XAMPP\htdocs\onlineExamSystem\system\View\View.php(214): include('F:\\Learn PHP\\To...')
#3 F:\Learn PHP\Tools\XAMPP\htdocs\onlineExamSystem\system\View\View.php(217): CodeIgniter\View\View->CodeIgniter\View\{closure}()
#4 F:\Learn PHP\Tools\XAMPP\htdocs\onlineExamSystem\system\Common.php(1097): CodeIgniter\View\View->render('courses', Array, true)
#5 F:\Learn PHP\Tools\XAMPP\htdocs\onlineExamSystem\app\Controllers\Student.php(28): view('courses', Array)
#6 F:\Learn PHP\Tools\XAMPP\htdocs\onlineExamSystem\system\CodeIgniter.php(824): App\Controllers\Student->courses()
#7 F:\Learn PHP\Tools\XAMPP\htdocs\onlineExamSystem\system\CodeIgniter.php(410): CodeIgniter\CodeIgniter->runController(Object(App\Controllers\Student))
#8 F:\Learn PHP\Tools\XAMPP\htdocs\onlineExamSystem\system\CodeIgniter.php(318): CodeIgniter\CodeIgniter->handleRequest(NULL, Object(Config\Cache), false)
#9 F:\Learn PHP\Tools\XAMPP\htdocs\onlineExamSystem\public\index.php(37): CodeIgniter\CodeIgniter->run()
#10 F:\Learn PHP\Tools\XAMPP\htdocs\onlineExamSystem\system\Commands\Server\rewrite.php(43): require_once('F:\\Learn PHP\\To...')
#11 {main}
ERROR - 2022-02-23 12:26:11 --> Not unique table/alias: 'course_doctor'
CRITICAL - 2022-02-23 12:26:11 --> Not unique table/alias: 'course_doctor'
#0 F:\Learn PHP\Tools\XAMPP\htdocs\onlineExamSystem\system\Database\MySQLi\Connection.php(292): mysqli->query('SELECT *\nFROM `...', 0)
#1 F:\Learn PHP\Tools\XAMPP\htdocs\onlineExamSystem\system\Database\BaseConnection.php(670): CodeIgniter\Database\MySQLi\Connection->execute('SELECT *\nFROM `...')
#2 F:\Learn PHP\Tools\XAMPP\htdocs\onlineExamSystem\system\Database\BaseConnection.php(598): CodeIgniter\Database\BaseConnection->simpleQuery('SELECT *\nFROM `...')
#3 F:\Learn PHP\Tools\XAMPP\htdocs\onlineExamSystem\system\Database\BaseBuilder.php(1443): CodeIgniter\Database\BaseConnection->query('SELECT *\nFROM `...', Array, false)
#4 F:\Learn PHP\Tools\XAMPP\htdocs\onlineExamSystem\app\Models\DoctorModel.php(42): CodeIgniter\Database\BaseBuilder->get()
#5 F:\Learn PHP\Tools\XAMPP\htdocs\onlineExamSystem\app\Controllers\Doctor.php(27): App\Models\DoctorModel->test('2')
#6 F:\Learn PHP\Tools\XAMPP\htdocs\onlineExamSystem\system\CodeIgniter.php(824): App\Controllers\Doctor->courses()
#7 F:\Learn PHP\Tools\XAMPP\htdocs\onlineExamSystem\system\CodeIgniter.php(410): CodeIgniter\CodeIgniter->runController(Object(App\Controllers\Doctor))
#8 F:\Learn PHP\Tools\XAMPP\htdocs\onlineExamSystem\system\CodeIgniter.php(318): CodeIgniter\CodeIgniter->handleRequest(NULL, Object(Config\Cache), false)
#9 F:\Learn PHP\Tools\XAMPP\htdocs\onlineExamSystem\public\index.php(37): CodeIgniter\CodeIgniter->run()
#10 F:\Learn PHP\Tools\XAMPP\htdocs\onlineExamSystem\system\Commands\Server\rewrite.php(43): require_once('F:\\Learn PHP\\To...')
#11 {main}
ERROR - 2022-02-23 12:26:46 --> Table 'mti_exam_system.courses' doesn't exist
CRITICAL - 2022-02-23 12:26:46 --> Table 'mti_exam_system.courses' doesn't exist
#0 F:\Learn PHP\Tools\XAMPP\htdocs\onlineExamSystem\system\Database\MySQLi\Connection.php(292): mysqli->query('SELECT *\nFROM `...', 0)
#1 F:\Learn PHP\Tools\XAMPP\htdocs\onlineExamSystem\system\Database\BaseConnection.php(670): CodeIgniter\Database\MySQLi\Connection->execute('SELECT *\nFROM `...')
#2 F:\Learn PHP\Tools\XAMPP\htdocs\onlineExamSystem\system\Database\BaseConnection.php(598): CodeIgniter\Database\BaseConnection->simpleQuery('SELECT *\nFROM `...')
#3 F:\Learn PHP\Tools\XAMPP\htdocs\onlineExamSystem\system\Database\BaseBuilder.php(1443): CodeIgniter\Database\BaseConnection->query('SELECT *\nFROM `...', Array, false)
#4 F:\Learn PHP\Tools\XAMPP\htdocs\onlineExamSystem\app\Models\DoctorModel.php(42): CodeIgniter\Database\BaseBuilder->get()
#5 F:\Learn PHP\Tools\XAMPP\htdocs\onlineExamSystem\app\Controllers\Doctor.php(27): App\Models\DoctorModel->test('2')
#6 F:\Learn PHP\Tools\XAMPP\htdocs\onlineExamSystem\system\CodeIgniter.php(824): App\Controllers\Doctor->courses()
#7 F:\Learn PHP\Tools\XAMPP\htdocs\onlineExamSystem\system\CodeIgniter.php(410): CodeIgniter\CodeIgniter->runController(Object(App\Controllers\Doctor))
#8 F:\Learn PHP\Tools\XAMPP\htdocs\onlineExamSystem\system\CodeIgniter.php(318): CodeIgniter\CodeIgniter->handleRequest(NULL, Object(Config\Cache), false)
#9 F:\Learn PHP\Tools\XAMPP\htdocs\onlineExamSystem\public\index.php(37): CodeIgniter\CodeIgniter->run()
#10 F:\Learn PHP\Tools\XAMPP\htdocs\onlineExamSystem\system\Commands\Server\rewrite.php(43): require_once('F:\\Learn PHP\\To...')
#11 {main}
