CRITICAL - 2021-12-27 01:13:01 --> Cannot use object of type mysqli as array
#0 F:\Learn PHP\Tools\XAMPP\htdocs\onlineExamSystem\app\Controllers\Login.php(53): App\Models\AdminModel->adminExist('mohamed@admin.c...', '$2y$10$gMbosoK4...')
#1 F:\Learn PHP\Tools\XAMPP\htdocs\onlineExamSystem\system\CodeIgniter.php(824): App\Controllers\Login->showRow()
#2 F:\Learn PHP\Tools\XAMPP\htdocs\onlineExamSystem\system\CodeIgniter.php(410): CodeIgniter\CodeIgniter->runController(Object(App\Controllers\Login))
#3 F:\Learn PHP\Tools\XAMPP\htdocs\onlineExamSystem\system\CodeIgniter.php(318): CodeIgniter\CodeIgniter->handleRequest(NULL, Object(Config\Cache), false)
#4 F:\Learn PHP\Tools\XAMPP\htdocs\onlineExamSystem\public\index.php(37): CodeIgniter\CodeIgniter->run()
#5 F:\Learn PHP\Tools\XAMPP\htdocs\onlineExamSystem\system\Commands\Server\rewrite.php(43): require_once('F:\\Learn PHP\\To...')
#6 {main}
CRITICAL - 2021-12-27 01:14:07 --> Object of class mysqli could not be converted to string
#0 F:\Learn PHP\Tools\XAMPP\htdocs\onlineExamSystem\app\Controllers\Login.php(53): App\Models\AdminModel->adminExist('mohamed@admin.c...', '$2y$10$gMbosoK4...')
#1 F:\Learn PHP\Tools\XAMPP\htdocs\onlineExamSystem\system\CodeIgniter.php(824): App\Controllers\Login->showRow()
#2 F:\Learn PHP\Tools\XAMPP\htdocs\onlineExamSystem\system\CodeIgniter.php(410): CodeIgniter\CodeIgniter->runController(Object(App\Controllers\Login))
#3 F:\Learn PHP\Tools\XAMPP\htdocs\onlineExamSystem\system\CodeIgniter.php(318): CodeIgniter\CodeIgniter->handleRequest(NULL, Object(Config\Cache), false)
#4 F:\Learn PHP\Tools\XAMPP\htdocs\onlineExamSystem\public\index.php(37): CodeIgniter\CodeIgniter->run()
#5 F:\Learn PHP\Tools\XAMPP\htdocs\onlineExamSystem\system\Commands\Server\rewrite.php(43): require_once('F:\\Learn PHP\\To...')
#6 {main}
CRITICAL - 2021-12-27 01:14:28 --> Object of class mysqli could not be converted to string
#0 F:\Learn PHP\Tools\XAMPP\htdocs\onlineExamSystem\app\Controllers\Login.php(53): App\Models\AdminModel->adminExist('mohamed@admin.c...', '$2y$10$gMbosoK4...')
#1 F:\Learn PHP\Tools\XAMPP\htdocs\onlineExamSystem\system\CodeIgniter.php(824): App\Controllers\Login->showRow()
#2 F:\Learn PHP\Tools\XAMPP\htdocs\onlineExamSystem\system\CodeIgniter.php(410): CodeIgniter\CodeIgniter->runController(Object(App\Controllers\Login))
#3 F:\Learn PHP\Tools\XAMPP\htdocs\onlineExamSystem\system\CodeIgniter.php(318): CodeIgniter\CodeIgniter->handleRequest(NULL, Object(Config\Cache), false)
#4 F:\Learn PHP\Tools\XAMPP\htdocs\onlineExamSystem\public\index.php(37): CodeIgniter\CodeIgniter->run()
#5 F:\Learn PHP\Tools\XAMPP\htdocs\onlineExamSystem\system\Commands\Server\rewrite.php(43): require_once('F:\\Learn PHP\\To...')
#6 {main}
CRITICAL - 2021-12-27 01:17:25 --> syntax error, unexpected identifier "print_r"
#0 F:\Learn PHP\Tools\XAMPP\htdocs\onlineExamSystem\system\Autoloader\Autoloader.php(241): CodeIgniter\Autoloader\Autoloader->includeFile('F:\\Learn PHP\\To...')
#1 F:\Learn PHP\Tools\XAMPP\htdocs\onlineExamSystem\system\Autoloader\Autoloader.php(219): CodeIgniter\Autoloader\Autoloader->loadInNamespace('App\\Models\\Admi...')
#2 [internal function]: CodeIgniter\Autoloader\Autoloader->loadClass('App\\Models\\Admi...')
#3 F:\Learn PHP\Tools\XAMPP\htdocs\onlineExamSystem\system\Config\Factories.php(136): class_exists('App\\Models\\Admi...')
#4 F:\Learn PHP\Tools\XAMPP\htdocs\onlineExamSystem\system\Config\Factories.php(106): CodeIgniter\Config\Factories::locateClass(Array, 'App\\Models\\Admi...')
#5 F:\Learn PHP\Tools\XAMPP\htdocs\onlineExamSystem\system\Common.php(783): CodeIgniter\Config\Factories::__callStatic('models', Array)
#6 F:\Learn PHP\Tools\XAMPP\htdocs\onlineExamSystem\app\Controllers\Login.php(36): model('App\\Models\\Admi...')
#7 F:\Learn PHP\Tools\XAMPP\htdocs\onlineExamSystem\system\CodeIgniter.php(824): App\Controllers\Login->showRow()
#8 F:\Learn PHP\Tools\XAMPP\htdocs\onlineExamSystem\system\CodeIgniter.php(410): CodeIgniter\CodeIgniter->runController(Object(App\Controllers\Login))
#9 F:\Learn PHP\Tools\XAMPP\htdocs\onlineExamSystem\system\CodeIgniter.php(318): CodeIgniter\CodeIgniter->handleRequest(NULL, Object(Config\Cache), false)
#10 F:\Learn PHP\Tools\XAMPP\htdocs\onlineExamSystem\public\index.php(37): CodeIgniter\CodeIgniter->run()
#11 F:\Learn PHP\Tools\XAMPP\htdocs\onlineExamSystem\system\Commands\Server\rewrite.php(43): require_once('F:\\Learn PHP\\To...')
#12 {main}
CRITICAL - 2021-12-27 01:17:39 --> mysqli_fetch_assoc(): Argument #1 ($result) must be of type mysqli_result, mysqli given
#0 F:\Learn PHP\Tools\XAMPP\htdocs\onlineExamSystem\app\Models\AdminModel.php(34): mysqli_fetch_assoc(Object(mysqli))
#1 F:\Learn PHP\Tools\XAMPP\htdocs\onlineExamSystem\app\Controllers\Login.php(53): App\Models\AdminModel->adminExist('mohamed@admin.c...', '$2y$10$gMbosoK4...')
#2 F:\Learn PHP\Tools\XAMPP\htdocs\onlineExamSystem\system\CodeIgniter.php(824): App\Controllers\Login->showRow()
#3 F:\Learn PHP\Tools\XAMPP\htdocs\onlineExamSystem\system\CodeIgniter.php(410): CodeIgniter\CodeIgniter->runController(Object(App\Controllers\Login))
#4 F:\Learn PHP\Tools\XAMPP\htdocs\onlineExamSystem\system\CodeIgniter.php(318): CodeIgniter\CodeIgniter->handleRequest(NULL, Object(Config\Cache), false)
#5 F:\Learn PHP\Tools\XAMPP\htdocs\onlineExamSystem\public\index.php(37): CodeIgniter\CodeIgniter->run()
#6 F:\Learn PHP\Tools\XAMPP\htdocs\onlineExamSystem\system\Commands\Server\rewrite.php(43): require_once('F:\\Learn PHP\\To...')
#7 {main}
CRITICAL - 2021-12-27 01:18:10 --> Undefined variable $data
#0 F:\Learn PHP\Tools\XAMPP\htdocs\onlineExamSystem\app\Models\AdminModel.php(44): CodeIgniter\Debug\Exceptions->errorHandler(2, 'Undefined varia...', 'F:\\Learn PHP\\To...', 44)
#1 F:\Learn PHP\Tools\XAMPP\htdocs\onlineExamSystem\app\Controllers\Login.php(53): App\Models\AdminModel->adminExist('mohamed@admin.c...', '$2y$10$gMbosoK4...')
#2 F:\Learn PHP\Tools\XAMPP\htdocs\onlineExamSystem\system\CodeIgniter.php(824): App\Controllers\Login->showRow()
#3 F:\Learn PHP\Tools\XAMPP\htdocs\onlineExamSystem\system\CodeIgniter.php(410): CodeIgniter\CodeIgniter->runController(Object(App\Controllers\Login))
#4 F:\Learn PHP\Tools\XAMPP\htdocs\onlineExamSystem\system\CodeIgniter.php(318): CodeIgniter\CodeIgniter->handleRequest(NULL, Object(Config\Cache), false)
#5 F:\Learn PHP\Tools\XAMPP\htdocs\onlineExamSystem\public\index.php(37): CodeIgniter\CodeIgniter->run()
#6 F:\Learn PHP\Tools\XAMPP\htdocs\onlineExamSystem\system\Commands\Server\rewrite.php(43): require_once('F:\\Learn PHP\\To...')
#7 {main}
CRITICAL - 2021-12-27 01:22:00 --> Call to undefined method CodeIgniter\Database\MySQLi\Builder::getResultArray()
#0 F:\Learn PHP\Tools\XAMPP\htdocs\onlineExamSystem\app\Controllers\Login.php(53): App\Models\AdminModel->adminExist('mohamed@admin.c...', '$2y$10$gMbosoK4...')
#1 F:\Learn PHP\Tools\XAMPP\htdocs\onlineExamSystem\system\CodeIgniter.php(824): App\Controllers\Login->showRow()
#2 F:\Learn PHP\Tools\XAMPP\htdocs\onlineExamSystem\system\CodeIgniter.php(410): CodeIgniter\CodeIgniter->runController(Object(App\Controllers\Login))
#3 F:\Learn PHP\Tools\XAMPP\htdocs\onlineExamSystem\system\CodeIgniter.php(318): CodeIgniter\CodeIgniter->handleRequest(NULL, Object(Config\Cache), false)
#4 F:\Learn PHP\Tools\XAMPP\htdocs\onlineExamSystem\public\index.php(37): CodeIgniter\CodeIgniter->run()
#5 F:\Learn PHP\Tools\XAMPP\htdocs\onlineExamSystem\system\Commands\Server\rewrite.php(43): require_once('F:\\Learn PHP\\To...')
#6 {main}
CRITICAL - 2021-12-27 01:22:28 --> Call to undefined method CodeIgniter\Database\MySQLi\Builder::getResult()
#0 F:\Learn PHP\Tools\XAMPP\htdocs\onlineExamSystem\app\Controllers\Login.php(53): App\Models\AdminModel->adminExist('mohamed@admin.c...', '$2y$10$gMbosoK4...')
#1 F:\Learn PHP\Tools\XAMPP\htdocs\onlineExamSystem\system\CodeIgniter.php(824): App\Controllers\Login->showRow()
#2 F:\Learn PHP\Tools\XAMPP\htdocs\onlineExamSystem\system\CodeIgniter.php(410): CodeIgniter\CodeIgniter->runController(Object(App\Controllers\Login))
#3 F:\Learn PHP\Tools\XAMPP\htdocs\onlineExamSystem\system\CodeIgniter.php(318): CodeIgniter\CodeIgniter->handleRequest(NULL, Object(Config\Cache), false)
#4 F:\Learn PHP\Tools\XAMPP\htdocs\onlineExamSystem\public\index.php(37): CodeIgniter\CodeIgniter->run()
#5 F:\Learn PHP\Tools\XAMPP\htdocs\onlineExamSystem\system\Commands\Server\rewrite.php(43): require_once('F:\\Learn PHP\\To...')
#6 {main}
CRITICAL - 2021-12-27 01:28:01 --> Undefined property: mysqli::$admin_email
#0 F:\Learn PHP\Tools\XAMPP\htdocs\onlineExamSystem\app\Models\AdminModel.php(36): CodeIgniter\Debug\Exceptions->errorHandler(2, 'Undefined prope...', 'F:\\Learn PHP\\To...', 36)
#1 F:\Learn PHP\Tools\XAMPP\htdocs\onlineExamSystem\app\Controllers\Login.php(53): App\Models\AdminModel->adminExist('mohamed@admin.c...', '$2y$10$gMbosoK4...')
#2 F:\Learn PHP\Tools\XAMPP\htdocs\onlineExamSystem\system\CodeIgniter.php(824): App\Controllers\Login->showRow()
#3 F:\Learn PHP\Tools\XAMPP\htdocs\onlineExamSystem\system\CodeIgniter.php(410): CodeIgniter\CodeIgniter->runController(Object(App\Controllers\Login))
#4 F:\Learn PHP\Tools\XAMPP\htdocs\onlineExamSystem\system\CodeIgniter.php(318): CodeIgniter\CodeIgniter->handleRequest(NULL, Object(Config\Cache), false)
#5 F:\Learn PHP\Tools\XAMPP\htdocs\onlineExamSystem\public\index.php(37): CodeIgniter\CodeIgniter->run()
#6 F:\Learn PHP\Tools\XAMPP\htdocs\onlineExamSystem\system\Commands\Server\rewrite.php(43): require_once('F:\\Learn PHP\\To...')
#7 {main}
CRITICAL - 2021-12-27 01:30:38 --> Object of class App\Models\AdminModel could not be converted to string
#0 F:\Learn PHP\Tools\XAMPP\htdocs\onlineExamSystem\system\CodeIgniter.php(824): App\Controllers\Login->showRow()
#1 F:\Learn PHP\Tools\XAMPP\htdocs\onlineExamSystem\system\CodeIgniter.php(410): CodeIgniter\CodeIgniter->runController(Object(App\Controllers\Login))
#2 F:\Learn PHP\Tools\XAMPP\htdocs\onlineExamSystem\system\CodeIgniter.php(318): CodeIgniter\CodeIgniter->handleRequest(NULL, Object(Config\Cache), false)
#3 F:\Learn PHP\Tools\XAMPP\htdocs\onlineExamSystem\public\index.php(37): CodeIgniter\CodeIgniter->run()
#4 F:\Learn PHP\Tools\XAMPP\htdocs\onlineExamSystem\system\Commands\Server\rewrite.php(43): require_once('F:\\Learn PHP\\To...')
#5 {main}
CRITICAL - 2021-12-27 01:31:02 --> Undefined property: mysqli::$admin_email
#0 F:\Learn PHP\Tools\XAMPP\htdocs\onlineExamSystem\app\Models\AdminModel.php(36): CodeIgniter\Debug\Exceptions->errorHandler(2, 'Undefined prope...', 'F:\\Learn PHP\\To...', 36)
#1 F:\Learn PHP\Tools\XAMPP\htdocs\onlineExamSystem\app\Controllers\Login.php(56): App\Models\AdminModel->adminExist('mohamed@admin.c...', '$2y$10$gMbosoK4...')
#2 F:\Learn PHP\Tools\XAMPP\htdocs\onlineExamSystem\system\CodeIgniter.php(824): App\Controllers\Login->showRow()
#3 F:\Learn PHP\Tools\XAMPP\htdocs\onlineExamSystem\system\CodeIgniter.php(410): CodeIgniter\CodeIgniter->runController(Object(App\Controllers\Login))
#4 F:\Learn PHP\Tools\XAMPP\htdocs\onlineExamSystem\system\CodeIgniter.php(318): CodeIgniter\CodeIgniter->handleRequest(NULL, Object(Config\Cache), false)
#5 F:\Learn PHP\Tools\XAMPP\htdocs\onlineExamSystem\public\index.php(37): CodeIgniter\CodeIgniter->run()
#6 F:\Learn PHP\Tools\XAMPP\htdocs\onlineExamSystem\system\Commands\Server\rewrite.php(43): require_once('F:\\Learn PHP\\To...')
#7 {main}
CRITICAL - 2021-12-27 01:31:24 --> Call to undefined method App\Models\AdminModel::adminExist
#0 F:\Learn PHP\Tools\XAMPP\htdocs\onlineExamSystem\app\Controllers\Login.php(56): CodeIgniter\Model->__call('adminExist', Array)
#1 F:\Learn PHP\Tools\XAMPP\htdocs\onlineExamSystem\system\CodeIgniter.php(824): App\Controllers\Login->showRow()
#2 F:\Learn PHP\Tools\XAMPP\htdocs\onlineExamSystem\system\CodeIgniter.php(410): CodeIgniter\CodeIgniter->runController(Object(App\Controllers\Login))
#3 F:\Learn PHP\Tools\XAMPP\htdocs\onlineExamSystem\system\CodeIgniter.php(318): CodeIgniter\CodeIgniter->handleRequest(NULL, Object(Config\Cache), false)
#4 F:\Learn PHP\Tools\XAMPP\htdocs\onlineExamSystem\public\index.php(37): CodeIgniter\CodeIgniter->run()
#5 F:\Learn PHP\Tools\XAMPP\htdocs\onlineExamSystem\system\Commands\Server\rewrite.php(43): require_once('F:\\Learn PHP\\To...')
#6 {main}
CRITICAL - 2021-12-27 01:35:24 --> syntax error, unexpected single-quoted string " WHERE admin_email = ", expecting ")"
#0 F:\Learn PHP\Tools\XAMPP\htdocs\onlineExamSystem\system\Autoloader\Autoloader.php(241): CodeIgniter\Autoloader\Autoloader->includeFile('F:\\Learn PHP\\To...')
#1 F:\Learn PHP\Tools\XAMPP\htdocs\onlineExamSystem\system\Autoloader\Autoloader.php(219): CodeIgniter\Autoloader\Autoloader->loadInNamespace('App\\Models\\Admi...')
#2 [internal function]: CodeIgniter\Autoloader\Autoloader->loadClass('App\\Models\\Admi...')
#3 F:\Learn PHP\Tools\XAMPP\htdocs\onlineExamSystem\system\Config\Factories.php(136): class_exists('App\\Models\\Admi...')
#4 F:\Learn PHP\Tools\XAMPP\htdocs\onlineExamSystem\system\Config\Factories.php(106): CodeIgniter\Config\Factories::locateClass(Array, 'App\\Models\\Admi...')
#5 F:\Learn PHP\Tools\XAMPP\htdocs\onlineExamSystem\system\Common.php(783): CodeIgniter\Config\Factories::__callStatic('models', Array)
#6 F:\Learn PHP\Tools\XAMPP\htdocs\onlineExamSystem\app\Controllers\Login.php(36): model('App\\Models\\Admi...')
#7 F:\Learn PHP\Tools\XAMPP\htdocs\onlineExamSystem\system\CodeIgniter.php(824): App\Controllers\Login->showRow()
#8 F:\Learn PHP\Tools\XAMPP\htdocs\onlineExamSystem\system\CodeIgniter.php(410): CodeIgniter\CodeIgniter->runController(Object(App\Controllers\Login))
#9 F:\Learn PHP\Tools\XAMPP\htdocs\onlineExamSystem\system\CodeIgniter.php(318): CodeIgniter\CodeIgniter->handleRequest(NULL, Object(Config\Cache), false)
#10 F:\Learn PHP\Tools\XAMPP\htdocs\onlineExamSystem\public\index.php(37): CodeIgniter\CodeIgniter->run()
#11 F:\Learn PHP\Tools\XAMPP\htdocs\onlineExamSystem\system\Commands\Server\rewrite.php(43): require_once('F:\\Learn PHP\\To...')
#12 {main}
CRITICAL - 2021-12-27 01:35:54 --> syntax error, unexpected single-quoted string " WHERE admin_email = ", expecting ")"
#0 F:\Learn PHP\Tools\XAMPP\htdocs\onlineExamSystem\system\Autoloader\Autoloader.php(241): CodeIgniter\Autoloader\Autoloader->includeFile('F:\\Learn PHP\\To...')
#1 F:\Learn PHP\Tools\XAMPP\htdocs\onlineExamSystem\system\Autoloader\Autoloader.php(219): CodeIgniter\Autoloader\Autoloader->loadInNamespace('App\\Models\\Admi...')
#2 [internal function]: CodeIgniter\Autoloader\Autoloader->loadClass('App\\Models\\Admi...')
#3 F:\Learn PHP\Tools\XAMPP\htdocs\onlineExamSystem\system\Config\Factories.php(136): class_exists('App\\Models\\Admi...')
#4 F:\Learn PHP\Tools\XAMPP\htdocs\onlineExamSystem\system\Config\Factories.php(106): CodeIgniter\Config\Factories::locateClass(Array, 'App\\Models\\Admi...')
#5 F:\Learn PHP\Tools\XAMPP\htdocs\onlineExamSystem\system\Common.php(783): CodeIgniter\Config\Factories::__callStatic('models', Array)
#6 F:\Learn PHP\Tools\XAMPP\htdocs\onlineExamSystem\app\Controllers\Login.php(36): model('App\\Models\\Admi...')
#7 F:\Learn PHP\Tools\XAMPP\htdocs\onlineExamSystem\system\CodeIgniter.php(824): App\Controllers\Login->showRow()
#8 F:\Learn PHP\Tools\XAMPP\htdocs\onlineExamSystem\system\CodeIgniter.php(410): CodeIgniter\CodeIgniter->runController(Object(App\Controllers\Login))
#9 F:\Learn PHP\Tools\XAMPP\htdocs\onlineExamSystem\system\CodeIgniter.php(318): CodeIgniter\CodeIgniter->handleRequest(NULL, Object(Config\Cache), false)
#10 F:\Learn PHP\Tools\XAMPP\htdocs\onlineExamSystem\public\index.php(37): CodeIgniter\CodeIgniter->run()
#11 F:\Learn PHP\Tools\XAMPP\htdocs\onlineExamSystem\system\Commands\Server\rewrite.php(43): require_once('F:\\Learn PHP\\To...')
#12 {main}
CRITICAL - 2021-12-27 01:36:12 --> syntax error, unexpected single-quoted string " WHERE admin_email = ", expecting ")"
#0 F:\Learn PHP\Tools\XAMPP\htdocs\onlineExamSystem\system\Autoloader\Autoloader.php(241): CodeIgniter\Autoloader\Autoloader->includeFile('F:\\Learn PHP\\To...')
#1 F:\Learn PHP\Tools\XAMPP\htdocs\onlineExamSystem\system\Autoloader\Autoloader.php(219): CodeIgniter\Autoloader\Autoloader->loadInNamespace('App\\Models\\Admi...')
#2 [internal function]: CodeIgniter\Autoloader\Autoloader->loadClass('App\\Models\\Admi...')
#3 F:\Learn PHP\Tools\XAMPP\htdocs\onlineExamSystem\system\Config\Factories.php(136): class_exists('App\\Models\\Admi...')
#4 F:\Learn PHP\Tools\XAMPP\htdocs\onlineExamSystem\system\Config\Factories.php(106): CodeIgniter\Config\Factories::locateClass(Array, 'App\\Models\\Admi...')
#5 F:\Learn PHP\Tools\XAMPP\htdocs\onlineExamSystem\system\Common.php(783): CodeIgniter\Config\Factories::__callStatic('models', Array)
#6 F:\Learn PHP\Tools\XAMPP\htdocs\onlineExamSystem\app\Controllers\Login.php(36): model('App\\Models\\Admi...')
#7 F:\Learn PHP\Tools\XAMPP\htdocs\onlineExamSystem\system\CodeIgniter.php(824): App\Controllers\Login->showRow()
#8 F:\Learn PHP\Tools\XAMPP\htdocs\onlineExamSystem\system\CodeIgniter.php(410): CodeIgniter\CodeIgniter->runController(Object(App\Controllers\Login))
#9 F:\Learn PHP\Tools\XAMPP\htdocs\onlineExamSystem\system\CodeIgniter.php(318): CodeIgniter\CodeIgniter->handleRequest(NULL, Object(Config\Cache), false)
#10 F:\Learn PHP\Tools\XAMPP\htdocs\onlineExamSystem\public\index.php(37): CodeIgniter\CodeIgniter->run()
#11 F:\Learn PHP\Tools\XAMPP\htdocs\onlineExamSystem\system\Commands\Server\rewrite.php(43): require_once('F:\\Learn PHP\\To...')
#12 {main}
CRITICAL - 2021-12-27 01:39:28 --> Undefined constant "App\Models\nil"
#0 F:\Learn PHP\Tools\XAMPP\htdocs\onlineExamSystem\app\Controllers\Login.php(51): App\Models\AdminModel->getAdminInfo('mohamed@admin.c...', '$2y$10$gMbosoK4...')
#1 F:\Learn PHP\Tools\XAMPP\htdocs\onlineExamSystem\system\CodeIgniter.php(824): App\Controllers\Login->showRow()
#2 F:\Learn PHP\Tools\XAMPP\htdocs\onlineExamSystem\system\CodeIgniter.php(410): CodeIgniter\CodeIgniter->runController(Object(App\Controllers\Login))
#3 F:\Learn PHP\Tools\XAMPP\htdocs\onlineExamSystem\system\CodeIgniter.php(318): CodeIgniter\CodeIgniter->handleRequest(NULL, Object(Config\Cache), false)
#4 F:\Learn PHP\Tools\XAMPP\htdocs\onlineExamSystem\public\index.php(37): CodeIgniter\CodeIgniter->run()
#5 F:\Learn PHP\Tools\XAMPP\htdocs\onlineExamSystem\system\Commands\Server\rewrite.php(43): require_once('F:\\Learn PHP\\To...')
#6 {main}
CRITICAL - 2021-12-27 01:48:19 --> Undefined variable $request
#0 F:\Learn PHP\Tools\XAMPP\htdocs\onlineExamSystem\app\Controllers\Login.php(52): CodeIgniter\Debug\Exceptions->errorHandler(2, 'Undefined varia...', 'F:\\Learn PHP\\To...', 52)
#1 F:\Learn PHP\Tools\XAMPP\htdocs\onlineExamSystem\system\CodeIgniter.php(824): App\Controllers\Login->showRow()
#2 F:\Learn PHP\Tools\XAMPP\htdocs\onlineExamSystem\system\CodeIgniter.php(410): CodeIgniter\CodeIgniter->runController(Object(App\Controllers\Login))
#3 F:\Learn PHP\Tools\XAMPP\htdocs\onlineExamSystem\system\CodeIgniter.php(318): CodeIgniter\CodeIgniter->handleRequest(NULL, Object(Config\Cache), false)
#4 F:\Learn PHP\Tools\XAMPP\htdocs\onlineExamSystem\public\index.php(37): CodeIgniter\CodeIgniter->run()
#5 F:\Learn PHP\Tools\XAMPP\htdocs\onlineExamSystem\system\Commands\Server\rewrite.php(43): require_once('F:\\Learn PHP\\To...')
#6 {main}
CRITICAL - 2021-12-27 01:51:44 --> Too few arguments to function App\Controllers\Login::__construct(), 0 passed in F:\Learn PHP\Tools\XAMPP\htdocs\onlineExamSystem\system\CodeIgniter.php on line 801 and exactly 1 expected
#0 F:\Learn PHP\Tools\XAMPP\htdocs\onlineExamSystem\system\CodeIgniter.php(801): App\Controllers\Login->__construct()
#1 F:\Learn PHP\Tools\XAMPP\htdocs\onlineExamSystem\system\CodeIgniter.php(401): CodeIgniter\CodeIgniter->createController()
#2 F:\Learn PHP\Tools\XAMPP\htdocs\onlineExamSystem\system\CodeIgniter.php(318): CodeIgniter\CodeIgniter->handleRequest(NULL, Object(Config\Cache), false)
#3 F:\Learn PHP\Tools\XAMPP\htdocs\onlineExamSystem\public\index.php(37): CodeIgniter\CodeIgniter->run()
#4 F:\Learn PHP\Tools\XAMPP\htdocs\onlineExamSystem\system\Commands\Server\rewrite.php(43): require_once('F:\\Learn PHP\\To...')
#5 {main}
CRITICAL - 2021-12-27 01:52:20 --> Undefined variable $request
#0 F:\Learn PHP\Tools\XAMPP\htdocs\onlineExamSystem\app\Controllers\Login.php(58): CodeIgniter\Debug\Exceptions->errorHandler(2, 'Undefined varia...', 'F:\\Learn PHP\\To...', 58)
#1 F:\Learn PHP\Tools\XAMPP\htdocs\onlineExamSystem\system\CodeIgniter.php(824): App\Controllers\Login->showRow()
#2 F:\Learn PHP\Tools\XAMPP\htdocs\onlineExamSystem\system\CodeIgniter.php(410): CodeIgniter\CodeIgniter->runController(Object(App\Controllers\Login))
#3 F:\Learn PHP\Tools\XAMPP\htdocs\onlineExamSystem\system\CodeIgniter.php(318): CodeIgniter\CodeIgniter->handleRequest(NULL, Object(Config\Cache), false)
#4 F:\Learn PHP\Tools\XAMPP\htdocs\onlineExamSystem\public\index.php(37): CodeIgniter\CodeIgniter->run()
#5 F:\Learn PHP\Tools\XAMPP\htdocs\onlineExamSystem\system\Commands\Server\rewrite.php(43): require_once('F:\\Learn PHP\\To...')
#6 {main}
CRITICAL - 2021-12-27 01:54:44 --> Undefined variable $myData
#0 F:\Learn PHP\Tools\XAMPP\htdocs\onlineExamSystem\app\Views\testView\test.php(13): CodeIgniter\Debug\Exceptions->errorHandler(2, 'Undefined varia...', 'F:\\Learn PHP\\To...', 13)
#1 F:\Learn PHP\Tools\XAMPP\htdocs\onlineExamSystem\system\View\View.php(214): include('F:\\Learn PHP\\To...')
#2 F:\Learn PHP\Tools\XAMPP\htdocs\onlineExamSystem\system\View\View.php(217): CodeIgniter\View\View->CodeIgniter\View\{closure}()
#3 F:\Learn PHP\Tools\XAMPP\htdocs\onlineExamSystem\system\Common.php(1097): CodeIgniter\View\View->render('testView/test', Array, true)
#4 F:\Learn PHP\Tools\XAMPP\htdocs\onlineExamSystem\app\Controllers\Login.php(54): view('testView/test')
#5 F:\Learn PHP\Tools\XAMPP\htdocs\onlineExamSystem\system\CodeIgniter.php(824): App\Controllers\Login->showRow()
#6 F:\Learn PHP\Tools\XAMPP\htdocs\onlineExamSystem\system\CodeIgniter.php(410): CodeIgniter\CodeIgniter->runController(Object(App\Controllers\Login))
#7 F:\Learn PHP\Tools\XAMPP\htdocs\onlineExamSystem\system\CodeIgniter.php(318): CodeIgniter\CodeIgniter->handleRequest(NULL, Object(Config\Cache), false)
#8 F:\Learn PHP\Tools\XAMPP\htdocs\onlineExamSystem\public\index.php(37): CodeIgniter\CodeIgniter->run()
#9 F:\Learn PHP\Tools\XAMPP\htdocs\onlineExamSystem\system\Commands\Server\rewrite.php(43): require_once('F:\\Learn PHP\\To...')
#10 {main}
CRITICAL - 2021-12-27 02:07:42 --> Undefined variable $email
#0 F:\Learn PHP\Tools\XAMPP\htdocs\onlineExamSystem\app\Views\testView\test.php(17): CodeIgniter\Debug\Exceptions->errorHandler(2, 'Undefined varia...', 'F:\\Learn PHP\\To...', 17)
#1 F:\Learn PHP\Tools\XAMPP\htdocs\onlineExamSystem\system\View\View.php(214): include('F:\\Learn PHP\\To...')
#2 F:\Learn PHP\Tools\XAMPP\htdocs\onlineExamSystem\system\View\View.php(217): CodeIgniter\View\View->CodeIgniter\View\{closure}()
#3 F:\Learn PHP\Tools\XAMPP\htdocs\onlineExamSystem\system\Common.php(1097): CodeIgniter\View\View->render('testView/test', Array, true)
#4 F:\Learn PHP\Tools\XAMPP\htdocs\onlineExamSystem\app\Controllers\Login.php(75): view('testView/test')
#5 F:\Learn PHP\Tools\XAMPP\htdocs\onlineExamSystem\system\CodeIgniter.php(824): App\Controllers\Login->showRow()
#6 F:\Learn PHP\Tools\XAMPP\htdocs\onlineExamSystem\system\CodeIgniter.php(410): CodeIgniter\CodeIgniter->runController(Object(App\Controllers\Login))
#7 F:\Learn PHP\Tools\XAMPP\htdocs\onlineExamSystem\system\CodeIgniter.php(318): CodeIgniter\CodeIgniter->handleRequest(NULL, Object(Config\Cache), false)
#8 F:\Learn PHP\Tools\XAMPP\htdocs\onlineExamSystem\public\index.php(37): CodeIgniter\CodeIgniter->run()
#9 F:\Learn PHP\Tools\XAMPP\htdocs\onlineExamSystem\system\Commands\Server\rewrite.php(43): require_once('F:\\Learn PHP\\To...')
#10 {main}
CRITICAL - 2021-12-27 02:10:27 --> syntax error, unexpected token ";"
#0 F:\Learn PHP\Tools\XAMPP\htdocs\onlineExamSystem\system\Router\Router.php(176): CodeIgniter\Router\Router->autoRoute('Login/showRow')
#1 F:\Learn PHP\Tools\XAMPP\htdocs\onlineExamSystem\system\CodeIgniter.php(718): CodeIgniter\Router\Router->handle('Login/showRow')
#2 F:\Learn PHP\Tools\XAMPP\htdocs\onlineExamSystem\system\CodeIgniter.php(359): CodeIgniter\CodeIgniter->tryToRouteIt(Object(CodeIgniter\Router\RouteCollection))
#3 F:\Learn PHP\Tools\XAMPP\htdocs\onlineExamSystem\system\CodeIgniter.php(318): CodeIgniter\CodeIgniter->handleRequest(NULL, Object(Config\Cache), false)
#4 F:\Learn PHP\Tools\XAMPP\htdocs\onlineExamSystem\public\index.php(37): CodeIgniter\CodeIgniter->run()
#5 F:\Learn PHP\Tools\XAMPP\htdocs\onlineExamSystem\system\Commands\Server\rewrite.php(43): require_once('F:\\Learn PHP\\To...')
#6 {main}
