CRITICAL - 2021-12-26 17:00:51 --> syntax error, unexpected variable "$userModel", expecting "function" or "const"
#0 F:\Learn PHP\Tools\XAMPP\htdocs\onlineExamSystem\system\Router\Router.php(176): CodeIgniter\Router\Router->autoRoute('Login/loginX')
#1 F:\Learn PHP\Tools\XAMPP\htdocs\onlineExamSystem\system\CodeIgniter.php(718): CodeIgniter\Router\Router->handle('Login/loginX')
#2 F:\Learn PHP\Tools\XAMPP\htdocs\onlineExamSystem\system\CodeIgniter.php(359): CodeIgniter\CodeIgniter->tryToRouteIt(Object(CodeIgniter\Router\RouteCollection))
#3 F:\Learn PHP\Tools\XAMPP\htdocs\onlineExamSystem\system\CodeIgniter.php(318): CodeIgniter\CodeIgniter->handleRequest(NULL, Object(Config\Cache), false)
#4 F:\Learn PHP\Tools\XAMPP\htdocs\onlineExamSystem\public\index.php(37): CodeIgniter\CodeIgniter->run()
#5 F:\Learn PHP\Tools\XAMPP\htdocs\onlineExamSystem\system\Commands\Server\rewrite.php(43): require_once('F:\\Learn PHP\\To...')
#6 {main}
CRITICAL - 2021-12-26 17:02:19 --> Undefined variable $title
#0 F:\Learn PHP\Tools\XAMPP\htdocs\onlineExamSystem\app\Views\templates\header.php(4): CodeIgniter\Debug\Exceptions->errorHandler(2, 'Undefined varia...', 'F:\\Learn PHP\\To...', 4)
#1 F:\Learn PHP\Tools\XAMPP\htdocs\onlineExamSystem\system\View\View.php(214): include('F:\\Learn PHP\\To...')
#2 F:\Learn PHP\Tools\XAMPP\htdocs\onlineExamSystem\system\View\View.php(217): CodeIgniter\View\View->CodeIgniter\View\{closure}()
#3 F:\Learn PHP\Tools\XAMPP\htdocs\onlineExamSystem\system\Common.php(1097): CodeIgniter\View\View->render('templates/heade...', Array, true)
#4 F:\Learn PHP\Tools\XAMPP\htdocs\onlineExamSystem\app\Controllers\Login.php(27): view('templates/heade...')
#5 F:\Learn PHP\Tools\XAMPP\htdocs\onlineExamSystem\system\CodeIgniter.php(824): App\Controllers\Login->loginX()
#6 F:\Learn PHP\Tools\XAMPP\htdocs\onlineExamSystem\system\CodeIgniter.php(410): CodeIgniter\CodeIgniter->runController(Object(App\Controllers\Login))
#7 F:\Learn PHP\Tools\XAMPP\htdocs\onlineExamSystem\system\CodeIgniter.php(318): CodeIgniter\CodeIgniter->handleRequest(NULL, Object(Config\Cache), false)
#8 F:\Learn PHP\Tools\XAMPP\htdocs\onlineExamSystem\public\index.php(37): CodeIgniter\CodeIgniter->run()
#9 F:\Learn PHP\Tools\XAMPP\htdocs\onlineExamSystem\system\Commands\Server\rewrite.php(43): require_once('F:\\Learn PHP\\To...')
#10 {main}
CRITICAL - 2021-12-26 17:05:28 --> Invalid file: login/.php
#0 F:\Learn PHP\Tools\XAMPP\htdocs\onlineExamSystem\system\View\View.php(198): CodeIgniter\Exceptions\FrameworkException::forInvalidFile('login/.php')
#1 F:\Learn PHP\Tools\XAMPP\htdocs\onlineExamSystem\system\Common.php(1097): CodeIgniter\View\View->render('login/', Array, true)
#2 F:\Learn PHP\Tools\XAMPP\htdocs\onlineExamSystem\app\Controllers\Login.php(25): view('login/')
#3 F:\Learn PHP\Tools\XAMPP\htdocs\onlineExamSystem\system\CodeIgniter.php(824): App\Controllers\Login->loginX()
#4 F:\Learn PHP\Tools\XAMPP\htdocs\onlineExamSystem\system\CodeIgniter.php(410): CodeIgniter\CodeIgniter->runController(Object(App\Controllers\Login))
#5 F:\Learn PHP\Tools\XAMPP\htdocs\onlineExamSystem\system\CodeIgniter.php(318): CodeIgniter\CodeIgniter->handleRequest(NULL, Object(Config\Cache), false)
#6 F:\Learn PHP\Tools\XAMPP\htdocs\onlineExamSystem\public\index.php(37): CodeIgniter\CodeIgniter->run()
#7 F:\Learn PHP\Tools\XAMPP\htdocs\onlineExamSystem\system\Commands\Server\rewrite.php(43): require_once('F:\\Learn PHP\\To...')
#8 {main}
CRITICAL - 2021-12-26 21:25:08 --> syntax error, unexpected variable "$adminModel", expecting "function" or "const"
#0 F:\Learn PHP\Tools\XAMPP\htdocs\onlineExamSystem\system\Router\Router.php(176): CodeIgniter\Router\Router->autoRoute('Login/showR/ow')
#1 F:\Learn PHP\Tools\XAMPP\htdocs\onlineExamSystem\system\CodeIgniter.php(718): CodeIgniter\Router\Router->handle('Login/showR/ow')
#2 F:\Learn PHP\Tools\XAMPP\htdocs\onlineExamSystem\system\CodeIgniter.php(359): CodeIgniter\CodeIgniter->tryToRouteIt(Object(CodeIgniter\Router\RouteCollection))
#3 F:\Learn PHP\Tools\XAMPP\htdocs\onlineExamSystem\system\CodeIgniter.php(318): CodeIgniter\CodeIgniter->handleRequest(NULL, Object(Config\Cache), false)
#4 F:\Learn PHP\Tools\XAMPP\htdocs\onlineExamSystem\public\index.php(37): CodeIgniter\CodeIgniter->run()
#5 F:\Learn PHP\Tools\XAMPP\htdocs\onlineExamSystem\system\Commands\Server\rewrite.php(43): require_once('F:\\Learn PHP\\To...')
#6 {main}
CRITICAL - 2021-12-26 21:25:12 --> syntax error, unexpected variable "$adminModel", expecting "function" or "const"
#0 F:\Learn PHP\Tools\XAMPP\htdocs\onlineExamSystem\system\Router\Router.php(176): CodeIgniter\Router\Router->autoRoute('Login/showRow')
#1 F:\Learn PHP\Tools\XAMPP\htdocs\onlineExamSystem\system\CodeIgniter.php(718): CodeIgniter\Router\Router->handle('Login/showRow')
#2 F:\Learn PHP\Tools\XAMPP\htdocs\onlineExamSystem\system\CodeIgniter.php(359): CodeIgniter\CodeIgniter->tryToRouteIt(Object(CodeIgniter\Router\RouteCollection))
#3 F:\Learn PHP\Tools\XAMPP\htdocs\onlineExamSystem\system\CodeIgniter.php(318): CodeIgniter\CodeIgniter->handleRequest(NULL, Object(Config\Cache), false)
#4 F:\Learn PHP\Tools\XAMPP\htdocs\onlineExamSystem\public\index.php(37): CodeIgniter\CodeIgniter->run()
#5 F:\Learn PHP\Tools\XAMPP\htdocs\onlineExamSystem\system\Commands\Server\rewrite.php(43): require_once('F:\\Learn PHP\\To...')
#6 {main}
CRITICAL - 2021-12-26 21:25:14 --> syntax error, unexpected variable "$adminModel", expecting "function" or "const"
#0 F:\Learn PHP\Tools\XAMPP\htdocs\onlineExamSystem\system\Router\Router.php(176): CodeIgniter\Router\Router->autoRoute('Login/showRow')
#1 F:\Learn PHP\Tools\XAMPP\htdocs\onlineExamSystem\system\CodeIgniter.php(718): CodeIgniter\Router\Router->handle('Login/showRow')
#2 F:\Learn PHP\Tools\XAMPP\htdocs\onlineExamSystem\system\CodeIgniter.php(359): CodeIgniter\CodeIgniter->tryToRouteIt(Object(CodeIgniter\Router\RouteCollection))
#3 F:\Learn PHP\Tools\XAMPP\htdocs\onlineExamSystem\system\CodeIgniter.php(318): CodeIgniter\CodeIgniter->handleRequest(NULL, Object(Config\Cache), false)
#4 F:\Learn PHP\Tools\XAMPP\htdocs\onlineExamSystem\public\index.php(37): CodeIgniter\CodeIgniter->run()
#5 F:\Learn PHP\Tools\XAMPP\htdocs\onlineExamSystem\system\Commands\Server\rewrite.php(43): require_once('F:\\Learn PHP\\To...')
#6 {main}
CRITICAL - 2021-12-26 21:25:41 --> Call to a member function getAdminInfo() on null
#0 F:\Learn PHP\Tools\XAMPP\htdocs\onlineExamSystem\system\CodeIgniter.php(824): App\Controllers\Login->showRow()
#1 F:\Learn PHP\Tools\XAMPP\htdocs\onlineExamSystem\system\CodeIgniter.php(410): CodeIgniter\CodeIgniter->runController(Object(App\Controllers\Login))
#2 F:\Learn PHP\Tools\XAMPP\htdocs\onlineExamSystem\system\CodeIgniter.php(318): CodeIgniter\CodeIgniter->handleRequest(NULL, Object(Config\Cache), false)
#3 F:\Learn PHP\Tools\XAMPP\htdocs\onlineExamSystem\public\index.php(37): CodeIgniter\CodeIgniter->run()
#4 F:\Learn PHP\Tools\XAMPP\htdocs\onlineExamSystem\system\Commands\Server\rewrite.php(43): require_once('F:\\Learn PHP\\To...')
#5 {main}
CRITICAL - 2021-12-26 21:47:19 --> Class "App\Controllers\AdminModel" not found
#0 F:\Learn PHP\Tools\XAMPP\htdocs\onlineExamSystem\system\CodeIgniter.php(824): App\Controllers\Login->showRow()
#1 F:\Learn PHP\Tools\XAMPP\htdocs\onlineExamSystem\system\CodeIgniter.php(410): CodeIgniter\CodeIgniter->runController(Object(App\Controllers\Login))
#2 F:\Learn PHP\Tools\XAMPP\htdocs\onlineExamSystem\system\CodeIgniter.php(318): CodeIgniter\CodeIgniter->handleRequest(NULL, Object(Config\Cache), false)
#3 F:\Learn PHP\Tools\XAMPP\htdocs\onlineExamSystem\public\index.php(37): CodeIgniter\CodeIgniter->run()
#4 F:\Learn PHP\Tools\XAMPP\htdocs\onlineExamSystem\system\Commands\Server\rewrite.php(43): require_once('F:\\Learn PHP\\To...')
#5 {main}
CRITICAL - 2021-12-26 21:48:20 --> Class "App\Models\AdminModel" not found
#0 F:\Learn PHP\Tools\XAMPP\htdocs\onlineExamSystem\system\CodeIgniter.php(824): App\Controllers\Login->showRow()
#1 F:\Learn PHP\Tools\XAMPP\htdocs\onlineExamSystem\system\CodeIgniter.php(410): CodeIgniter\CodeIgniter->runController(Object(App\Controllers\Login))
#2 F:\Learn PHP\Tools\XAMPP\htdocs\onlineExamSystem\system\CodeIgniter.php(318): CodeIgniter\CodeIgniter->handleRequest(NULL, Object(Config\Cache), false)
#3 F:\Learn PHP\Tools\XAMPP\htdocs\onlineExamSystem\public\index.php(37): CodeIgniter\CodeIgniter->run()
#4 F:\Learn PHP\Tools\XAMPP\htdocs\onlineExamSystem\system\Commands\Server\rewrite.php(43): require_once('F:\\Learn PHP\\To...')
#5 {main}
CRITICAL - 2021-12-26 21:52:33 --> Class "App\Models\AdminModel" not found
#0 F:\Learn PHP\Tools\XAMPP\htdocs\onlineExamSystem\system\CodeIgniter.php(824): App\Controllers\Login->showRow()
#1 F:\Learn PHP\Tools\XAMPP\htdocs\onlineExamSystem\system\CodeIgniter.php(410): CodeIgniter\CodeIgniter->runController(Object(App\Controllers\Login))
#2 F:\Learn PHP\Tools\XAMPP\htdocs\onlineExamSystem\system\CodeIgniter.php(318): CodeIgniter\CodeIgniter->handleRequest(NULL, Object(Config\Cache), false)
#3 F:\Learn PHP\Tools\XAMPP\htdocs\onlineExamSystem\public\index.php(37): CodeIgniter\CodeIgniter->run()
#4 F:\Learn PHP\Tools\XAMPP\htdocs\onlineExamSystem\system\Commands\Server\rewrite.php(43): require_once('F:\\Learn PHP\\To...')
#5 {main}
CRITICAL - 2021-12-26 21:53:25 --> Call to a member function getAdminInfo() on null
#0 F:\Learn PHP\Tools\XAMPP\htdocs\onlineExamSystem\system\CodeIgniter.php(824): App\Controllers\Login->showRow()
#1 F:\Learn PHP\Tools\XAMPP\htdocs\onlineExamSystem\system\CodeIgniter.php(410): CodeIgniter\CodeIgniter->runController(Object(App\Controllers\Login))
#2 F:\Learn PHP\Tools\XAMPP\htdocs\onlineExamSystem\system\CodeIgniter.php(318): CodeIgniter\CodeIgniter->handleRequest(NULL, Object(Config\Cache), false)
#3 F:\Learn PHP\Tools\XAMPP\htdocs\onlineExamSystem\public\index.php(37): CodeIgniter\CodeIgniter->run()
#4 F:\Learn PHP\Tools\XAMPP\htdocs\onlineExamSystem\system\Commands\Server\rewrite.php(43): require_once('F:\\Learn PHP\\To...')
#5 {main}
CRITICAL - 2021-12-26 21:54:28 --> Cannot use isset() on the result of an expression (you can use "null !== expression" instead)
#0 [internal function]: CodeIgniter\Debug\Exceptions->shutdownHandler()
#1 {main}
CRITICAL - 2021-12-26 21:56:23 --> Call to a member function getAdminInfo() on null
#0 F:\Learn PHP\Tools\XAMPP\htdocs\onlineExamSystem\system\CodeIgniter.php(824): App\Controllers\Login->showRow()
#1 F:\Learn PHP\Tools\XAMPP\htdocs\onlineExamSystem\system\CodeIgniter.php(410): CodeIgniter\CodeIgniter->runController(Object(App\Controllers\Login))
#2 F:\Learn PHP\Tools\XAMPP\htdocs\onlineExamSystem\system\CodeIgniter.php(318): CodeIgniter\CodeIgniter->handleRequest(NULL, Object(Config\Cache), false)
#3 F:\Learn PHP\Tools\XAMPP\htdocs\onlineExamSystem\public\index.php(37): CodeIgniter\CodeIgniter->run()
#4 F:\Learn PHP\Tools\XAMPP\htdocs\onlineExamSystem\system\Commands\Server\rewrite.php(43): require_once('F:\\Learn PHP\\To...')
#5 {main}
CRITICAL - 2021-12-26 21:57:09 --> Undefined property: App\Controllers\Login::$adminModel
#0 F:\Learn PHP\Tools\XAMPP\htdocs\onlineExamSystem\app\Controllers\Login.php(36): CodeIgniter\Debug\Exceptions->errorHandler(2, 'Undefined prope...', 'F:\\Learn PHP\\To...', 36)
#1 F:\Learn PHP\Tools\XAMPP\htdocs\onlineExamSystem\system\CodeIgniter.php(824): App\Controllers\Login->showRow()
#2 F:\Learn PHP\Tools\XAMPP\htdocs\onlineExamSystem\system\CodeIgniter.php(410): CodeIgniter\CodeIgniter->runController(Object(App\Controllers\Login))
#3 F:\Learn PHP\Tools\XAMPP\htdocs\onlineExamSystem\system\CodeIgniter.php(318): CodeIgniter\CodeIgniter->handleRequest(NULL, Object(Config\Cache), false)
#4 F:\Learn PHP\Tools\XAMPP\htdocs\onlineExamSystem\public\index.php(37): CodeIgniter\CodeIgniter->run()
#5 F:\Learn PHP\Tools\XAMPP\htdocs\onlineExamSystem\system\Commands\Server\rewrite.php(43): require_once('F:\\Learn PHP\\To...')
#6 {main}
CRITICAL - 2021-12-26 21:58:29 --> Call to a member function getAdminInfo() on null
#0 F:\Learn PHP\Tools\XAMPP\htdocs\onlineExamSystem\system\CodeIgniter.php(824): App\Controllers\Login->showRow()
#1 F:\Learn PHP\Tools\XAMPP\htdocs\onlineExamSystem\system\CodeIgniter.php(410): CodeIgniter\CodeIgniter->runController(Object(App\Controllers\Login))
#2 F:\Learn PHP\Tools\XAMPP\htdocs\onlineExamSystem\system\CodeIgniter.php(318): CodeIgniter\CodeIgniter->handleRequest(NULL, Object(Config\Cache), false)
#3 F:\Learn PHP\Tools\XAMPP\htdocs\onlineExamSystem\public\index.php(37): CodeIgniter\CodeIgniter->run()
#4 F:\Learn PHP\Tools\XAMPP\htdocs\onlineExamSystem\system\Commands\Server\rewrite.php(43): require_once('F:\\Learn PHP\\To...')
#5 {main}
CRITICAL - 2021-12-26 22:01:43 --> Call to a member function getAdminInfo() on null
#0 F:\Learn PHP\Tools\XAMPP\htdocs\onlineExamSystem\system\CodeIgniter.php(824): App\Controllers\Login->showRow()
#1 F:\Learn PHP\Tools\XAMPP\htdocs\onlineExamSystem\system\CodeIgniter.php(410): CodeIgniter\CodeIgniter->runController(Object(App\Controllers\Login))
#2 F:\Learn PHP\Tools\XAMPP\htdocs\onlineExamSystem\system\CodeIgniter.php(318): CodeIgniter\CodeIgniter->handleRequest(NULL, Object(Config\Cache), false)
#3 F:\Learn PHP\Tools\XAMPP\htdocs\onlineExamSystem\public\index.php(37): CodeIgniter\CodeIgniter->run()
#4 F:\Learn PHP\Tools\XAMPP\htdocs\onlineExamSystem\system\Commands\Server\rewrite.php(43): require_once('F:\\Learn PHP\\To...')
#5 {main}
CRITICAL - 2021-12-26 22:06:54 --> Undefined property: App\Controllers\Login::$load
#0 F:\Learn PHP\Tools\XAMPP\htdocs\onlineExamSystem\app\Controllers\Login.php(38): CodeIgniter\Debug\Exceptions->errorHandler(2, 'Undefined prope...', 'F:\\Learn PHP\\To...', 38)
#1 F:\Learn PHP\Tools\XAMPP\htdocs\onlineExamSystem\system\CodeIgniter.php(824): App\Controllers\Login->showRow()
#2 F:\Learn PHP\Tools\XAMPP\htdocs\onlineExamSystem\system\CodeIgniter.php(410): CodeIgniter\CodeIgniter->runController(Object(App\Controllers\Login))
#3 F:\Learn PHP\Tools\XAMPP\htdocs\onlineExamSystem\system\CodeIgniter.php(318): CodeIgniter\CodeIgniter->handleRequest(NULL, Object(Config\Cache), false)
#4 F:\Learn PHP\Tools\XAMPP\htdocs\onlineExamSystem\public\index.php(37): CodeIgniter\CodeIgniter->run()
#5 F:\Learn PHP\Tools\XAMPP\htdocs\onlineExamSystem\system\Commands\Server\rewrite.php(43): require_once('F:\\Learn PHP\\To...')
#6 {main}
CRITICAL - 2021-12-26 22:14:31 --> Class "App\Models\AdminModel" not found
#0 F:\Learn PHP\Tools\XAMPP\htdocs\onlineExamSystem\system\CodeIgniter.php(824): App\Controllers\Login->showRow()
#1 F:\Learn PHP\Tools\XAMPP\htdocs\onlineExamSystem\system\CodeIgniter.php(410): CodeIgniter\CodeIgniter->runController(Object(App\Controllers\Login))
#2 F:\Learn PHP\Tools\XAMPP\htdocs\onlineExamSystem\system\CodeIgniter.php(318): CodeIgniter\CodeIgniter->handleRequest(NULL, Object(Config\Cache), false)
#3 F:\Learn PHP\Tools\XAMPP\htdocs\onlineExamSystem\public\index.php(37): CodeIgniter\CodeIgniter->run()
#4 F:\Learn PHP\Tools\XAMPP\htdocs\onlineExamSystem\system\Commands\Server\rewrite.php(43): require_once('F:\\Learn PHP\\To...')
#5 {main}
CRITICAL - 2021-12-26 22:15:08 --> Class "App\Models\AdminModel" not found
#0 F:\Learn PHP\Tools\XAMPP\htdocs\onlineExamSystem\system\CodeIgniter.php(824): App\Controllers\Login->showRow()
#1 F:\Learn PHP\Tools\XAMPP\htdocs\onlineExamSystem\system\CodeIgniter.php(410): CodeIgniter\CodeIgniter->runController(Object(App\Controllers\Login))
#2 F:\Learn PHP\Tools\XAMPP\htdocs\onlineExamSystem\system\CodeIgniter.php(318): CodeIgniter\CodeIgniter->handleRequest(NULL, Object(Config\Cache), false)
#3 F:\Learn PHP\Tools\XAMPP\htdocs\onlineExamSystem\public\index.php(37): CodeIgniter\CodeIgniter->run()
#4 F:\Learn PHP\Tools\XAMPP\htdocs\onlineExamSystem\system\Commands\Server\rewrite.php(43): require_once('F:\\Learn PHP\\To...')
#5 {main}
CRITICAL - 2021-12-26 22:19:11 --> Class "App\Models\AdminModel" not found
#0 F:\Learn PHP\Tools\XAMPP\htdocs\onlineExamSystem\system\CodeIgniter.php(824): App\Controllers\Login->showRow()
#1 F:\Learn PHP\Tools\XAMPP\htdocs\onlineExamSystem\system\CodeIgniter.php(410): CodeIgniter\CodeIgniter->runController(Object(App\Controllers\Login))
#2 F:\Learn PHP\Tools\XAMPP\htdocs\onlineExamSystem\system\CodeIgniter.php(318): CodeIgniter\CodeIgniter->handleRequest(NULL, Object(Config\Cache), false)
#3 F:\Learn PHP\Tools\XAMPP\htdocs\onlineExamSystem\public\index.php(37): CodeIgniter\CodeIgniter->run()
#4 F:\Learn PHP\Tools\XAMPP\htdocs\onlineExamSystem\system\Commands\Server\rewrite.php(43): require_once('F:\\Learn PHP\\To...')
#5 {main}
CRITICAL - 2021-12-26 22:19:36 --> Call to a member function getAdminInfo() on null
#0 F:\Learn PHP\Tools\XAMPP\htdocs\onlineExamSystem\system\CodeIgniter.php(824): App\Controllers\Login->showRow()
#1 F:\Learn PHP\Tools\XAMPP\htdocs\onlineExamSystem\system\CodeIgniter.php(410): CodeIgniter\CodeIgniter->runController(Object(App\Controllers\Login))
#2 F:\Learn PHP\Tools\XAMPP\htdocs\onlineExamSystem\system\CodeIgniter.php(318): CodeIgniter\CodeIgniter->handleRequest(NULL, Object(Config\Cache), false)
#3 F:\Learn PHP\Tools\XAMPP\htdocs\onlineExamSystem\public\index.php(37): CodeIgniter\CodeIgniter->run()
#4 F:\Learn PHP\Tools\XAMPP\htdocs\onlineExamSystem\system\Commands\Server\rewrite.php(43): require_once('F:\\Learn PHP\\To...')
#5 {main}
CRITICAL - 2021-12-26 22:23:13 --> Call to a member function getAdminInfo() on null
#0 F:\Learn PHP\Tools\XAMPP\htdocs\onlineExamSystem\system\CodeIgniter.php(824): App\Controllers\Login->showRow()
#1 F:\Learn PHP\Tools\XAMPP\htdocs\onlineExamSystem\system\CodeIgniter.php(410): CodeIgniter\CodeIgniter->runController(Object(App\Controllers\Login))
#2 F:\Learn PHP\Tools\XAMPP\htdocs\onlineExamSystem\system\CodeIgniter.php(318): CodeIgniter\CodeIgniter->handleRequest(NULL, Object(Config\Cache), false)
#3 F:\Learn PHP\Tools\XAMPP\htdocs\onlineExamSystem\public\index.php(37): CodeIgniter\CodeIgniter->run()
#4 F:\Learn PHP\Tools\XAMPP\htdocs\onlineExamSystem\system\Commands\Server\rewrite.php(43): require_once('F:\\Learn PHP\\To...')
#5 {main}
CRITICAL - 2021-12-26 22:23:14 --> Call to a member function getAdminInfo() on null
#0 F:\Learn PHP\Tools\XAMPP\htdocs\onlineExamSystem\system\CodeIgniter.php(824): App\Controllers\Login->showRow()
#1 F:\Learn PHP\Tools\XAMPP\htdocs\onlineExamSystem\system\CodeIgniter.php(410): CodeIgniter\CodeIgniter->runController(Object(App\Controllers\Login))
#2 F:\Learn PHP\Tools\XAMPP\htdocs\onlineExamSystem\system\CodeIgniter.php(318): CodeIgniter\CodeIgniter->handleRequest(NULL, Object(Config\Cache), false)
#3 F:\Learn PHP\Tools\XAMPP\htdocs\onlineExamSystem\public\index.php(37): CodeIgniter\CodeIgniter->run()
#4 F:\Learn PHP\Tools\XAMPP\htdocs\onlineExamSystem\system\Commands\Server\rewrite.php(43): require_once('F:\\Learn PHP\\To...')
#5 {main}
CRITICAL - 2021-12-26 22:23:49 --> Class "App\Models\AdminModel" not found
#0 F:\Learn PHP\Tools\XAMPP\htdocs\onlineExamSystem\system\CodeIgniter.php(824): App\Controllers\Login->showRow()
#1 F:\Learn PHP\Tools\XAMPP\htdocs\onlineExamSystem\system\CodeIgniter.php(410): CodeIgniter\CodeIgniter->runController(Object(App\Controllers\Login))
#2 F:\Learn PHP\Tools\XAMPP\htdocs\onlineExamSystem\system\CodeIgniter.php(318): CodeIgniter\CodeIgniter->handleRequest(NULL, Object(Config\Cache), false)
#3 F:\Learn PHP\Tools\XAMPP\htdocs\onlineExamSystem\public\index.php(37): CodeIgniter\CodeIgniter->run()
#4 F:\Learn PHP\Tools\XAMPP\htdocs\onlineExamSystem\system\Commands\Server\rewrite.php(43): require_once('F:\\Learn PHP\\To...')
#5 {main}
CRITICAL - 2021-12-26 22:24:54 --> Class "App\Models\AdminModel" not found
#0 F:\Learn PHP\Tools\XAMPP\htdocs\onlineExamSystem\system\CodeIgniter.php(824): App\Controllers\Login->showRow()
#1 F:\Learn PHP\Tools\XAMPP\htdocs\onlineExamSystem\system\CodeIgniter.php(410): CodeIgniter\CodeIgniter->runController(Object(App\Controllers\Login))
#2 F:\Learn PHP\Tools\XAMPP\htdocs\onlineExamSystem\system\CodeIgniter.php(318): CodeIgniter\CodeIgniter->handleRequest(NULL, Object(Config\Cache), false)
#3 F:\Learn PHP\Tools\XAMPP\htdocs\onlineExamSystem\public\index.php(37): CodeIgniter\CodeIgniter->run()
#4 F:\Learn PHP\Tools\XAMPP\htdocs\onlineExamSystem\system\Commands\Server\rewrite.php(43): require_once('F:\\Learn PHP\\To...')
#5 {main}
CRITICAL - 2021-12-26 22:24:56 --> Class "App\Models\AdminModel" not found
#0 F:\Learn PHP\Tools\XAMPP\htdocs\onlineExamSystem\system\CodeIgniter.php(824): App\Controllers\Login->showRow()
#1 F:\Learn PHP\Tools\XAMPP\htdocs\onlineExamSystem\system\CodeIgniter.php(410): CodeIgniter\CodeIgniter->runController(Object(App\Controllers\Login))
#2 F:\Learn PHP\Tools\XAMPP\htdocs\onlineExamSystem\system\CodeIgniter.php(318): CodeIgniter\CodeIgniter->handleRequest(NULL, Object(Config\Cache), false)
#3 F:\Learn PHP\Tools\XAMPP\htdocs\onlineExamSystem\public\index.php(37): CodeIgniter\CodeIgniter->run()
#4 F:\Learn PHP\Tools\XAMPP\htdocs\onlineExamSystem\system\Commands\Server\rewrite.php(43): require_once('F:\\Learn PHP\\To...')
#5 {main}
CRITICAL - 2021-12-26 22:25:09 --> Cannot use App\Models\AdminModel as AdminModel because the name is already in use
#0 [internal function]: CodeIgniter\Debug\Exceptions->shutdownHandler()
#1 {main}
CRITICAL - 2021-12-26 22:25:48 --> Class "CodeIgniter\Models\AdminModel" not found
#0 F:\Learn PHP\Tools\XAMPP\htdocs\onlineExamSystem\system\CodeIgniter.php(824): App\Controllers\Login->showRow()
#1 F:\Learn PHP\Tools\XAMPP\htdocs\onlineExamSystem\system\CodeIgniter.php(410): CodeIgniter\CodeIgniter->runController(Object(App\Controllers\Login))
#2 F:\Learn PHP\Tools\XAMPP\htdocs\onlineExamSystem\system\CodeIgniter.php(318): CodeIgniter\CodeIgniter->handleRequest(NULL, Object(Config\Cache), false)
#3 F:\Learn PHP\Tools\XAMPP\htdocs\onlineExamSystem\public\index.php(37): CodeIgniter\CodeIgniter->run()
#4 F:\Learn PHP\Tools\XAMPP\htdocs\onlineExamSystem\system\Commands\Server\rewrite.php(43): require_once('F:\\Learn PHP\\To...')
#5 {main}
CRITICAL - 2021-12-26 22:26:45 --> Class "App\Models\AdminModel" not found
#0 F:\Learn PHP\Tools\XAMPP\htdocs\onlineExamSystem\system\CodeIgniter.php(824): App\Controllers\Login->showRow()
#1 F:\Learn PHP\Tools\XAMPP\htdocs\onlineExamSystem\system\CodeIgniter.php(410): CodeIgniter\CodeIgniter->runController(Object(App\Controllers\Login))
#2 F:\Learn PHP\Tools\XAMPP\htdocs\onlineExamSystem\system\CodeIgniter.php(318): CodeIgniter\CodeIgniter->handleRequest(NULL, Object(Config\Cache), false)
#3 F:\Learn PHP\Tools\XAMPP\htdocs\onlineExamSystem\public\index.php(37): CodeIgniter\CodeIgniter->run()
#4 F:\Learn PHP\Tools\XAMPP\htdocs\onlineExamSystem\system\Commands\Server\rewrite.php(43): require_once('F:\\Learn PHP\\To...')
#5 {main}
CRITICAL - 2021-12-26 22:32:25 --> Class "App\Models\AdminModel" not found
#0 F:\Learn PHP\Tools\XAMPP\htdocs\onlineExamSystem\system\CodeIgniter.php(824): App\Controllers\Login->showRow()
#1 F:\Learn PHP\Tools\XAMPP\htdocs\onlineExamSystem\system\CodeIgniter.php(410): CodeIgniter\CodeIgniter->runController(Object(App\Controllers\Login))
#2 F:\Learn PHP\Tools\XAMPP\htdocs\onlineExamSystem\system\CodeIgniter.php(318): CodeIgniter\CodeIgniter->handleRequest(NULL, Object(Config\Cache), false)
#3 F:\Learn PHP\Tools\XAMPP\htdocs\onlineExamSystem\public\index.php(37): CodeIgniter\CodeIgniter->run()
#4 F:\Learn PHP\Tools\XAMPP\htdocs\onlineExamSystem\system\Commands\Server\rewrite.php(43): require_once('F:\\Learn PHP\\To...')
#5 {main}
CRITICAL - 2021-12-26 22:32:30 --> Class "App\Models\AdminModel" not found
#0 F:\Learn PHP\Tools\XAMPP\htdocs\onlineExamSystem\system\CodeIgniter.php(824): App\Controllers\Login->showRow()
#1 F:\Learn PHP\Tools\XAMPP\htdocs\onlineExamSystem\system\CodeIgniter.php(410): CodeIgniter\CodeIgniter->runController(Object(App\Controllers\Login))
#2 F:\Learn PHP\Tools\XAMPP\htdocs\onlineExamSystem\system\CodeIgniter.php(318): CodeIgniter\CodeIgniter->handleRequest(NULL, Object(Config\Cache), false)
#3 F:\Learn PHP\Tools\XAMPP\htdocs\onlineExamSystem\public\index.php(37): CodeIgniter\CodeIgniter->run()
#4 F:\Learn PHP\Tools\XAMPP\htdocs\onlineExamSystem\system\Commands\Server\rewrite.php(43): require_once('F:\\Learn PHP\\To...')
#5 {main}
CRITICAL - 2021-12-26 22:35:14 --> Class "App\Models\AdminModel" not found
#0 F:\Learn PHP\Tools\XAMPP\htdocs\onlineExamSystem\system\CodeIgniter.php(824): App\Controllers\Login->showRow()
#1 F:\Learn PHP\Tools\XAMPP\htdocs\onlineExamSystem\system\CodeIgniter.php(410): CodeIgniter\CodeIgniter->runController(Object(App\Controllers\Login))
#2 F:\Learn PHP\Tools\XAMPP\htdocs\onlineExamSystem\system\CodeIgniter.php(318): CodeIgniter\CodeIgniter->handleRequest(NULL, Object(Config\Cache), false)
#3 F:\Learn PHP\Tools\XAMPP\htdocs\onlineExamSystem\public\index.php(37): CodeIgniter\CodeIgniter->run()
#4 F:\Learn PHP\Tools\XAMPP\htdocs\onlineExamSystem\system\Commands\Server\rewrite.php(43): require_once('F:\\Learn PHP\\To...')
#5 {main}
CRITICAL - 2021-12-26 22:38:19 --> Class "App\Models\BaseController" not found
#0 F:\Learn PHP\Tools\XAMPP\htdocs\onlineExamSystem\system\Router\Router.php(519): include_once()
#1 F:\Learn PHP\Tools\XAMPP\htdocs\onlineExamSystem\system\Router\Router.php(176): CodeIgniter\Router\Router->autoRoute('Login/showRow')
#2 F:\Learn PHP\Tools\XAMPP\htdocs\onlineExamSystem\system\CodeIgniter.php(718): CodeIgniter\Router\Router->handle('Login/showRow')
#3 F:\Learn PHP\Tools\XAMPP\htdocs\onlineExamSystem\system\CodeIgniter.php(359): CodeIgniter\CodeIgniter->tryToRouteIt(Object(CodeIgniter\Router\RouteCollection))
#4 F:\Learn PHP\Tools\XAMPP\htdocs\onlineExamSystem\system\CodeIgniter.php(318): CodeIgniter\CodeIgniter->handleRequest(NULL, Object(Config\Cache), false)
#5 F:\Learn PHP\Tools\XAMPP\htdocs\onlineExamSystem\public\index.php(37): CodeIgniter\CodeIgniter->run()
#6 F:\Learn PHP\Tools\XAMPP\htdocs\onlineExamSystem\system\Commands\Server\rewrite.php(43): require_once('F:\\Learn PHP\\To...')
#7 {main}
CRITICAL - 2021-12-26 22:38:51 --> Class "App\Model\AdminModels\BaseController" not found
#0 F:\Learn PHP\Tools\XAMPP\htdocs\onlineExamSystem\system\Router\Router.php(519): include_once()
#1 F:\Learn PHP\Tools\XAMPP\htdocs\onlineExamSystem\system\Router\Router.php(176): CodeIgniter\Router\Router->autoRoute('Login/showRow')
#2 F:\Learn PHP\Tools\XAMPP\htdocs\onlineExamSystem\system\CodeIgniter.php(718): CodeIgniter\Router\Router->handle('Login/showRow')
#3 F:\Learn PHP\Tools\XAMPP\htdocs\onlineExamSystem\system\CodeIgniter.php(359): CodeIgniter\CodeIgniter->tryToRouteIt(Object(CodeIgniter\Router\RouteCollection))
#4 F:\Learn PHP\Tools\XAMPP\htdocs\onlineExamSystem\system\CodeIgniter.php(318): CodeIgniter\CodeIgniter->handleRequest(NULL, Object(Config\Cache), false)
#5 F:\Learn PHP\Tools\XAMPP\htdocs\onlineExamSystem\public\index.php(37): CodeIgniter\CodeIgniter->run()
#6 F:\Learn PHP\Tools\XAMPP\htdocs\onlineExamSystem\system\Commands\Server\rewrite.php(43): require_once('F:\\Learn PHP\\To...')
#7 {main}
CRITICAL - 2021-12-26 22:39:05 --> Class "App\Models\AdminModel" not found
#0 F:\Learn PHP\Tools\XAMPP\htdocs\onlineExamSystem\system\CodeIgniter.php(824): App\Controllers\Login->showRow()
#1 F:\Learn PHP\Tools\XAMPP\htdocs\onlineExamSystem\system\CodeIgniter.php(410): CodeIgniter\CodeIgniter->runController(Object(App\Controllers\Login))
#2 F:\Learn PHP\Tools\XAMPP\htdocs\onlineExamSystem\system\CodeIgniter.php(318): CodeIgniter\CodeIgniter->handleRequest(NULL, Object(Config\Cache), false)
#3 F:\Learn PHP\Tools\XAMPP\htdocs\onlineExamSystem\public\index.php(37): CodeIgniter\CodeIgniter->run()
#4 F:\Learn PHP\Tools\XAMPP\htdocs\onlineExamSystem\system\Commands\Server\rewrite.php(43): require_once('F:\\Learn PHP\\To...')
#5 {main}
CRITICAL - 2021-12-26 22:39:19 --> Class "App\Models\AdminModel" not found
#0 F:\Learn PHP\Tools\XAMPP\htdocs\onlineExamSystem\system\CodeIgniter.php(824): App\Controllers\Login->showRow()
#1 F:\Learn PHP\Tools\XAMPP\htdocs\onlineExamSystem\system\CodeIgniter.php(410): CodeIgniter\CodeIgniter->runController(Object(App\Controllers\Login))
#2 F:\Learn PHP\Tools\XAMPP\htdocs\onlineExamSystem\system\CodeIgniter.php(318): CodeIgniter\CodeIgniter->handleRequest(NULL, Object(Config\Cache), false)
#3 F:\Learn PHP\Tools\XAMPP\htdocs\onlineExamSystem\public\index.php(37): CodeIgniter\CodeIgniter->run()
#4 F:\Learn PHP\Tools\XAMPP\htdocs\onlineExamSystem\system\Commands\Server\rewrite.php(43): require_once('F:\\Learn PHP\\To...')
#5 {main}
CRITICAL - 2021-12-26 22:41:25 --> Undefined variable $db
#0 F:\Learn PHP\Tools\XAMPP\htdocs\onlineExamSystem\app\Models\ExamModel.php(15): CodeIgniter\Debug\Exceptions->errorHandler(2, 'Undefined varia...', 'F:\\Learn PHP\\To...', 15)
#1 F:\Learn PHP\Tools\XAMPP\htdocs\onlineExamSystem\app\Controllers\Login.php(48): App\Models\ExamModel->__construct()
#2 F:\Learn PHP\Tools\XAMPP\htdocs\onlineExamSystem\system\CodeIgniter.php(824): App\Controllers\Login->showRow()
#3 F:\Learn PHP\Tools\XAMPP\htdocs\onlineExamSystem\system\CodeIgniter.php(410): CodeIgniter\CodeIgniter->runController(Object(App\Controllers\Login))
#4 F:\Learn PHP\Tools\XAMPP\htdocs\onlineExamSystem\system\CodeIgniter.php(318): CodeIgniter\CodeIgniter->handleRequest(NULL, Object(Config\Cache), false)
#5 F:\Learn PHP\Tools\XAMPP\htdocs\onlineExamSystem\public\index.php(37): CodeIgniter\CodeIgniter->run()
#6 F:\Learn PHP\Tools\XAMPP\htdocs\onlineExamSystem\system\Commands\Server\rewrite.php(43): require_once('F:\\Learn PHP\\To...')
#7 {main}
CRITICAL - 2021-12-26 22:41:53 --> Array to string conversion
#0 F:\Learn PHP\Tools\XAMPP\htdocs\onlineExamSystem\app\Views\testView\test.php(10): CodeIgniter\Debug\Exceptions->errorHandler(2, 'Array to string...', 'F:\\Learn PHP\\To...', 10)
#1 F:\Learn PHP\Tools\XAMPP\htdocs\onlineExamSystem\system\View\View.php(214): include('F:\\Learn PHP\\To...')
#2 F:\Learn PHP\Tools\XAMPP\htdocs\onlineExamSystem\system\View\View.php(217): CodeIgniter\View\View->CodeIgniter\View\{closure}()
#3 F:\Learn PHP\Tools\XAMPP\htdocs\onlineExamSystem\system\Common.php(1097): CodeIgniter\View\View->render('testView/test', Array, true)
#4 F:\Learn PHP\Tools\XAMPP\htdocs\onlineExamSystem\app\Controllers\Login.php(55): view('testView/test', Array)
#5 F:\Learn PHP\Tools\XAMPP\htdocs\onlineExamSystem\system\CodeIgniter.php(824): App\Controllers\Login->showRow()
#6 F:\Learn PHP\Tools\XAMPP\htdocs\onlineExamSystem\system\CodeIgniter.php(410): CodeIgniter\CodeIgniter->runController(Object(App\Controllers\Login))
#7 F:\Learn PHP\Tools\XAMPP\htdocs\onlineExamSystem\system\CodeIgniter.php(318): CodeIgniter\CodeIgniter->handleRequest(NULL, Object(Config\Cache), false)
#8 F:\Learn PHP\Tools\XAMPP\htdocs\onlineExamSystem\public\index.php(37): CodeIgniter\CodeIgniter->run()
#9 F:\Learn PHP\Tools\XAMPP\htdocs\onlineExamSystem\system\Commands\Server\rewrite.php(43): require_once('F:\\Learn PHP\\To...')
#10 {main}
CRITICAL - 2021-12-26 22:59:22 --> Class "App\Models\AdminModel" not found
#0 F:\Learn PHP\Tools\XAMPP\htdocs\onlineExamSystem\system\CodeIgniter.php(824): App\Controllers\Login->showRow()
#1 F:\Learn PHP\Tools\XAMPP\htdocs\onlineExamSystem\system\CodeIgniter.php(410): CodeIgniter\CodeIgniter->runController(Object(App\Controllers\Login))
#2 F:\Learn PHP\Tools\XAMPP\htdocs\onlineExamSystem\system\CodeIgniter.php(318): CodeIgniter\CodeIgniter->handleRequest(NULL, Object(Config\Cache), false)
#3 F:\Learn PHP\Tools\XAMPP\htdocs\onlineExamSystem\public\index.php(37): CodeIgniter\CodeIgniter->run()
#4 F:\Learn PHP\Tools\XAMPP\htdocs\onlineExamSystem\system\Commands\Server\rewrite.php(43): require_once('F:\\Learn PHP\\To...')
#5 {main}
CRITICAL - 2021-12-26 23:01:42 --> Class "App\Models\AdminModel" not found
#0 F:\Learn PHP\Tools\XAMPP\htdocs\onlineExamSystem\system\CodeIgniter.php(824): App\Controllers\Login->showRow()
#1 F:\Learn PHP\Tools\XAMPP\htdocs\onlineExamSystem\system\CodeIgniter.php(410): CodeIgniter\CodeIgniter->runController(Object(App\Controllers\Login))
#2 F:\Learn PHP\Tools\XAMPP\htdocs\onlineExamSystem\system\CodeIgniter.php(318): CodeIgniter\CodeIgniter->handleRequest(NULL, Object(Config\Cache), false)
#3 F:\Learn PHP\Tools\XAMPP\htdocs\onlineExamSystem\public\index.php(37): CodeIgniter\CodeIgniter->run()
#4 F:\Learn PHP\Tools\XAMPP\htdocs\onlineExamSystem\system\Commands\Server\rewrite.php(43): require_once('F:\\Learn PHP\\To...')
#5 {main}
CRITICAL - 2021-12-26 23:01:56 --> Class "App\Controllers\ExamModel" not found
#0 F:\Learn PHP\Tools\XAMPP\htdocs\onlineExamSystem\system\CodeIgniter.php(824): App\Controllers\Login->showRow()
#1 F:\Learn PHP\Tools\XAMPP\htdocs\onlineExamSystem\system\CodeIgniter.php(410): CodeIgniter\CodeIgniter->runController(Object(App\Controllers\Login))
#2 F:\Learn PHP\Tools\XAMPP\htdocs\onlineExamSystem\system\CodeIgniter.php(318): CodeIgniter\CodeIgniter->handleRequest(NULL, Object(Config\Cache), false)
#3 F:\Learn PHP\Tools\XAMPP\htdocs\onlineExamSystem\public\index.php(37): CodeIgniter\CodeIgniter->run()
#4 F:\Learn PHP\Tools\XAMPP\htdocs\onlineExamSystem\system\Commands\Server\rewrite.php(43): require_once('F:\\Learn PHP\\To...')
#5 {main}
CRITICAL - 2021-12-26 23:04:25 --> Array to string conversion
#0 F:\Learn PHP\Tools\XAMPP\htdocs\onlineExamSystem\app\Controllers\Login.php(55): CodeIgniter\Debug\Exceptions->errorHandler(2, 'Array to string...', 'F:\\Learn PHP\\To...', 55)
#1 F:\Learn PHP\Tools\XAMPP\htdocs\onlineExamSystem\system\CodeIgniter.php(824): App\Controllers\Login->showRow()
#2 F:\Learn PHP\Tools\XAMPP\htdocs\onlineExamSystem\system\CodeIgniter.php(410): CodeIgniter\CodeIgniter->runController(Object(App\Controllers\Login))
#3 F:\Learn PHP\Tools\XAMPP\htdocs\onlineExamSystem\system\CodeIgniter.php(318): CodeIgniter\CodeIgniter->handleRequest(NULL, Object(Config\Cache), false)
#4 F:\Learn PHP\Tools\XAMPP\htdocs\onlineExamSystem\public\index.php(37): CodeIgniter\CodeIgniter->run()
#5 F:\Learn PHP\Tools\XAMPP\htdocs\onlineExamSystem\system\Commands\Server\rewrite.php(43): require_once('F:\\Learn PHP\\To...')
#6 {main}
CRITICAL - 2021-12-26 23:16:26 --> Cannot use object of type CodeIgniter\Database\MySQLi\Result as array
#0 F:\Learn PHP\Tools\XAMPP\htdocs\onlineExamSystem\app\Controllers\Login.php(53): App\Models\AdminModel->adminExist('mohamed@admin.c...', '$2y$10$gMbosoK4...')
#1 F:\Learn PHP\Tools\XAMPP\htdocs\onlineExamSystem\system\CodeIgniter.php(824): App\Controllers\Login->showRow()
#2 F:\Learn PHP\Tools\XAMPP\htdocs\onlineExamSystem\system\CodeIgniter.php(410): CodeIgniter\CodeIgniter->runController(Object(App\Controllers\Login))
#3 F:\Learn PHP\Tools\XAMPP\htdocs\onlineExamSystem\system\CodeIgniter.php(318): CodeIgniter\CodeIgniter->handleRequest(NULL, Object(Config\Cache), false)
#4 F:\Learn PHP\Tools\XAMPP\htdocs\onlineExamSystem\public\index.php(37): CodeIgniter\CodeIgniter->run()
#5 F:\Learn PHP\Tools\XAMPP\htdocs\onlineExamSystem\system\Commands\Server\rewrite.php(43): require_once('F:\\Learn PHP\\To...')
#6 {main}
CRITICAL - 2021-12-26 23:18:25 --> Cannot use object of type mysqli as array
#0 F:\Learn PHP\Tools\XAMPP\htdocs\onlineExamSystem\app\Controllers\Login.php(53): App\Models\AdminModel->adminExist('mohamed@admin.c...', '$2y$10$gMbosoK4...')
#1 F:\Learn PHP\Tools\XAMPP\htdocs\onlineExamSystem\system\CodeIgniter.php(824): App\Controllers\Login->showRow()
#2 F:\Learn PHP\Tools\XAMPP\htdocs\onlineExamSystem\system\CodeIgniter.php(410): CodeIgniter\CodeIgniter->runController(Object(App\Controllers\Login))
#3 F:\Learn PHP\Tools\XAMPP\htdocs\onlineExamSystem\system\CodeIgniter.php(318): CodeIgniter\CodeIgniter->handleRequest(NULL, Object(Config\Cache), false)
#4 F:\Learn PHP\Tools\XAMPP\htdocs\onlineExamSystem\public\index.php(37): CodeIgniter\CodeIgniter->run()
#5 F:\Learn PHP\Tools\XAMPP\htdocs\onlineExamSystem\system\Commands\Server\rewrite.php(43): require_once('F:\\Learn PHP\\To...')
#6 {main}
